Auflistung der Ordnerpfade fÅr Volume New Volume
Volumeseriennummer : 0061005C AA7E:DD19
D:.
|   LICENSE.md
|   README.md
|   sloc.log
|   theme.toml
|   tree.log
|   
+---archetypes
|       default.md
|       
+---images
|       screenshot.png
|       tn.png
|       
+---layouts
|   |   index.html
|   |   
|   +---partials
|   |       authorsocial.html
|   |       bodyend.html
|   |       doctype.html
|   |       footer.html
|   |       headend.html
|   |       header.html
|   |       listtop.html
|   |       meta.html
|   |       og.html
|   |       sidebar.html
|   |       sidebarheader.html
|   |       singletop.html
|   |       socialsharing.html
|   |       syntaxhighlight.html
|   |       
|   \---_default
|           list.html
|           single.html
|           
\---static
    |   touch-icon-144-precomposed.png
    |   
    +---css
    |       lightbox.css
    |       redlounge.css
    |       rrssb.css
    |       screen.css
    |       
    +---img
    |       close.png
    |       favicon.png
    |       loading.gif
    |       next.png
    |       prev.png
    |       
    \---js
            lightbox.min.js
            rrssb.min.js
            
