Auflistung der Ordnerpfade fÅr Volume New Volume
Volumeseriennummer : 0061005C AA7E:DD19
D:.
|   .editorconfig
|   LICENSE.md
|   Makefile
|   README.md
|   sloc.log
|   theme.toml
|   tree.log
|   
+---archetypes
|       default.md
|       posts.md
|       
+---exampleSite
|   |   config.toml
|   |   
|   +---content
|   |   |   about.md
|   |   |   
|   |   \---posts
|   |           creating-a-new-theme.md
|   |           goisforlovers.md
|   |           hugoisforlovers.md
|   |           migrate-from-jekyll.md
|   |           theme-demo.md
|   |           
|   +---layouts
|   |       .gitkeep
|   |       
|   \---static
|           .gitkeep
|           
+---images
|       screenshot.png
|       tn.png
|       
+---layouts
|   |   404.html
|   |   index.html
|   |   
|   +---partials
|   |       404.html
|   |       footer.html
|   |       header.html
|   |       home.html
|   |       list.html
|   |       page.html
|   |       pagination.html
|   |       post.html
|   |       
|   +---posts
|   |       single.html
|   |       
|   \---_default
|           baseof.html
|           list.html
|           single.html
|           
\---static
    +---css
    |       style.min.css
    |       
    +---images
    |       favicon-16x16.png
    |       favicon-32x32.png
    |       
    \---less
            style.less
            
