Auflistung der Ordnerpfade fÅr Volume New Volume
Volumeseriennummer : 0061005C AA7E:DD19
D:.
|   .gitignore
|   LICENSE.md
|   README.md
|   sloc.log
|   theme.toml
|   tree.log
|   
+---images
|       include-images.png
|       responsive.png
|       screenshot.png
|       tn.png
|       
+---layouts
|   |   404.html
|   |   
|   +---partials
|   |       meta.html
|   |       pagination.html
|   |       sidebar.html
|   |       single_json_ld.html
|   |       single_meta.html
|   |       
|   +---shortcodes
|   |       clear.html
|   |       img.html
|   |       
|   \---_default
|           baseof.html
|           li.html
|           list.html
|           li_sm.html
|           single.html
|           summary.html
|           terms.html
|           
\---static
    \---css
            styles.css
            
