Auflistung der Ordnerpfade fÅr Volume New Volume
Volumeseriennummer : 0061005C AA7E:DD19
D:.
|   config.toml
|   README.md
|   sloc.log
|   theme.toml
|   tree.log
|   
+---archetypes
|       default.md
|       
+---content
|   \---post
|           features.md
|           introducing-allegiant-a-hugo-theme.md
|           
+---images
|       screenshot.png
|       tn.png
|       
+---layouts
|   |   404.html
|   |   index.html
|   |   
|   +---partials
|   |       footer.html
|   |       header.html
|   |       pagination.html
|   |       
|   \---_default
|           li.html
|           list.html
|           single.html
|           
+---public
|   |   404.html
|   |   CNAME
|   |   index.html
|   |   index.xml
|   |   sitemap.xml
|   |   
|   +---css
|   |       font-awesome.min.css
|   |       style.css
|   |       
|   +---fonts
|   |       fontawesome-webfont.eot
|   |       fontawesome-webfont.svg
|   |       fontawesome-webfont.ttf
|   |       fontawesome-webfont.woff
|   |       fontawesome-webfont.woff2
|   |       FontAwesome.otf
|   |       
|   +---img
|   |   |   apple-touch-icon.jpg
|   |   |   avatar.jpg
|   |   |   cross.png
|   |   |   favicon.ico
|   |   |   mathesondigital-wordpress.png
|   |   |   plane.jpg
|   |   |   screenshot.png
|   |   |   texture.png
|   |   |   
|   |   \---post_images
|   |           antivirus_1.png
|   |           antivirus_2.jpg
|   |           antivirus_3.jpg
|   |           antivirus_4.jpg
|   |           exif1.png
|   |           exif2.png
|   |           exif3.png
|   |           exif4.png
|   |           exif5.png
|   |           exif6.png
|   |           exif7.png
|   |           guicalculator.png
|   |           joomla.png
|   |           mathesondigital-wordpress.png
|   |           permalinks_wordpress.png
|   |           pingdom-speed-results.jpg
|   |           raid1.png
|   |           raid2.png
|   |           raid3.png
|   |           raid4.png
|   |           record1.png
|   |           record2.png
|   |           record3.png
|   |           sparks_fly.jpg
|   |           tmobile.jpg
|   |           visualformbuilder1.png
|   |           visualformbuilder2.png
|   |           windows-10-first-impressions-1.png
|   |           windows-10-first-impressions-2.png
|   |           windows-10-first-impressions-3.png
|   |           windows-10-first-impressions-4.png
|   |           windows-10-first-impressions-5.png
|   |           windows-10-first-impressions-6.png
|   |           wordpress-logo.png
|   |           
|   +---js
|   |       highlight.pack.js
|   |       
|   +---page
|   |   +---1
|   |   |       index.html
|   |   |       
|   |   +---2
|   |   |       index.html
|   |   |       
|   |   \---3
|   |           index.html
|   |           
|   \---post
|       |   index.html
|       |   index.xml
|       |   
|       +---2014-07-01-i-dont-use-anti-virus-software-am-i-crazy
|       |       index.html
|       |       
|       +---2014-07-02-removing-category-from-your-wordpress-url
|       |       index.html
|       |       
|       +---2014-07-16-understanding-raid
|       |       index.html
|       |       
|       +---2014-07-18-change-crop-orientation-adobe-lightroom
|       |       index.html
|       |       
|       +---2014-07-26-how-to-record-your-screen-on-a-mac
|       |       index.html
|       |       
|       +---2014-07-29-my-experience-with-joomla
|       |       index.html
|       |       
|       +---2014-08-03-my-experience-with-a-mac
|       |       index.html
|       |       
|       +---2014-09-09-the-most-important-camera-accessory
|       |       index.html
|       |       
|       +---2014-10-03-visual-form-builder-paypal-redirect
|       |       index.html
|       |       
|       +---2014-10-06-tmobile-im-breaking-up-with-you
|       |       index.html
|       |       
|       +---2014-11-29-i-have-an-iphone-and-mac-get-an-ipad
|       |       index.html
|       |       
|       +---2014-12-05-heres-to-actually-sticking-with-something
|       |       index.html
|       |       
|       +---2014-12-06-my-love-hate-relationship-with-wordpress
|       |       index.html
|       |       
|       +---2014-12-08-investment-calculator-java
|       |       index.html
|       |       
|       +---2014-12-15-pseudo-responsive-images
|       |       index.html
|       |       
|       +---2014-12-20-take-that-mr-barney
|       |       index.html
|       |       
|       +---2015-01-02-5-things-to-stop-doing-in-2015
|       |       index.html
|       |       
|       +---2015-01-19-static-site-contact-form
|       |       index.html
|       |       
|       +---2015-01-24-remove-ds_store-from-zip-file
|       |       index.html
|       |       
|       +---2015-02-14-i-love-to-grunt-and-gulp
|       |       index.html
|       |       
|       +---2015-02-20-command-line-essentials
|       |       index.html
|       |       
|       +---2015-06-03-powershell-extend-script
|       |       index.html
|       |       
|       +---2015-07-25-hindsight
|       |       index.html
|       |       
|       +---2015-07-31-windows-10-first-impressions
|       |       index.html
|       |       
|       +---2015-09-15-moral-sensitivity
|       |       index.html
|       |       
|       +---2015-11-09-mathesondigital-wordpress-theme
|       |       index.html
|       |       
|       +---features
|       |       index.html
|       |       
|       \---introducing-allegiant-a-hugo-theme
|               index.html
|               
\---static
    +---css
    |       font-awesome.min.css
    |       style.css
    |       
    +---fonts
    |       fontawesome-webfont.eot
    |       fontawesome-webfont.svg
    |       fontawesome-webfont.ttf
    |       fontawesome-webfont.woff
    |       fontawesome-webfont.woff2
    |       FontAwesome.otf
    |       
    +---img
    |       apple-touch-icon.jpg
    |       avatar.jpg
    |       cross.png
    |       favicon.ico
    |       plane.jpg
    |       screenshot.png
    |       texture.png
    |       
    \---js
            highlight.pack.js
            
