Auflistung der Ordnerpfade fÅr Volume New Volume
Volumeseriennummer : 0061005C AA7E:DD19
D:.
|   LICENSE
|   README.md
|   sloc.log
|   theme.toml
|   tree.log
|   
+---archetypes
|       default.md
|       
+---exampleSite
|   |   .gitignore
|   |   config.toml
|   |   LICENSE
|   |   
|   +---content
|   |   |   about.md
|   |   |   
|   |   \---post
|   |           creating-a-new-theme.md
|   |           goisforlovers.md
|   |           hugoisforlovers.md
|   |           migrate-from-jekyll.md
|   |           
|   +---layouts
|   |       .gitkeep
|   |       
|   \---static
|           .gitignore
|           
+---images
|       screenshot.png
|       tn.png
|       
+---layouts
|   |   404.html
|   |   index.html
|   |   
|   +---partials
|   |       disqus.html
|   |       footer.html
|   |       head.html
|   |       header.html
|   |       header_wp.html
|   |       nav.html
|   |       page.html
|   |       post.html
|   |       
|   \---_default
|           single.html
|           
\---static
    +---css
    |       bootstrap-theme.css
    |       bootstrap-theme.css.map
    |       bootstrap-theme.min.css
    |       bootstrap.css
    |       bootstrap.css.map
    |       bootstrap.min.css
    |       highlight.min.css
    |       main-minimal.css
    |       main.css
    |       normalize.css
    |       pygment_highlights.css
    |       
    +---img
    |       404-southpark.jpg
    |       avatar-favicon.png
    |       avatar-icon.png
    |       background.png
    |       favicon.ico
    |       favicon.ico.zip
    |       favicon.png
    |       install-steps.gif
    |       path.jpg
    |       srm.png
    |       
    \---js
            bootstrap.js
            bootstrap.min.js
            highlight.min.js
            jquery-1.11.2.min.js
            main.js
            
