Auflistung der Ordnerpfade fÅr Volume New Volume
Volumeseriennummer : 0061005C AA7E:DD19
D:.
|   LICENSE.md
|   README.md
|   sloc.log
|   theme.toml
|   tree.log
|   
+---archetypes
|       default.md
|       
+---exampleSite
|   |   config.toml
|   |   
|   +---content
|   |   |   about.md
|   |   |   
|   |   \---post
|   |           first.md
|   |           hello-hugo.md
|   |           
|   \---static
|           .gitkeep
|           
+---images
|       screenshot.png
|       tn.png
|       
+---layouts
|   |   404.html
|   |   index.html
|   |   
|   +---partials
|   |   |   after_footer.html
|   |   |   article.html
|   |   |   article_catetags.html
|   |   |   article_content.html
|   |   |   article_footer.html
|   |   |   article_header.html
|   |   |   comment.html
|   |   |   footer.html
|   |   |   google_analytics.html
|   |   |   head.html
|   |   |   header.html
|   |   |   sidebar.html
|   |   |   
|   |   \---widgets
|   |           archive.html
|   |           categories.html
|   |           rss.html
|   |           tagcloud.html
|   |           tags.html
|   |           
|   \---_default
|           list.html
|           single.html
|           
\---static
    +---css
    |       style.css
    |       
    +---fancybox
    |   |   blank.gif
    |   |   fancybox_loading.gif
    |   |   fancybox_loading@2x.gif
    |   |   fancybox_overlay.png
    |   |   fancybox_sprite.png
    |   |   fancybox_sprite@2x.png
    |   |   jquery.fancybox.css
    |   |   jquery.fancybox.js
    |   |   jquery.fancybox.pack.js
    |   |   
    |   \---helpers
    |           fancybox_buttons.png
    |           jquery.fancybox-buttons.css
    |           jquery.fancybox-buttons.js
    |           jquery.fancybox-media.js
    |           jquery.fancybox-thumbs.css
    |           jquery.fancybox-thumbs.js
    |           
    +---font
    |   |   fontawesome-webfont.eot
    |   |   fontawesome-webfont.svg
    |   |   fontawesome-webfont.ttf
    |   |   fontawesome-webfont.woff
    |   |   FontAwesome.otf
    |   |   
    |   \---hack
    |       +---css
    |       |       hack-extended.css
    |       |       hack-extended.min.css
    |       |       hack.css
    |       |       hack.min.css
    |       |       
    |       \---fonts
    |           +---eot
    |           |   |   hack-bold-webfont.eot
    |           |   |   hack-boldoblique-webfont.eot
    |           |   |   hack-regular-webfont.eot
    |           |   |   hack-regularoblique-webfont.eot
    |           |   |   
    |           |   \---latin
    |           |           hack-bold-latin-webfont.eot
    |           |           hack-boldoblique-latin-webfont.eot
    |           |           hack-regular-latin-webfont.eot
    |           |           hack-regularoblique-latin-webfont.eot
    |           |           
    |           +---svg
    |           |   |   hack-bold-webfont.svg
    |           |   |   hack-boldoblique-webfont.svg
    |           |   |   hack-regular-webfont.svg
    |           |   |   hack-regularoblique-webfont.svg
    |           |   |   
    |           |   \---latin
    |           |           hack-bold-latin-webfont.svg
    |           |           hack-boldoblique-latin-webfont.svg
    |           |           hack-regular-latin-webfont.svg
    |           |           hack-regularoblique-latin-webfont.svg
    |           |           
    |           +---ttf
    |           |   |   hack-bold-webfont.ttf
    |           |   |   hack-boldoblique-webfont.ttf
    |           |   |   hack-regular-webfont.ttf
    |           |   |   hack-regularoblique-webfont.ttf
    |           |   |   
    |           |   \---latin
    |           |           hack-bold-latin-webfont.ttf
    |           |           hack-boldoblique-latin-webfont.ttf
    |           |           hack-regular-latin-webfont.ttf
    |           |           hack-regularoblique-latin-webfont.ttf
    |           |           
    |           +---woff
    |           |   |   hack-bold-webfont.woff
    |           |   |   hack-boldoblique-webfont.woff
    |           |   |   hack-regular-webfont.woff
    |           |   |   hack-regularoblique-webfont.woff
    |           |   |   
    |           |   \---latin
    |           |           hack-bold-latin-webfont.woff
    |           |           hack-boldoblique-latin-webfont.woff
    |           |           hack-regular-latin-webfont.woff
    |           |           hack-regularoblique-latin-webfont.woff
    |           |           
    |           \---woff2
    |               |   hack-bold-webfont.woff2
    |               |   hack-boldoblique-webfont.woff2
    |               |   hack-regular-webfont.woff2
    |               |   hack-regularoblique-webfont.woff2
    |               |   
    |               \---latin
    |                       hack-bold-latin-webfont.woff2
    |                       hack-boldoblique-latin-webfont.woff2
    |                       hack-regular-latin-webfont.woff2
    |                       hack-regularoblique-latin-webfont.woff2
    |                       
    +---highlight
    |   |   highlight.pack.js
    |   |   
    |   \---styles
    |           github.css
    |           
    +---img
    |       author.jpg
    |       favicon.ico
    |       logo.svg
    |       pacman.jpg
    |       
    \---js
            jquery-2.1.0.min.js
            
