Auflistung der Ordnerpfade fÅr Volume New Volume
Volumeseriennummer : 0061005C AA7E:DD19
D:.
|   LICENSE.md
|   README.md
|   sloc.log
|   theme.toml
|   tree.log
|   
+---archetypes
|       default.md
|       
+---images
|       screenshot.png
|       tn.png
|       
+---layouts
|   |   404.html
|   |   index.html
|   |   
|   +---partials
|   |       css.css
|   |       footer.html
|   |       header.html
|   |       
|   +---shortcodes
|   |       img.html
|   |       twitter.html
|   |       youtube.html
|   |       
|   \---_default
|           li.html
|           list.html
|           single.html
|           
\---static
    \---img
            facebook.svg
            github.svg
            google.svg
            linkedin.svg
            twitter.svg
            
