Auflistung der Ordnerpfade fÅr Volume New Volume
Volumeseriennummer : 0061005C AA7E:DD19
D:.
|   .gitattributes
|   .gitignore
|   config.json
|   CONTRIBUTING.md
|   LICENSE.md
|   README.md
|   sloc.log
|   theme.toml
|   tree.log
|   
+---content
|   +---fixed
|   |       about.md
|   |       altab.md
|   |       
|   \---post
|           2013-12-31-whats-jekyll.md
|           2014-01-01-example-content.md
|           2014-01-02-introducing-lanyon.md
|           
+---images
|       screenshot.png
|       tn.png
|       
+---layouts
|   |   404.html
|   |   index.html
|   |   rss.xml
|   |   
|   +---fixed
|   |       single.html
|   |       
|   +---partials
|   |       default_foot.html
|   |       default_head.html
|   |       head.html
|   |       sidebar.html
|   |       
|   +---post
|   |       post.html
|   |       
|   \---_default
|           li.html
|           single.html
|           
\---static
    +---assets
    |       apple-touch-icon-144-precomposed.png
    |       favicon.ico
    |       
    \---css
            lanyon.css
            poole.css
            syntax.css
            
