Auflistung der Ordnerpfade fÅr Volume New Volume
Volumeseriennummer : 0061005C AA7E:DD19
D:.
|   .gitignore
|   hugo-xmag.Rproj
|   LICENSE.md
|   README.md
|   sloc.log
|   theme.toml
|   tree.log
|   
+---archetypes
|       default.md
|       
+---exampleSite
|   |   config.toml
|   |   
|   +---content
|   |   |   about.md
|   |   |   _index.md
|   |   |   
|   |   \---post
|   |           2015-07-23-lorem-ipsum.md
|   |           2015-07-23-lorem-ipsum2.md
|   |           2015-07-23-lorem-ipsum3.md
|   |           2015-07-23-lorem-ipsum4.md
|   |           2015-07-23-lorem-ipsum5.md
|   |           2015-07-23-lorem-ipsum6.md
|   |           2017-02-14-hello-markdown.md
|   |           
|   \---data
|           authors.yaml
|           
+---images
|       screenshot.png
|       tn.png
|       
+---layouts
|   |   404.html
|   |   
|   +---partials
|   |       author.html
|   |       author_names.html
|   |       banner.html
|   |       comments.html
|   |       footer.html
|   |       foot_custom.html
|   |       header.html
|   |       head_custom.html
|   |       info.html
|   |       meta.html
|   |       prev_next.html
|   |       
|   \---_default
|           list.html
|           single.html
|           terms.html
|           
\---static
    \---css
            fonts.css
            style.css
            
