Auflistung der Ordnerpfade fÅr Volume New Volume
Volumeseriennummer : 0061005C AA7E:DD19
D:.
|   .gitignore
|   LICENSE.md
|   package.json
|   README.md
|   sloc.log
|   theme.toml
|   tree.log
|   webpack.config.js
|   yarn.lock
|   
+---archetypes
|       default.md
|       
+---exampleSite
|   |   config.toml
|   |   
|   +---content
|   |   +---page
|   |   |       about.md
|   |   |       contact.md
|   |   |       
|   |   +---post
|   |   |       creating-a-new-theme.md
|   |   |       goisforlovers.md
|   |   |       hugoisforlovers.md
|   |   |       migrate-from-jekyll.md
|   |   |       
|   |   \---project
|   |           my-awesome-project.md
|   |           
|   \---static
|           .gitignore
|           
+---images
|       screenshot.png
|       tn.png
|       
+---layouts
|   |   404.html
|   |   index.html
|   |   
|   +---page
|   |       list.html
|   |       single.html
|   |       
|   +---partials
|   |       disqus.html
|   |       extra-in-head.html
|   |       footer.html
|   |       header.html
|   |       intro.html
|   |       navigation.html
|   |       opengraph.html
|   |       page-content.html
|   |       page-header.html
|   |       page-stub.html
|   |       pagination.html
|   |       post-content.html
|   |       post-footer.html
|   |       post-header.html
|   |       post-stub.html
|   |       
|   +---post
|   |       list.html
|   |       single.html
|   |       
|   \---_default
|           list.html
|           single.html
|           
\---static
    +---dist
    |       styles.css
    |       
    +---js
    |       jquery-1.11.3.min.js
    |       jquery.fitvids.js
    |       scripts.js
    |       
    \---styles
            highlight.css
            index.scss
            style.scss
            
