
Shapez-Theme	df6b41e"><a data-skip-pjax="true" 	/djuelg/Shapez-Theme	df6b41ee3cdeb883a992f1fd3e1d9a758b87a90e">Shapez-Theme	df6b41e</a></span></span>
academic	b95142d"><a data-skip-pjax="true" 	/gcushen/hugo-academic	b95142db09658af80f1c3e6f88b910bd1bcff774">academic	b95142d</a></span></span>
aerial	69cea49"><a data-skip-pjax="true" 	/sethmacleod/aerial	69cea49bb9870956b874e70664f07f541c6da93b">aerial	69cea49</a></span></span>
after-dark	edc2406"><a data-skip-pjax="true" 	/comfusion/after-dark	edc2406e6cf74f04913517d370a757786f4c4836">after-dark	edc2406</a></span></span>
agency	8f967c3"><a data-skip-pjax="true" 	/digitalcraftsman/hugo-agency-theme	8f967c3352bda0521bc1841aff05e80705d356d8">agency	8f967c3</a></span></span>
aglaus	845ec8d"><a data-skip-pjax="true" 	/dim0627/hugo_theme_aglaus	845ec8d39e93b5cc88100040da7bfd50d0980532">aglaus	845ec8d</a></span></span>
air	d45e1ef"><a data-skip-pjax="true" 	/syui/hugo-theme-air	d45e1ef1785be3e14d76b702c1f881a56d9e7aa0">air	d45e1ef</a></span></span>
allegiant	4db3e8f"><a data-skip-pjax="true" 	/brycematheson/allegiant	4db3e8fe3a01edc3f6aa366212b9355e5bc0163c">allegiant	4db3e8f</a></span></span>
amp	c28e332"><a data-skip-pjax="true" 	/pdevty/amp	c28e33261d01f05f2085421dbf960bb67d817c76">amp	c28e332</a></span></span>
angels-ladder	bbe249f"><a data-skip-pjax="true" 	/tanksuzuki/angels-ladder	bbe249fcc3483b20e4db2c59350bbf507bb857a6">angels-ladder	bbe249f</a></span></span>
anybodyhome	c4d2e1c"><a data-skip-pjax="true" 	/lasseborly/anybodyhome	c4d2e1c02fc615a244b7d93656dcd457d2210734">anybodyhome	c4d2e1c</a></span></span>
artists	2873e52"><a data-skip-pjax="true" 	/digitalcraftsman/hugo-artists-theme	2873e529a336f620000cb4852155cd53d93e2f8b">artists	2873e52</a></span></span>
aurora	d760f75"><a data-skip-pjax="true" 	/coryshaw/hugo-aurora-theme	d760f752f18361025a8b397ca4fd081787757bcf">aurora	d760f75</a></span></span>
base16	a4c183c"><a data-skip-pjax="true" 	/htdvisser/hugo-base16-theme	a4c183c505d9e6d12ae9ddea48abc75df3d962e1">base16	a4c183c</a></span></span>
beautifulhugo	5c7dd46"><a data-skip-pjax="true" 	/halogenica/beautifulhugo	5c7dd467c526938ea7b2458a6180d0eae8b1ff3c">beautifulhugo	5c7dd46</a></span></span>
beg	7718359"><a data-skip-pjax="true" 	/dim0627/hugo_theme_beg	7718359506a2447ef0489dcd6bd7360f21eb93cb">beg	7718359</a></span></span>
bilberry-hugo-theme	ed9689a"><a data-skip-pjax="true" 	/Lednerb/bilberry-hugo-theme	ed9689ac42650a567bc3af536fe55ac0879b55e5">bilberry-hugo-theme	ed9689a</a></span></span>
black-and-light	e017e2f"><a data-skip-pjax="true" 	/davidhampgonsalves/hugo-black-and-light-theme	e017e2fd442ebe16363433c8ca97d0e533451083">black-and-light	e017e2f</a></span></span>
blackburn	f976ec9"><a data-skip-pjax="true" 	/yoshiharuyamashita/blackburn	f976ec9e543870fcf808491891f54ed40a91b36e">blackburn	f976ec9</a></span></span>
blank	2f15456"><a data-skip-pjax="true" 	/vimux/blank	2f154564a18ddaeb39fc6264a3ecc66616e1773c">blank	2f15456</a></span></span>
bleak	6633e92"><a data-skip-pjax="true" 	/Zenithar/hugo-theme-bleak	6633e92a9cf8fd0bffb64436d064690a687b2b69">bleak	6633e92</a></span></span>
bootie-docs	ba61137"><a data-skip-pjax="true" 	/progrhyme/hugo-theme-bootie-docs	ba61137e26d0de90c136667ba77bb1fad65b5bd4">bootie-docs	ba61137</a></span></span>
bootstrap	4a7fb5a"><a data-skip-pjax="true" 	/mmrath/hugo-bootstrap	4a7fb5a8e2eb1bb2b1230917b17e92fa47a16a45">bootstrap	4a7fb5a</a></span></span>
bulma	4c5aee7"><a data-skip-pjax="true" 	/jeblister/bulma	4c5aee7d00863d7beaa4f8a28a17f8403a65ad37">bulma	4c5aee7</a></span></span>
cactus	28cb664"><a data-skip-pjax="true" 	/digitalcraftsman/hugo-cactus-theme	28cb6643431d0369a28e2f01edf8c7e03ddab21b">cactus	28cb664</a></span></span>
casper	ada13e0"><a data-skip-pjax="true" 	/vjeantet/hugo-theme-casper	ada13e0e05c9196cf6fb7a68e254a9162dde91a6">casper	ada13e0</a></span></span>
castanet	49567de"><a data-skip-pjax="true" 	/mattstratton/castanet	49567de693c4d25f6ec2b8259650d745572544f6">castanet	49567de</a></span></span>
cocoa	474b15c"><a data-skip-pjax="true" 	/nishanths/cocoa-hugo-theme	474b15ce7187736311143c744c261600fe20401c">cocoa	474b15c</a></span></span>
cocoa-eh-hugo-theme	017543b"><a data-skip-pjax="true" 	/fuegowolf/cocoa-eh-hugo-theme	017543b2f818ce9cd7356480f3a06b0c3e6d8728">cocoa-eh-hugo-theme	017543b</a></span></span>
crab	50f2090"><a data-skip-pjax="true" 	/thomasheller/crab	50f20907cf7fc86e1d0411eb94e1f96a36fb7504">crab	50f2090</a></span></span>
creative	cea31c1"><a data-skip-pjax="true" 	/digitalcraftsman/hugo-creative-theme	cea31c1813c13e76764c84417de3578b2ad876ed">creative	cea31c1</a></span></span>
crisp	30cc264"><a data-skip-pjax="true" 	/Zenithar/hugo-theme-crisp	30cc2649520d6ae34aa56ecd3462c6d6a6defff2">crisp	30cc264</a></span></span>
darksimplicity	0efdd8f"><a data-skip-pjax="true" 	/kritoke/darksimplicity	0efdd8fe0bc5d236efa43e5987fda80880f3c8ab">darksimplicity	0efdd8f</a></span></span>
detox	afb1e63"><a data-skip-pjax="true" 	/allnightgrocery/hugo-theme-blueberry-detox	afb1e630023b2a6660bbb0d9c3d61c4ffc543ea1">detox	afb1e63</a></span></span>
dimension	e9cc1af"><a data-skip-pjax="true" 	/sethmacleod/dimension	e9cc1afd397bb012444a6a8a9fb37a9ae2aba3e1">dimension	e9cc1af</a></span></span>
docdock	bc3075a"><a data-skip-pjax="true" 	/vjeantet/hugo-theme-docdock	bc3075ae2e25bda6f5417cf611630cf5d78f8aec">docdock	bc3075a</a></span></span>
docuapi	c43dd09"><a data-skip-pjax="true" 	/bep/docuapi	c43dd0991a2cb456a8035335934f02975991883f">docuapi	c43dd09</a></span></span>
elephants	2e3786c"><a data-skip-pjax="true" 	/meibenny/elephants	2e3786c7fc33e38f9c1dcf683ef77a2fe60f51e4">elephants	2e3786c</a></span></span>
forty	18f1464"><a data-skip-pjax="true" 	/MarcusVirg/forty	18f1464731940c92f19ccb7d504f3f2280ca391f">forty	18f1464</a></span></span>
foundation-theme	87cfb0d"><a data-skip-pjax="true" 	/hdcdstr8fwd/foundation-theme	87cfb0d1df8ac314cf1a8bf637525b47a74f01c5">foundation-theme	87cfb0d</a></span></span>
freelancer	caca7d3"><a data-skip-pjax="true" 	/digitalcraftsman/hugo-freelancer-theme	caca7d32e642c91c76c89ad6cab1e50c7133a95a">freelancer	caca7d3</a></span></span>
future-imperfect	020882f"><a data-skip-pjax="true" 	/jpescador/hugo-future-imperfect	020882f6ec3658a873f55d162ba114a7bd9288ae">future-imperfect	020882f</a></span></span>
ghostwriter	0bfc8a6"><a data-skip-pjax="true" 	/jbub/ghostwriter	0bfc8a69c67ef996590a68e178e4f6e2e097bbd0">ghostwriter	0bfc8a6</a></span></span>
gindoro	6bfc86b"><a data-skip-pjax="true" 	/cdipaolo/gindoro	6bfc86bd85d02e524b69aca3bfd134abd5cecab7">gindoro	6bfc86b</a></span></span>
github-project-landing-page	b639b77"><a data-skip-pjax="true" 	/oarrabi/github-project-landing-page	b639b771b6b799629a7e7e9b4ab068bcda423d7c">github-project-landing-page	b639b77</a></span></span>
gohugo-amp	7b77305"><a data-skip-pjax="true" 	/wildhaber/gohugo-amp	7b77305a23f2d674e5b05efa93317d65443cfe4c">gohugo-amp	7b77305</a></span></span>
gohugo-theme-ananke	d5b87cb"><a data-skip-pjax="true" 	/budparr/gohugo-theme-ananke	d5b87cb15e820e3ee8335363b26f4fcbf0e8d783">gohugo-theme-ananke	d5b87cb</a></span></span>
greyshade	28fb061"><a data-skip-pjax="true" 	/cxfksword/greyshade	28fb061bb674a2add89724dfbbf167f88f381d40">greyshade	28fb061</a></span></span>
grid-side	f5251bf"><a data-skip-pjax="true" 	/chipsenkbeil/grid-side	f5251bfd15a775145152d2265ca97e318ee0a45a">grid-side	f5251bf</a></span></span>
heather-hugo	4b4fea0"><a data-skip-pjax="true" 	/hbpasti/heather-hugo	4b4fea08550158a7bbe9da67724c89035c13498c">heather-hugo	4b4fea0</a></span></span>
hemingway	d7d9e3f"><a data-skip-pjax="true" 	/tanksuzuki/hemingway	d7d9e3f27adc9d1a968e37793dc15c0223763d0c">hemingway	d7d9e3f</a></span></span>
herring-cove	4d435ff"><a data-skip-pjax="true" 	/spf13/herring-cove	4d435ffe4b0015d98a76370539e61e2944160d7f">herring-cove	4d435ff</a></span></span>
hestia-pure	320c944"><a data-skip-pjax="true" 	/diwao/hestia-pure	320c944ffcf9d5380eab5925497d3102d9b98510">hestia-pure	320c944</a></span></span>
highlights	4823854"><a data-skip-pjax="true" 	/schmanat/hugo-highlights-theme	48238544054fe7d31234d65e85d8354ab3c42d5a">highlights	4823854</a></span></span>
hikari	6475c81"><a data-skip-pjax="true" 	/digitalcraftsman/hugo-hikari-theme	6475c812a2308ffc095e4cba43e80b97b923f258">hikari	6475c81</a></span></span>
hpstr-hugo-theme	5e90cf4"><a data-skip-pjax="true" 	/dldx/hpstr-hugo-theme	5e90cf41042be51280eef4e5dff8274b1fd83d24">hpstr-hugo-theme	5e90cf4</a></span></span>
html5	368de31"><a data-skip-pjax="true" 	/simonmika/hugo-theme-html5	368de3188be1d468fd8f0c2f838b9204699d5750">html5	368de31</a></span></span>
hucore	40e4b02"><a data-skip-pjax="true" 	/mgjohansen/hucore	40e4b02521dff72715d7f6e1c38d3067abf6ce03">hucore	40e4b02</a></span></span>
hugo-alabaster-theme	3510ef2"><a data-skip-pjax="true" 	/digitalcraftsman/hugo-alabaster-theme	3510ef22eabe7b91774f89a9acf467ac3057d908">hugo-alabaster-theme	3510ef2</a></span></span>
hugo-bare-min-theme	6195b5e"><a data-skip-pjax="true" 	/kaushalmodi/hugo-bare-min-theme	6195b5e377c56791ba4067ac0ec5286bf336aedf">hugo-bare-min-theme	6195b5e</a></span></span>
hugo-base-theme	743ff64"><a data-skip-pjax="true" 	/crakjie/hugo-base-theme	743ff64a0c31f87fea7dea011dbb5acba793ea0d">hugo-base-theme	743ff64</a></span></span>
hugo-bootstrap-premium	90bbc9c"><a data-skip-pjax="true" 	/appernetic/hugo-bootstrap-premium	90bbc9c36aac24c07b3e98a30d69e75592a6560a">hugo-bootstrap-premium	90bbc9c</a></span></span>
hugo-bootswatch	4367ac1"><a data-skip-pjax="true" 	/nilproductions/hugo-bootswatch	4367ac101b911780b8ce8050cbca102bb0e6f93f">hugo-bootswatch	4367ac1</a></span></span>
hugo-casper-two	b747d89"><a data-skip-pjax="true" 	/eueung/hugo-casper-two	b747d89e76635d9252089e93268b2209d85571db">hugo-casper-two	b747d89</a></span></span>
hugo-classic	e28d1cb"><a data-skip-pjax="true" 	/goodroot/hugo-classic	e28d1cb6083bbe0be304650ec1122b4be7862a97">hugo-classic	e28d1cb</a></span></span>
hugo-code-editor-theme	c2b9f75"><a data-skip-pjax="true" 	/aubm/hugo-code-editor-theme	c2b9f750c9d4143bcd767fc63f8f57d19dca478c">hugo-code-editor-theme	c2b9f75</a></span></span>
hugo-coder	454ea01"><a data-skip-pjax="true" 	/luizdepra/hugo-coder	454ea0146dc6087b9e3b96b4a2f7b66ce1a2f4f7">hugo-coder	454ea01</a></span></span>
hugo-conference	911c946"><a data-skip-pjax="true" 	/jweslley/hugo-conference	911c94661127bc4c7e938721567643164681fba5">hugo-conference	911c946</a></span></span>
hugo-creative-portfolio-theme	0e3cf88"><a data-skip-pjax="true" 	/kishaningithub/hugo-creative-portfolio-theme	0e3cf88cc6f17c43d99514b0d42a22fc38c3839f">hugo-creative-portfolio-theme	0e3cf88</a></span></span>
hugo-darkdoc-theme	4edd431"><a data-skip-pjax="true" 	/adejoux/hugo-darkdoc-theme	4edd4317817855b967598f5b01c4c9f1a9de1be9">hugo-darkdoc-theme	4edd431</a></span></span>
hugo-dgraph-theme	d783dfd"><a data-skip-pjax="true" 	/dgraph-io/hugo-dgraph-theme	d783dfd0a916c1d690b618753af3cf50e761262c">hugo-dgraph-theme	d783dfd</a></span></span>
hugo-dream-plus	854cdbb"><a data-skip-pjax="true" 	/UtkarshVerma/hugo-dream-plus	854cdbbe42ca88948d2d98596498842cd8f775b7">hugo-dream-plus	854cdbb</a></span></span>
hugo-dusk	9eaf09e"><a data-skip-pjax="true" 	/gyorb/hugo-dusk	9eaf09ebac7fcb63d99743b1ec67d2060f3fc040">hugo-dusk	9eaf09e</a></span></span>
hugo-elate-theme	ccc5bfa"><a data-skip-pjax="true" 	/saey55/hugo-elate-theme	ccc5bfa019276c1bba066c0a13b8881259c22910">hugo-elate-theme	ccc5bfa</a></span></span>
hugo-fabric	bef8762"><a data-skip-pjax="true" 	/wd/hugo-fabric	bef8762bb59d59c90eaa19d5648d5dd1746df74a">hugo-fabric	bef8762</a></span></span>
hugo-faq-theme	e6ed082"><a data-skip-pjax="true" 	/aerohub/hugo-faq-theme	e6ed082c15bc6d009d4a4729ada8631d251e89df">hugo-faq-theme	e6ed082</a></span></span>
hugo-finite	34cecdc"><a data-skip-pjax="true" 	/lambdafu/hugo-finite	34cecdcbf609786e931dfb3c23d0b1b987cb73cc">hugo-finite	34cecdc</a></span></span>
hugo-frais	0425bf9"><a data-skip-pjax="true" 	/the2ne/hugo-frais	0425bf9c600667bd7e94fbc0215ab7e9c70105f4">hugo-frais	0425bf9</a></span></span>
hugo-gentoo-theme	42b5dd7"><a data-skip-pjax="true" 	/d-kusk/hugo-gentoo-theme	42b5dd793bd69b9dfccdf93059ac53daf60645bb">hugo-gentoo-theme	42b5dd7</a></span></span>
hugo-geo	b91ad6f"><a data-skip-pjax="true" 	/alexurquhart/hugo-geo	b91ad6f31df13a7d61ffb594820c71f0168b33ee">hugo-geo	b91ad6f</a></span></span>
hugo-goa	d7a47bd"><a data-skip-pjax="true" 	/shenoybr/hugo-goa	d7a47bd05742a129af4525dbf1bc36ae9928bfad">hugo-goa	d7a47bd</a></span></span>
hugo-h5bp	7741bbc"><a data-skip-pjax="true" 	/garvincasimir/hugo-h5bp-simple	7741bbce77c9fd66843ca102ae4ed118b42dd06e">hugo-h5bp	7741bbc</a></span></span>
hugo-hello-programmer-theme	6d52698"><a data-skip-pjax="true" 	/lubang/hugo-hello-programmer-theme	6d52698dbf8026045a1432afe3f7b0eac4334053">hugo-hello-programmer-theme	6d52698</a></span></span>
hugo-icarus	43d741e"><a data-skip-pjax="true" 	/digitalcraftsman/hugo-icarus-theme	43d741e5be2b5416526e5e5212ce5407a6348e73">hugo-icarus	43d741e</a></span></span>
hugo-icon	82e8cd9"><a data-skip-pjax="true" 	/SteveLane/hugo-icon	82e8cd945000e744692838aa8ed33ec210e4b32f">hugo-icon	82e8cd9</a></span></span>
hugo-identity-theme	ca4e10d"><a data-skip-pjax="true" 	/aerohub/hugo-identity-theme	ca4e10de229713414430bcee5369496227495ac5">hugo-identity-theme	ca4e10d</a></span></span>
hugo-incorporated	633cae6"><a data-skip-pjax="true" 	/nilproductions/hugo-incorporated	633cae6b6ea5ed5b67f97836037338066048f54a">hugo-incorporated	633cae6</a></span></span>
hugo-initio	7400153"><a data-skip-pjax="true" 	/miguelsimoni/hugo-initio	74001530ac8889e5947a559608beae9d8c27c563">hugo-initio	7400153</a></span></span>
hugo-journal	f125dc7"><a data-skip-pjax="true" 	/damiencaselli/hugo-journal	f125dc7a9db0f7e9b5745a31c8fd35ff6f45d1dd">hugo-journal	f125dc7</a></span></span>
hugo-kiera	ef5163d"><a data-skip-pjax="true" 	/avianto/hugo-kiera	ef5163d48a65817b4d50b2695b8e01f889cff1b5">hugo-kiera	ef5163d</a></span></span>
hugo-lithium-theme	3e70544"><a data-skip-pjax="true" 	/jrutheiser/hugo-lithium-theme	3e7054401cdee2664fe3901d35cc79eaf0c6545c">hugo-lithium-theme	3e70544</a></span></span>
hugo-luxury-theme	c9eff19"><a data-skip-pjax="true" 	/aerohub/hugo-luxury-theme	c9eff1952d49c8c26e1a875c400eb466dcc12236">hugo-luxury-theme	c9eff19</a></span></span>
hugo-mdl	9d60684"><a data-skip-pjax="true" 	/jchatkinson/HugoMDL	9d606842e10390c3f44d255106a1771384aa6106">hugo-mdl	9d60684</a></span></span>
hugo-minimalist	e2be2b4"><a data-skip-pjax="true" 	/digitalcraftsman/hugo-minimalist-theme	e2be2b40b68667ad68219fb47d1d7a213bfb982a">hugo-minimalist	e2be2b4</a></span></span>
hugo-multi-bootswatch	ffd972e"><a data-skip-pjax="true" 	/mpas/hugo-multi-bootswatch	ffd972e35756696546da91571c0aa39f1bb85f61">hugo-multi-bootswatch	ffd972e</a></span></span>
hugo-natrium-theme	2eeadb7"><a data-skip-pjax="true" 	/mobybit/hugo-natrium-theme	2eeadb7149840c409f8f68f1b790a3f5559081d5">hugo-natrium-theme	2eeadb7</a></span></span>
hugo-nederburg-theme	244279b"><a data-skip-pjax="true" 	/appernetic/hugo-nederburg-theme	244279b8b3d5de5f6d2b3d16916ac4ff36228955">hugo-nederburg-theme	244279b</a></span></span>
hugo-now	f837045"><a data-skip-pjax="true" 	/mikeblum/hugo-now	f8370456ca121a07cafefd3adb74dcf1fe75ac74">hugo-now	f837045</a></span></span>
hugo-now-ui	c4fd550"><a data-skip-pjax="true" 	/cboettig/hugo-now-ui	c4fd5508c875d5a4cd8ed29811c637ab3f22a193">hugo-now-ui	c4fd550</a></span></span>
hugo-nuo	4095eac"><a data-skip-pjax="true" 	/laozhu/hugo-nuo	4095eac698e8be22e2d4ecdff748811d28f9b707">hugo-nuo	4095eac</a></span></span>
hugo-octopress	f0407ea"><a data-skip-pjax="true" 	/parsiya/Hugo-Octopress	f0407eaca1707420ef6a95cf6daf6fbae9d9750d">hugo-octopress	f0407ea</a></span></span>
hugo-orbit-theme	f89b1ee"><a data-skip-pjax="true" 	/aerohub/hugo-orbit-theme	f89b1ee9a336dd144fea276400f1c4dc42b1bd95">hugo-orbit-theme	f89b1ee</a></span></span>
hugo-pacman-theme	91b2c89"><a data-skip-pjax="true" 	/coderzh/hugo-pacman-theme	91b2c8922baef7e2d602e0b12f2f40a3fcd5cab3">hugo-pacman-theme	91b2c89</a></span></span>
hugo-paper	20494e1"><a data-skip-pjax="true" 	/nanxiaobei/hugo-paper	20494e19adf2daa81a2719bcfedb5e17787bed5a">hugo-paper	20494e1</a></span></span>
hugo-paper-now	8c8134c"><a data-skip-pjax="true" 	/eueung/hugo-paper-now	8c8134c78788c949d45e5f63842f9c30b14ba4a9">hugo-paper-now	8c8134c</a></span></span>
hugo-phlat-theme	04bd4fc"><a data-skip-pjax="true" 	/nraboy/hugo-phlat-theme	04bd4fc3e7bff8a54be4ff14caa89924d352f722">hugo-phlat-theme	04bd4fc</a></span></span>
hugo-plus	2c7d43d"><a data-skip-pjax="true" 	/H4tch/hugo-plus	2c7d43dedc5e79567ef102047da1acacbebc028c">hugo-plus	2c7d43d</a></span></span>
hugo-remark-minion	3377e99"><a data-skip-pjax="true" 	/eueung/hugo-remark-minion	3377e99cdffbefaff80f26506ecc6b2d567da0f7">hugo-remark-minion	3377e99</a></span></span>
hugo-remark-twemoji	fa6d586"><a data-skip-pjax="true" 	/eueung/hugo-remark-twemoji	fa6d586f20457085ac2c89f87feef479f9732023">hugo-remark-twemoji	fa6d586</a></span></span>
hugo-resume	595fd11"><a data-skip-pjax="true" 	/eddiewebb/hugo-resume	595fd11ac860212f7712d1337ccb6b4d4f0ed75f">hugo-resume	595fd11</a></span></span>
hugo-simpledoc-theme	53214e3"><a data-skip-pjax="true" 	/aerohub/hugo-simpledoc-theme	53214e3467aa40e18e21cc18fd4633bfe1d25b30">hugo-simpledoc-theme	53214e3</a></span></span>
hugo-smorg	afbd835"><a data-skip-pjax="true" 	/solutionroute/hugo-smorg	afbd8355ed168e30d960272bcf26acea15884baa">hugo-smorg	afbd835</a></span></span>
hugo-smpl-theme	59f6d89"><a data-skip-pjax="true" 	/christianmendoza/hugo-smpl-theme	59f6d894f1a139a9e78cca1215da00177d9c60a7">hugo-smpl-theme	59f6d89</a></span></span>
hugo-sp-minimal	2f3feb8"><a data-skip-pjax="true" 	/eueung/hugo-sp-minimal	2f3feb88a1b758a3671a374ba5ec7a29be39387c">hugo-sp-minimal	2f3feb8</a></span></span>
hugo-split-theme	a134c38"><a data-skip-pjax="true" 	/christianmendoza/hugo-split-theme	a134c380ba012c0cc1d9aa2500d99c43cf3ffb47">hugo-split-theme	a134c38</a></span></span>
hugo-sustain	d88e092"><a data-skip-pjax="true" 	/nurlansu/hugo-sustain	d88e0927e2b0d7d7e2a12690960e2e3fed72f5dd">hugo-sustain	d88e092</a></span></span>
hugo-theme-arch	1526e3e"><a data-skip-pjax="true" 	/syui/hugo-theme-arch	1526e3e8b047194daedfd94f50de1994d39cc864">hugo-theme-arch	1526e3e</a></span></span>
hugo-theme-bootstrap4-blog	f13e1c6"><a data-skip-pjax="true" 	/alanorth/hugo-theme-bootstrap4-blog	f13e1c6e6f2679339194c706bed15d286b9b73ba">hugo-theme-bootstrap4-blog	f13e1c6</a></span></span>
hugo-theme-cactus-plus	8754fb7"><a data-skip-pjax="true" 	/nodejh/hugo-theme-cactus-plus	8754fb7202815eb2e82758dba627a721fe989b86">hugo-theme-cactus-plus	8754fb7</a></span></span>
hugo-theme-dream	926636f"><a data-skip-pjax="true" 	/g1eny0ung/hugo-theme-dream	926636f094c5df197d9b56363e5253c186883f92">hugo-theme-dream	926636f</a></span></span>
hugo-theme-even	d7c6059"><a data-skip-pjax="true" 	/olOwOlo/hugo-theme-even	d7c6059a7a5ac6ab3d319adff94b67a1125d6e3d">hugo-theme-even	d7c6059</a></span></span>
hugo-theme-foundation6	58fba00"><a data-skip-pjax="true" 	/htko89/hugo-theme-foundation6-blog	58fba00f28f13fb3ce41b8c9e4ee20595c734556">hugo-theme-foundation6	58fba00</a></span></span>
hugo-theme-geppaku	c3efde4"><a data-skip-pjax="true" 	/masa0221/hugo-theme-geppaku	c3efde4df004c9ef93cae26cfa10d73823cff66e">hugo-theme-geppaku	c3efde4</a></span></span>
hugo-theme-introduction	f2024bb"><a data-skip-pjax="true" 	/vickylaixy/hugo-theme-introduction	f2024bb2a4b1ec500c8471dde0779bbe0380d2de">hugo-theme-introduction	f2024bb</a></span></span>
hugo-theme-jane	efc0722"><a data-skip-pjax="true" 	/xianmin/hugo-theme-jane	efc0722c9893b3b9dc18c33817d71948e49a04e7">hugo-theme-jane	efc0722</a></span></span>
hugo-theme-lean-launch-page	a14fec4"><a data-skip-pjax="true" 	/felicianotech/hugo-theme-lean-launch-page	a14fec4ff6749f8618ce6baf02244ab70290f062">hugo-theme-lean-launch-page	a14fec4</a></span></span>
hugo-theme-learn	59c4cbf"><a data-skip-pjax="true" 	/matcornic/hugo-theme-learn	59c4cbf18690feb0cd0a16ad0f1434249c9dd5f3">hugo-theme-learn	59c4cbf</a></span></span>
hugo-theme-massively	d17e766"><a data-skip-pjax="true" 	/curttimson/hugo-theme-massively	d17e766208dfb3ad53f1558a72c84ac2b439ab96">hugo-theme-massively	d17e766</a></span></span>
hugo-theme-minos	3f7f18f"><a data-skip-pjax="true" 	/carsonip/hugo-theme-minos	3f7f18f8e41e200858177e45e74d8cf4b6691eaf">hugo-theme-minos	3f7f18f</a></span></span>
hugo-theme-nix	49df5e6"><a data-skip-pjax="true" 	/LordMathis/hugo-theme-nix	49df5e60ba39637ac6ded7743fd42c1762eba728">hugo-theme-nix	49df5e6</a></span></span>
hugo-theme-one	bd935b7"><a data-skip-pjax="true" 	/resugary/hugo-theme-one	bd935b70473b00fbc1ac4ed3cc7e258c1512906d">hugo-theme-one	bd935b7</a></span></span>
hugo-theme-revealjs	3edd529"><a data-skip-pjax="true" 	/RealOrangeOne/hugo-theme-revealjs	3edd529faa7122eeb2132041b5849dcdf8d1d6d8">hugo-theme-revealjs	3edd529</a></span></span>
hugo-theme-sam	8b8c765"><a data-skip-pjax="true" 	/hivickylai/hugo-theme-sam	8b8c7653e360265d34b1cf99e0f475842fcbe423">hugo-theme-sam	8b8c765</a></span></span>
hugo-theme-vec	ca4367c"><a data-skip-pjax="true" 	/IvanChou/hugo-theme-vec	ca4367cf0f8cd64a96338cdc3a6342144c853821">hugo-theme-vec	ca4367c</a></span></span>
hugo-theme-w3css-basic	924a424"><a data-skip-pjax="true" 	/it-gro/hugo-theme-w3css-basic	924a424d699e6161092c0efa015794aa6b6e8fbb">hugo-theme-w3css-basic	924a424</a></span></span>
hugo-theme-wave	5f5fd71"><a data-skip-pjax="true" 	/syui/hugo-theme-wave	5f5fd71773655cb4ad43f0e7914d4949de3ed679">hugo-theme-wave	5f5fd71</a></span></span>
hugo-theme-zen	fcfc26e"><a data-skip-pjax="true" 	/frjo/hugo-theme-zen	fcfc26e50149daa0f7541520326bccbf5c002316">hugo-theme-zen	fcfc26e</a></span></span>
hugo-tracks-theme	8cefc99"><a data-skip-pjax="true" 	/ageekymonk/hugo-tracks-theme	8cefc999b2ba9a3f622e12855755d14386e8e4fe">hugo-tracks-theme	8cefc99</a></span></span>
hugo-tranquilpeak-theme	026df93"><a data-skip-pjax="true" 	/kakawait/hugo-tranquilpeak-theme	026df931e5bb33838960823d1f3a4ba72a47923a">hugo-tranquilpeak-theme	026df93</a></span></span>
hugo-travelify-theme	fece3ae"><a data-skip-pjax="true" 	/balaramadurai/hugo-travelify-theme	fece3ae86f69e935ad8193fc260cddfce805fc3c">hugo-travelify-theme	fece3ae</a></span></span>
hugo-universal-theme	1968d94"><a data-skip-pjax="true" 	/devcows/hugo-universal-theme	1968d9430a4b38d193d883cc532fd343f8d8e136">hugo-universal-theme	1968d94</a></span></span>
hugo-uno	a15471c"><a data-skip-pjax="true" 	/SenjinDarashiva/hugo-uno	a15471cf33a1bb9b6a1917ab7300f27db9654df7">hugo-uno	a15471c</a></span></span>
hugo-xmag	8a680e5"><a data-skip-pjax="true" 	/yihui/hugo-xmag	8a680e5395dfc5ccc055c10ed8c2e7cee1063c17">hugo-xmag	8a680e5</a></span></span>
hugo-xmin	6b05e21"><a data-skip-pjax="true" 	/yihui/hugo-xmin	6b05e2180441d5c08e89cff089f46a4f254a1e0f">hugo-xmin	6b05e21</a></span></span>
hugo-zen	cabdacf"><a data-skip-pjax="true" 	/rakuishi/hugo-zen	cabdacf56b9567da3953bffccdd06ed787aebd0c">hugo-zen	cabdacf</a></span></span>
hugo_eiio	bf48e2a"><a data-skip-pjax="true" 	/leonhe/hugo_eiio	bf48e2af67caed8aebac62ce5db2855c6d33b429">hugo_eiio	bf48e2a</a></span></span>
hugo_theme_pickles	1367649"><a data-skip-pjax="true" 	/mismith0227/hugo_theme_pickles	13676493f90f9f313f7d60f779b55e8ed3970067">hugo_theme_pickles	1367649</a></span></span>
hugo_theme_solit	4b57403"><a data-skip-pjax="true" 	/dim0627/hugo_theme_solit	4b5740378849cfd1a8398c9e1b612a5ad1785fbd">hugo_theme_solit	4b57403</a></span></span>
hugoscroll	81f62e6"><a data-skip-pjax="true" 	/SenjinDarashiva/hugoscroll	81f62e6c3f0d951ba82c10cb3608d097a8f87b3e">hugoscroll	81f62e6</a></span></span>
hugotube	484cc7a"><a data-skip-pjax="true" 	/marcanuy/hugotube	484cc7aaf8159b4c2bd6394ae89a05436619f57b">hugotube	484cc7a</a></span></span>
hugrid	7488776"><a data-skip-pjax="true" 	/aerohub/hugrid	7488776eb014298ac87a8caa632edcd8c2b2bf09">hugrid	7488776</a></span></span>
hurock	6e111b8"><a data-skip-pjax="true" 	/TiTi/hurock	6e111b8516b3bd0d0a25a6a4276311b04e6feb08">hurock	6e111b8</a></span></span>
hyde	8cab2d2"><a data-skip-pjax="true" 	/spf13/hyde	8cab2d27e2b7727e632d817dbdd41a97cc99af00">hyde	8cab2d2</a></span></span>
hyde-hyde	14a3697"><a data-skip-pjax="true" 	/htr3n/hyde-hyde	14a369751b17f7158ac9643f2d52453c117f2758">hyde-hyde	14a3697</a></span></span>
hyde-x	19bb3b2"><a data-skip-pjax="true" 	/zyro/hyde-x	19bb3b229cd7e3aa7f4f79def7d3f218cb284daf">hyde-x	19bb3b2</a></span></span>
hyde-y	86e75dd"><a data-skip-pjax="true" 	/enten/hyde-y	86e75dd13320a23ceb3012c36d760044a77f0157">hyde-y	86e75dd</a></span></span>
internet-weblog	0c39cde"><a data-skip-pjax="true" 	/jnjosh/internet-weblog	0c39cde24835c3e0100a1c4697d93e99d4ad1634">internet-weblog	0c39cde</a></span></span>
journal	e543e4b"><a data-skip-pjax="true" 	/mpas/hugo-journal	e543e4bfa9de79306e906f34da42a8ee7ac48bc8">journal	e543e4b</a></span></span>
kiss	d91f46c"><a data-skip-pjax="true" 	/ribice/kiss	d91f46c9e5d5fd265a7be151df8a6f6005f79090">kiss	d91f46c</a></span></span>
kraiklyn	d0c840b"><a data-skip-pjax="true" 	/jsnjack/kraiklyn	d0c840b0758a122cfcdae8308c32fa3a1345fd71">kraiklyn	d0c840b</a></span></span>
kube	b17bb8d"><a data-skip-pjax="true" 	/jeblister/kube	b17bb8defa650e443e07cf14c099e4f10f95f43e">kube	b17bb8d</a></span></span>
landing-page-hugo	130989a"><a data-skip-pjax="true" 	/crakjie/landing-page-hugo	130989a7a5aa677a9b53b5e61a0f078b5b842383">landing-page-hugo	130989a</a></span></span>
lanyon	e3886f5"><a data-skip-pjax="true" 	/tummychow/lanyon-hugo	e3886f52e12b76f37e87d5075b7c1ada925d5423">lanyon	e3886f5</a></span></span>
light-hugo	82bbfc0"><a data-skip-pjax="true" 	/tblyler/light-hugo	82bbfc025125821767845fd9106579bf318ff2cc">light-hugo	82bbfc0</a></span></span>
liquorice	25c262d"><a data-skip-pjax="true" 	/eliasson/liquorice	25c262d874c9afd31304d29c1e51829fec13dde9">liquorice	25c262d</a></span></span>
mainroad	d51a5c7"><a data-skip-pjax="true" 	/Vimux/mainroad	d51a5c7e2723d1e63245c4b8aa4074bfe568700c">mainroad	d51a5c7</a></span></span>
manis-hugo-theme	bd63ec4"><a data-skip-pjax="true" 	/yursan9/manis-hugo-theme	bd63ec4b427cff8abaa9cee1e6ed9f0c05d0e5dc">manis-hugo-theme	bd63ec4</a></span></span>
martial-paper	c099808"><a data-skip-pjax="true" 	/pedrodude/martial-paper	c0998080d57175b7cd510bdc6bf9a32f235f9739">martial-paper	c099808</a></span></span>
material-design	587b3af"><a data-skip-pjax="true" 	/pdevty/material-design	587b3af7db83f4677dfd905520ba968ada3686f7">material-design	587b3af</a></span></span>
material-docs	52e721a"><a data-skip-pjax="true" 	/digitalcraftsman/hugo-material-docs	52e721a3457283226baacdc8611ec7501527db12">material-docs	52e721a</a></span></span>
material-lite	24a23e3"><a data-skip-pjax="true" 	/SamuelDebruyn/hugo-material-lite	24a23e3be3f7f9b2f9d825b5ab4aa51f9cf1818c">material-lite	24a23e3</a></span></span>
minimal	c55c53f"><a data-skip-pjax="true" 	/calintat/minimal	c55c53fc6bee719d6c703786c0c0d4986ac8783f">minimal	c55c53f</a></span></span>
minimo	f243c09"><a data-skip-pjax="true" 	/MunifTanjim/minimo	f243c099a8044888a079879f8c89fe9ce8c905b3">minimo	f243c09</a></span></span>
next	f479d20"><a data-skip-pjax="true" 	/leopku/hugo-theme-next	f479d20f78fc8a2aad3af18642af5eb1e6544ea0">next	f479d20</a></span></span>
nixon	142e0a6"><a data-skip-pjax="true" 	/mdhender/nixon	142e0a6cbe2c3c25fc3276fb7b2227ce8d324e37">nixon	142e0a6</a></span></span>
nofancy	ae46702"><a data-skip-pjax="true" 	/gizak/nofancy	ae4670287c71f4c4aed91be9b3d3919846fd62c9">nofancy	ae46702</a></span></span>
onetwothree	ad62d40"><a data-skip-pjax="true" 	/schollz/onetwothree	ad62d40429bec75eeb2e1d8d9c3d29970b03d567">onetwothree	ad62d40</a></span></span>
osprey	a74aa1c"><a data-skip-pjax="true" 	/tomanistor/osprey	a74aa1c4771ebc2641bb06b29b929d5861ff814d">osprey	a74aa1c</a></span></span>
paperback	5251fea"><a data-skip-pjax="true" 	/damiencaselli/paperback	5251fead2aa80829244d7d713b31600715529820">paperback	5251fea</a></span></span>
persona	eb0c597"><a data-skip-pjax="true" 	/pcdummy/hugo-theme-persona	eb0c597d98eebe42b220655a2ee39e9a40539488">persona	eb0c597</a></span></span>
phugo	c6775f1"><a data-skip-pjax="true" 	/aerohub/phugo	c6775f1d87e4c3f87799ba6cf51bbc1995035566">phugo	c6775f1</a></span></span>
pixyll	3c68447"><a data-skip-pjax="true" 	/azmelanar/hugo-theme-pixyll	3c6844707f9156e0f535bc9b534a2ea6022db6bb">pixyll	3c68447</a></span></span>
plain-blog	7c53f49"><a data-skip-pjax="true" 	/LiaungYip/plain-blog	7c53f49f389f8bd9aa44c0edb8a1d9106a8fd2bd">plain-blog	7c53f49</a></span></span>
polymer	d8be002"><a data-skip-pjax="true" 	/pdevty/polymer	d8be0028b80dcf7026489598f4f8905ecc291611">polymer	d8be002</a></span></span>
projecthub	d0fb856"><a data-skip-pjax="true" 	/vjeantet/hugo-theme-projecthub	d0fb856de1d22a396659a9c3deeeddeb4eeb256e">projecthub	d0fb856</a></span></span>
prologue	e537b6f"><a data-skip-pjax="true" 	/sethmacleod/prologue	e537b6fe81be6483f22ff2b86cd2c832976fbf7c">prologue	e537b6f</a></span></span>
purehugo	8e8cd01"><a data-skip-pjax="true" 	/dplesca/purehugo	8e8cd01b9eba8e70bcc2d2c8b586ed0f4303e8be">purehugo	8e8cd01</a></span></span>
redlounge	f4a97c7"><a data-skip-pjax="true" 	/tmaiaroto/hugo-redlounge	f4a97c79c0699b70ca426133b1244f507f6701da">redlounge	f4a97c7</a></span></span>
retrofulhugo	a7d643f"><a data-skip-pjax="true" 	/5ARMALE/retrofulhugo	a7d643fca8f6424cfc6995036298e7df4f59b1d6">retrofulhugo	a7d643f</a></span></span>
robust	a2e0965"><a data-skip-pjax="true" 	/dim0627/hugo_theme_robust	a2e09657ffd9770ad3eaed9296e593299da4d473">robust	a2e0965</a></span></span>
rocktopus	c47bcd7"><a data-skip-pjax="true" 	/esell/rocktopus	c47bcd755c4fd25a50bdff09fc1064da6d29bbe0">rocktopus	c47bcd7</a></span></span>
shiori	e23d4a1"><a data-skip-pjax="true" 	/chibicode/hugo-theme-shiori	e23d4a165a25e08d054ccce96f072989138347c5">shiori	e23d4a1</a></span></span>
simple-a	fb73012"><a data-skip-pjax="true" 	/AlexFinn/simple-a	fb7301224206de88267cbeec0384d7e854ebcc88">simple-a	fb73012</a></span></span>
simple-hugo	b5adcb7"><a data-skip-pjax="true" 	/druzza/simple-hugo	b5adcb76dcb7b288e96d43809598998c3407158b">simple-hugo	b5adcb7</a></span></span>
simplicity	757b66e"><a data-skip-pjax="true" 	/eshlox/simplicity	757b66e7c7cbde3da5f5195368c823e4d6d55821">simplicity	757b66e</a></span></span>
slate	8a62aa2"><a data-skip-pjax="true" 	/gesquive/slate	8a62aa2e75e87cf04872a398b3f11d4986346439">slate	8a62aa2</a></span></span>
slim	77e7b0e"><a data-skip-pjax="true" 	/zhe/hugo-theme-slim	77e7b0ef54200704e72859497df012d6bcd1ffe5">slim	77e7b0e</a></span></span>
sofya	8169d81"><a data-skip-pjax="true" 	/jonathondilworth/sofya	8169d817c3dce77870630747aebbc5cc3bd6118b">sofya	8169d81</a></span></span>
startbootstrap-clean-blog	5e66eed"><a data-skip-pjax="true" 	/humboldtux/startbootstrap-clean-blog	5e66eed6d840fad3875bcd1b6c4d43730b7a5ee4">startbootstrap-clean-blog	5e66eed</a></span></span>
steam	31b22bb"><a data-skip-pjax="true" 	/digitalcraftsman/hugo-steam-theme	31b22bb9f35f76bae6e645b2eb499ef1899aa4ec">steam	31b22bb</a></span></span>
strange-case	9250dea"><a data-skip-pjax="true" 	/ExchangeRate-API/strange-case	9250deaf6a64949451b44b376d546ed11b9a1684">strange-case	9250dea</a></span></span>
strata	1dad042"><a data-skip-pjax="true" 	/digitalcraftsman/hugo-strata-theme	1dad042b162576ebd73d49cbe12f14608c7aeb24">strata	1dad042</a></span></span>
tachyons	a98c649"><a data-skip-pjax="true" 	/marloncabrera/tachyons	a98c649c0afc175d2332c9ba9a6e0cc92aa7346b">tachyons	a98c649</a></span></span>
temple	35cc7b9"><a data-skip-pjax="true" 	/aos/temple	35cc7b96162ec7b3d0cf7b6a62150df57638a165">temple	35cc7b9</a></span></span>
tinyce	d81fe03"><a data-skip-pjax="true" 	/roperzh/tinyce-hugo-theme	d81fe030099a9d9e4a762bee023105448f3d88d7">tinyce	d81fe03</a></span></span>
twentyfourteen	83f0a78"><a data-skip-pjax="true" 	/jaden/twentyfourteen	83f0a782af8c678f0017d56c2ac8478c31cf8c52">twentyfourteen	83f0a78</a></span></span>
type	51aef3a"><a data-skip-pjax="true" 	/digitalcraftsman/hugo-type-theme	51aef3a5435da3f1b088287e3822ae9968c274f8">type	51aef3a</a></span></span>
vienna	f050f58"><a data-skip-pjax="true" 	/keichi/vienna	f050f5829f4f839494f4e71e1ceec20090bd97de">vienna	f050f58</a></span></span>
whiteplain	db79531"><a data-skip-pjax="true" 	/taikii/whiteplain	db79531246013980aa44bd44caa6019f0b1c8eb1">whiteplain	db79531</a></span></span>
would-have-been-cool-in-the-80s	7933ce7"><a data-skip-pjax="true" 	/pedrodude/would-have-been-cool-in-the-80s	7933ce7d6aad4ecf38edc217340c1004dd8f01fb">would-have-been-cool-in-the-80s	7933ce7</a></span></span>
