Auflistung der Ordnerpfade fÅr Volume New Volume
Volumeseriennummer : 0061005C AA7E:DD19
D:.
|   LICENSE
|   README.md
|   sloc.log
|   theme.toml
|   tree.log
|   
+---archetypes
|       default.md
|       
+---images
|       screenshot.png
|       tn.png
|       
+---layouts
|   |   404.html
|   |   
|   +---partials
|   |       footer.html
|   |       header.html
|   |       
|   \---_default
|           list.html
|           single.html
|           
\---static
    +---css
    |       style.css
    |       
    \---img
            apple-touch-icon.png
            favicon.ico
            
