Auflistung der Ordnerpfade fÅr Volume New Volume
Volumeseriennummer : 0061005C AA7E:DD19
D:.
|   .gitignore
|   Gruntfile.js
|   LICENSE
|   package.json
|   README.md
|   sloc.log
|   theme.toml
|   tree.log
|   
+---archetypes
|       default.md
|       
+---data
|       Formats.yaml
|       Modules.toml
|       Strings.yaml
|       
+---images
|       screenshot.png
|       tn.png
|       
+---layouts
|   |   404.html
|   |   index.html
|   |   
|   +---code
|   |       section.li.html
|   |       single.hat.html
|   |       summary.hat.html
|   |       
|   +---partials
|   |   |   error-404.html
|   |   |   foot-extra.html
|   |   |   foot.html
|   |   |   footer-extra.html
|   |   |   head-extra.html
|   |   |   head.html
|   |   |   header-extra.html
|   |   |   homepage.html
|   |   |   
|   |   +---base
|   |   |       footer.html
|   |   |       header.html
|   |   |       imports.html
|   |   |       metas.html
|   |   |       scripts.html
|   |   |       
|   |   +---bloc
|   |   |   +---content
|   |   |   |       badges.html
|   |   |   |       comments.html
|   |   |   |       content.html
|   |   |   |       h1-link-title.html
|   |   |   |       h1-title.html
|   |   |   |       h2-link-title.html
|   |   |   |       h2-title.html
|   |   |   |       lastupdate.html
|   |   |   |       link-title.html
|   |   |   |       metas.html
|   |   |   |       navigation.html
|   |   |   |       pagination.html
|   |   |   |       readlink.html
|   |   |   |       summary.html
|   |   |   |       
|   |   |   +---footer
|   |   |   |       credits.html
|   |   |   |       credits_copyright.html
|   |   |   |       credits_footline.html
|   |   |   |       nav.html
|   |   |   |       
|   |   |   \---header
|   |   |           brand.html
|   |   |           brand_title.html
|   |   |           brand_topline.html
|   |   |           nav.html
|   |   |           nav_primary.html
|   |   |           nav_secondary.html
|   |   |           
|   |   \---modules
|   |       |   disqus.html
|   |       |   flattr.html
|   |       |   github-ribbon.html
|   |       |   hugo-version.html
|   |       |   
|   |       +---page
|   |       |   |   badges.html
|   |       |   |   date.html
|   |       |   |   labels.html
|   |       |   |   navigation.html
|   |       |   |   summary.html
|   |       |   |   tags.html
|   |       |   |   title.html
|   |       |   |   
|   |       |   \---link
|   |       |           read.html
|   |       |           title.html
|   |       |           
|   |       \---site
|   |           |   brand.html
|   |           |   copyright.html
|   |           |   footline.html
|   |           |   lastupdate.html
|   |           |   pagination.html
|   |           |   topline.html
|   |           |   
|   |           \---link
|   |               |   base.html
|   |               |   footmenu.html
|   |               |   home.html
|   |               |   menu.html
|   |               |   social.html
|   |               |   top.html
|   |               |   
|   |               \---social
|   |                       bitbucket.html
|   |                       email.html
|   |                       facebook.html
|   |                       flickr.html
|   |                       github.html
|   |                       googleplus.html
|   |                       linkedin.html
|   |                       rss.html
|   |                       twitch.html
|   |                       twitter.html
|   |                       vimeo.html
|   |                       youtube.html
|   |                       
|   +---post
|   |       single.boot.html
|   |       single.hat.html
|   |       summary.boot.html
|   |       summary.hat.html
|   |       
|   +---section
|   |       code.html
|   |       
|   +---shortcodes
|   |       alert.html
|   |       labels.html
|   |       
|   +---taxonomy
|   |       topic.html
|   |       topic.terms.html
|   |       
|   \---_default
|           list.html
|           list.li.html
|           section.html
|           section.li.html
|           single.boot.html
|           single.content.html
|           single.hat.html
|           single.html
|           summary.boot.html
|           summary.content.html
|           summary.hat.html
|           summary.html
|           terms.html
|           
+---scss
|   |   style.less
|   |   _00-config.less
|   |   _01-base.less
|   |   _02-layout.less
|   |   _03-modules.less
|   |   _04-themes.less
|   |   _05-alerts.less
|   |   
|   \---knacss
|           knacss.less
|           _00-config.less
|           _01a-normalize.less
|           _01b-base.less
|           _02-layout.less
|           _03-grids.less
|           _04-tables.less
|           _05-forms.less
|           _06-helpers.less
|           _07-responsive.less
|           _08-print.less
|           _09-misc.less
|           _10-styling.less
|           _11-wordpress.less
|           
\---static
    |   favicon.png
    |   touch-icon-144-precomposed.png
    |   
    +---css
    |   |   font-awesome.min.css
    |   |   style.css
    |   |   
    |   \---highlight
    |           arta.css
    |           ascetic.css
    |           atelier-dune.dark.css
    |           atelier-dune.light.css
    |           atelier-forest.dark.css
    |           atelier-forest.light.css
    |           atelier-heath.dark.css
    |           atelier-heath.light.css
    |           atelier-lakeside.dark.css
    |           atelier-lakeside.light.css
    |           atelier-seaside.dark.css
    |           atelier-seaside.light.css
    |           codepen-embed.css
    |           color-brewer.css
    |           dark.css
    |           default.css
    |           docco.css
    |           far.css
    |           foundation.css
    |           github.css
    |           googlecode.css
    |           hybrid.css
    |           idea.css
    |           ir_black.css
    |           kimbie.dark.css
    |           kimbie.light.css
    |           magula.css
    |           mono-blue.css
    |           monokai.css
    |           monokai_sublime.css
    |           obsidian.css
    |           paraiso.dark.css
    |           paraiso.light.css
    |           railscasts.css
    |           rainbow.css
    |           solarized_dark.css
    |           solarized_light.css
    |           sunburst.css
    |           tomorrow-night-blue.css
    |           tomorrow-night-bright.css
    |           tomorrow-night-eighties.css
    |           tomorrow-night.css
    |           tomorrow.css
    |           vs.css
    |           xcode.css
    |           zenburn.css
    |           
    +---fonts
    |       fontawesome-webfont.eot
    |       fontawesome-webfont.svg
    |       fontawesome-webfont.ttf
    |       fontawesome-webfont.woff
    |       fontawesome-webfont.woff2
    |       FontAwesome.otf
    |       
    \---js
            highlight.pack.js
            
