Auflistung der Ordnerpfade fÅr Volume New Volume
Volumeseriennummer : 0061005C AA7E:DD19
D:.
|   .gitignore
|   Gemfile
|   Gemfile.lock
|   README.md
|   sloc.log
|   theme.toml
|   tree.log
|   
+---archetypes
|       default.md
|       
+---images
|       screenshot.png
|       tn.png
|       tn_Mobile.png
|       
+---layouts
|   |   index.html
|   |   rss.xml
|   |   
|   +---pages
|   |       single.html
|   |       
|   +---partials
|   |       comments.html
|   |       footer.html
|   |       head.html
|   |       script.html
|   |       sharing.html
|   |       sidebar.html
|   |       social.html
|   |       
|   +---post
|   |       single.html
|   |       summary.html
|   |       
|   +---shortcodes
|   |       barchart.html
|   |       chart.html
|   |       linechart.html
|   |       relLink.html
|   |       
|   +---taxonomy
|   |       tags.html
|   |       
|   \---_default
|           list.html
|           single.html
|           terms.html
|           
\---static
    +---css
    |   |   lightGallery.css
    |   |   uno.css
    |   |   uno.css.map
    |   |   uno.min.css
    |   |   uno.min.css.map
    |   |   
    |   \---fontawsome
    |       \---scss
    |               font-awesome.css
    |               font-awesome.css.map
    |               
    +---fonts
    |       Slide-icons.dev.svg
    |       Slide-icons.eot
    |       Slide-icons.svg
    |       Slide-icons.ttf
    |       Slide-icons.woff
    |       SourceSerifPro-Regular.otf
    |       Ubuntu-Regular.ttf
    |       
    +---images
    |       background-cover.jpg
    |       background-cover.jpg.bak
    |       
    +---js
    |       Chart.js
    |       Chart.min.js
    |       jquery.min.js
    |       lightGallery.min.js
    |       main.js
    |       main.min.js
    |       
    \---scss
        |   uno.scss
        |   _global.scss
        |   _grid.scss
        |   _media-queries.scss
        |   _reset.scss
        |   _variables.scss
        |   
        +---components
        |       _buttons.scss
        |       _icons.scss
        |       _navigation.scss
        |       _pagination.scss
        |       _panels.scss
        |       _post-list.scss
        |       
        +---fontawsome
        |   |   HELP-US-OUT.txt
        |   |   
        |   +---css
        |   |       font-awesome.css
        |   |       font-awesome.min.css
        |   |       
        |   +---fonts
        |   |       fontawesome-webfont.eot
        |   |       fontawesome-webfont.svg
        |   |       fontawesome-webfont.ttf
        |   |       fontawesome-webfont.woff
        |   |       fontawesome-webfont.woff2
        |   |       FontAwesome.otf
        |   |       
        |   +---less
        |   |       animated.less
        |   |       bordered-pulled.less
        |   |       core.less
        |   |       fixed-width.less
        |   |       font-awesome.less
        |   |       icons.less
        |   |       larger.less
        |   |       list.less
        |   |       mixins.less
        |   |       path.less
        |   |       rotated-flipped.less
        |   |       stacked.less
        |   |       variables.less
        |   |       
        |   \---scss
        |           font-awesome.scss
        |           _animated.scss
        |           _bordered-pulled.scss
        |           _core.scss
        |           _fixed-width.scss
        |           _icons.scss
        |           _larger.scss
        |           _list.scss
        |           _mixins.scss
        |           _path.scss
        |           _rotated-flipped.scss
        |           _stacked.scss
        |           _variables.scss
        |           
        \---sections
                _post.scss
                
