Auflistung der Ordnerpfade fÅr Volume New Volume
Volumeseriennummer : 0061005C AA7E:DD19
D:.
|   LICENSE.md
|   README.md
|   sloc.log
|   theme.toml
|   tree.log
|   
+---archetypes
|       default.md
|       
+---exampleSite
|   |   config.toml
|   |   
|   +---content
|   |   |   index.md
|   |   |   
|   |   +---adding-content
|   |   |       index.md
|   |   |       
|   |   +---getting-started
|   |   |       index.md
|   |   |       
|   |   \---roadmap
|   |           index.md
|   |           
|   \---static
|           .gitkeep
|           
+---images
|       screenshot.png
|       tn.png
|       
+---layouts
|   |   404.html
|   |   index.html
|   |   
|   +---partials
|   |   |   footer.html
|   |   |   head.html
|   |   |   
|   |   \---sidebar
|   |           buttons.html
|   |           donate.html
|   |           menu.html
|   |           relations.html
|   |           sidebar.html
|   |           
|   +---shortcodes
|   |       admonition.html
|   |       
|   \---_default
|           baseof.html
|           single.html
|           
\---static
    |   favicon.ico
    |   
    \---css
            alabaster.css
            basic.css
            highlight.css
            pygments.css
            
