Auflistung der Ordnerpfade fÅr Volume New Volume
Volumeseriennummer : 0061005C AA7E:DD19
D:.
|   .gitignore
|   LICENSE.md
|   README.md
|   sloc.log
|   theme.toml
|   tree.log
|   
+---archetypes
|       default.md
|       slide.md
|       
+---exampleSite
|   |   config.toml
|   |   
|   +---content
|   |   |   credits.md
|   |   |   showcase.md
|   |   |   _index.md
|   |   |   
|   |   +---content-organisation
|   |   |   |   extramenu.md
|   |   |   |   logo.md
|   |   |   |   _index.md
|   |   |   |   
|   |   |   \---customize-style
|   |   |           disable.md
|   |   |           theme-variants.md
|   |   |           themestyle.md
|   |   |           _index.md
|   |   |           
|   |   +---create-page
|   |   |       homepage.md
|   |   |       myslide.md
|   |   |       page-images.md
|   |   |       page-slide.md
|   |   |       _index.md
|   |   |       
|   |   +---getting-start
|   |   |       configuration.md
|   |   |       installation.md
|   |   |       _index.md
|   |   |       
|   |   +---search
|   |   |       _index.md
|   |   |       
|   |   \---shortcodes
|   |       |   alert.md
|   |       |   attachments.md
|   |       |   button.md
|   |       |   excerpt-include.md
|   |       |   excerpt.md
|   |       |   expand.md
|   |       |   icon.md
|   |       |   mermaid.md
|   |       |   notice.md
|   |       |   panel.md
|   |       |   revealjs.md
|   |       |   _index.md
|   |       |   
|   |       +---attachments.files
|   |       |       adivorciarsetoca00cape.pdf
|   |       |       BachGavotteShort.mp3
|   |       |       Carroll_AliceAuPaysDesMerveilles.pdf
|   |       |       hugo.png
|   |       |       movieselectricsheep-flock-244-32500-2.mp4
|   |       |       
|   |       \---children
|   |           |   test.md
|   |           |   _index.md
|   |           |   
|   |           +---children-1
|   |           |   |   _index.md
|   |           |   |   
|   |           |   \---children-1-1
|   |           |       |   _index.md
|   |           |       |   
|   |           |       \---children-1-1-1
|   |           |           |   _index.md
|   |           |           |   
|   |           |           \---children-1-1-1-1
|   |           |               |   _index.md
|   |           |               |   
|   |           |               \---children-1-1-1-1-1
|   |           |                       _index.md
|   |           |                       
|   |           +---children-2
|   |           |       test3.md
|   |           |       _index.md
|   |           |       
|   |           +---children-3
|   |           |       _index.md
|   |           |       
|   |           \---children-4
|   |                   _index.md
|   |                   
|   +---layouts
|   |   +---partials
|   |   |       custom-head.html
|   |   |       menu-footer.html
|   |   |       
|   |   \---shortcodes
|   |           ghcontributors.html
|   |           
|   \---static
|       |   menu-entry-icon.png
|       |   style-flex.png
|       |   style-original.png
|       |   variant-gold.png
|       |   variant-gray.png
|       |   variant-green.png
|       |   
|       \---showcase
|               bitfan.site.png
|               invincible.site.png
|               
+---i18n
|       en.toml
|       es.toml
|       fr.toml
|       nb.toml
|       
+---images
|       screenshot.png
|       tn.png
|       
+---layouts
|   |   404.html
|   |   index.html
|   |   index.json
|   |   
|   +---partials
|   |   |   breadcrumb.html
|   |   |   custom-content-footer.html
|   |   |   custom-footer.html
|   |   |   custom-head.html
|   |   |   header.html
|   |   |   language-selector.html
|   |   |   menu-footer.html
|   |   |   menu.html
|   |   |   next-prev-page.html
|   |   |   pagination.html
|   |   |   
|   |   +---flex
|   |   |       body-aftercontent.html
|   |   |       body-beforecontent.html
|   |   |       head.html
|   |   |       scripts.html
|   |   |       selectnavigation.html
|   |   |       
|   |   \---original
|   |           body-aftercontent.html
|   |           body-beforecontent.html
|   |           head.html
|   |           scripts.html
|   |           
|   +---shortcodes
|   |       alert.html
|   |       anchor.html
|   |       anchorlink.html
|   |       attachmentlink.html
|   |       attachments.html
|   |       button.html
|   |       children.html
|   |       code.html
|   |       emoticon.html
|   |       excerpt-include.html
|   |       excerpt.html
|   |       expand.html
|   |       header.html
|   |       icon.html
|   |       image.html
|   |       info.html
|   |       label.html
|   |       mermaid.html
|   |       note.html
|   |       notice.html
|   |       pagelink.html
|   |       pagetreesearch.html
|   |       panel.html
|   |       recently-updated.html
|   |       relref.html
|   |       revealjs.html
|   |       section.html
|   |       task.html
|   |       tasklist.html
|   |       tip.html
|   |       toc.html
|   |       unknow.html
|   |       userlink.html
|   |       viewppt.html
|   |       viewxls.html
|   |       warning.html
|   |       well.html
|   |       
|   +---slide
|   |       single.html
|   |       
|   \---_default
|           baseof.html
|           li.html
|           list.html
|           single.html
|           
\---static
    |   none.html
    |   
    +---css
    |       auto-complete.css
    |       bootstrap.min.css
    |       featherlight.min.css
    |       font-awesome.min.css
    |       horsey.css
    |       hybrid.css
    |       nucleus.css
    |       
    +---fonts
    |       fontawesome-webfont.eot
    |       fontawesome-webfont.svg
    |       fontawesome-webfont.ttf
    |       fontawesome-webfont.woff
    |       fontawesome-webfont.woff2
    |       FontAwesome.otf
    |       glyphicons-halflings-regular.eot
    |       glyphicons-halflings-regular.svg
    |       glyphicons-halflings-regular.ttf
    |       glyphicons-halflings-regular.woff
    |       glyphicons-halflings-regular.woff2
    |       Inconsolata.eot
    |       Inconsolata.svg
    |       Inconsolata.ttf
    |       Inconsolata.woff
    |       Lato-Bold.ttf
    |       Lato-Bold.woff2
    |       Lato-Regular.ttf
    |       Lato-Regular.woff2
    |       Novecentosanswide-Normal-webfont.eot
    |       Novecentosanswide-Normal-webfont.svg
    |       Novecentosanswide-Normal-webfont.ttf
    |       Novecentosanswide-Normal-webfont.woff
    |       Novecentosanswide-Normal-webfont.woff2
    |       Novecentosanswide-UltraLight-webfont.eot
    |       Novecentosanswide-UltraLight-webfont.svg
    |       Novecentosanswide-UltraLight-webfont.ttf
    |       Novecentosanswide-UltraLight-webfont.woff
    |       Novecentosanswide-UltraLight-webfont.woff2
    |       Roboto-Italic.ttf
    |       Roboto-Medium.ttf
    |       Roboto-Regular.ttf
    |       RobotoMono-Medium.ttf
    |       RobotoMono-Regular.ttf
    |       Work_Sans_200.eot
    |       Work_Sans_200.svg
    |       Work_Sans_200.ttf
    |       Work_Sans_200.woff
    |       Work_Sans_200.woff2
    |       Work_Sans_300.eot
    |       Work_Sans_300.svg
    |       Work_Sans_300.ttf
    |       Work_Sans_300.woff
    |       Work_Sans_300.woff2
    |       Work_Sans_500.eot
    |       Work_Sans_500.svg
    |       Work_Sans_500.ttf
    |       Work_Sans_500.woff
    |       Work_Sans_500.woff2
    |       
    +---images
    |       clippy.svg
    |       favicon.png
    |       gopher-404.jpg
    |       
    +---js
    |       auto-complete.js
    |       clipboard.min.js
    |       docdock.js
    |       featherlight.min.js
    |       highlight.pack.js
    |       html5shiv-printshiv.min.js
    |       jquery-2.x.min.js
    |       lunr.min.js
    |       modernizr.custom.71422.js
    |       search.js
    |       
    +---mermaid
    |       mermaid.css
    |       mermaid.dark.css
    |       mermaid.forest.css
    |       mermaid.js
    |       
    +---revealjs
    |   |   .gitignore
    |   |   .travis.yml
    |   |   bower.json
    |   |   CONTRIBUTING.md
    |   |   demo.html
    |   |   Gruntfile.js
    |   |   index.html
    |   |   LICENSE
    |   |   package.json
    |   |   README.md
    |   |   
    |   +---css
    |   |   |   reveal.css
    |   |   |   reveal.scss
    |   |   |   
    |   |   +---print
    |   |   |       paper.css
    |   |   |       pdf.css
    |   |   |       
    |   |   \---theme
    |   |       |   beige.css
    |   |       |   black.css
    |   |       |   blood.css
    |   |       |   league.css
    |   |       |   moon.css
    |   |       |   night.css
    |   |       |   README.md
    |   |       |   serif.css
    |   |       |   simple.css
    |   |       |   sky.css
    |   |       |   solarized.css
    |   |       |   white.css
    |   |       |   
    |   |       +---source
    |   |       |       beige.scss
    |   |       |       black.scss
    |   |       |       blood.scss
    |   |       |       league.scss
    |   |       |       moon.scss
    |   |       |       night.scss
    |   |       |       serif.scss
    |   |       |       simple.scss
    |   |       |       sky.scss
    |   |       |       solarized.scss
    |   |       |       white.scss
    |   |       |       
    |   |       \---template
    |   |               mixins.scss
    |   |               settings.scss
    |   |               theme.scss
    |   |               
    |   +---js
    |   |       reveal.js
    |   |       
    |   +---lib
    |   |   +---css
    |   |   |       zenburn.css
    |   |   |       
    |   |   +---font
    |   |   |   +---league-gothic
    |   |   |   |       league-gothic.css
    |   |   |   |       league-gothic.eot
    |   |   |   |       league-gothic.ttf
    |   |   |   |       league-gothic.woff
    |   |   |   |       LICENSE
    |   |   |   |       
    |   |   |   \---source-sans-pro
    |   |   |           LICENSE
    |   |   |           source-sans-pro-italic.eot
    |   |   |           source-sans-pro-italic.ttf
    |   |   |           source-sans-pro-italic.woff
    |   |   |           source-sans-pro-regular.eot
    |   |   |           source-sans-pro-regular.ttf
    |   |   |           source-sans-pro-regular.woff
    |   |   |           source-sans-pro-semibold.eot
    |   |   |           source-sans-pro-semibold.ttf
    |   |   |           source-sans-pro-semibold.woff
    |   |   |           source-sans-pro-semibolditalic.eot
    |   |   |           source-sans-pro-semibolditalic.ttf
    |   |   |           source-sans-pro-semibolditalic.woff
    |   |   |           source-sans-pro.css
    |   |   |           
    |   |   \---js
    |   |           classList.js
    |   |           head.min.js
    |   |           html5shiv.js
    |   |           
    |   +---plugin
    |   |   +---highlight
    |   |   |       highlight.js
    |   |   |       
    |   |   +---markdown
    |   |   |       example.html
    |   |   |       example.md
    |   |   |       markdown.js
    |   |   |       marked.js
    |   |   |       
    |   |   +---math
    |   |   |       math.js
    |   |   |       
    |   |   +---multiplex
    |   |   |       client.js
    |   |   |       index.js
    |   |   |       master.js
    |   |   |       package.json
    |   |   |       
    |   |   +---notes
    |   |   |       notes.html
    |   |   |       notes.js
    |   |   |       
    |   |   +---notes-server
    |   |   |       client.js
    |   |   |       index.js
    |   |   |       notes.html
    |   |   |       
    |   |   +---print-pdf
    |   |   |       print-pdf.js
    |   |   |       
    |   |   +---search
    |   |   |       search.js
    |   |   |       
    |   |   \---zoom-js
    |   |           zoom.js
    |   |           
    |   \---test
    |       |   qunit-1.12.0.css
    |       |   qunit-1.12.0.js
    |       |   simple.md
    |       |   test-markdown-element-attributes.html
    |       |   test-markdown-element-attributes.js
    |       |   test-markdown-external.html
    |       |   test-markdown-external.js
    |       |   test-markdown-options.html
    |       |   test-markdown-options.js
    |       |   test-markdown-slide-attributes.html
    |       |   test-markdown-slide-attributes.js
    |       |   test-markdown.html
    |       |   test-markdown.js
    |       |   test-pdf.html
    |       |   test-pdf.js
    |       |   test.html
    |       |   test.js
    |       |   
    |       \---examples
    |           |   barebones.html
    |           |   embedded-media.html
    |           |   math.html
    |           |   slide-backgrounds.html
    |           |   slide-transitions.html
    |           |   
    |           \---assets
    |                   image1.png
    |                   image2.png
    |                   
    +---scss
    |   +---flex
    |   |       article.scss
    |   |       fonts.scss
    |   |       footer.scss
    |   |       header.scss
    |   |       main.scss
    |   |       medias.scss
    |   |       menu.scss
    |   |       shortcode.children.scss
    |   |       shortcode.notice.scss
    |   |       style.scss
    |   |       
    |   \---original
    |           fonts.scss
    |           main.scss
    |           print.scss
    |           responsive.scss
    |           shortcodes.scss
    |           sidebar.scss
    |           style.scss
    |           _colours.scss
    |           _functions.scss
    |           _variables.scss
    |           
    +---theme-flex
    |       ribbon.png
    |       script.js
    |       style.css
    |       
    \---theme-original
            script.js
            style.css
            variant-blue.css
            variant-gold.css
            variant-gray.css
            variant-green.css
            
