Auflistung der Ordnerpfade fÅr Volume New Volume
Volumeseriennummer : 0061005C AA7E:DD19
D:.
|   LICENSE.md
|   README.md
|   sloc.log
|   theme.toml
|   tree.log
|   
+---archetypes
|       default.md
|       
+---images
|       screenshot.png
|       tn.png
|       
+---layouts
|   |   index.html
|   |   
|   +---partials
|   |       content.html
|   |       disqus.html
|   |       footer.html
|   |       header.html
|   |       pagination.html
|   |       
|   \---_default
|           list.html
|           single.html
|           terms.html
|           
\---static
    +---css
    |       materialize.min.css
    |       style.css
    |       
    +---font
    |   +---material-design-icons
    |   |       LICENSE.txt
    |   |       Material-Design-Icons.eot
    |   |       Material-Design-Icons.svg
    |   |       Material-Design-Icons.ttf
    |   |       Material-Design-Icons.woff
    |   |       Material-Design-Icons.woff2
    |   |       
    |   \---roboto
    |           Roboto-Bold.ttf
    |           Roboto-Bold.woff
    |           Roboto-Bold.woff2
    |           Roboto-Light.ttf
    |           Roboto-Light.woff
    |           Roboto-Light.woff2
    |           Roboto-Medium.ttf
    |           Roboto-Medium.woff
    |           Roboto-Medium.woff2
    |           Roboto-Regular.ttf
    |           Roboto-Regular.woff
    |           Roboto-Regular.woff2
    |           Roboto-Thin.ttf
    |           Roboto-Thin.woff
    |           Roboto-Thin.woff2
    |           
    +---images
    |       default.png
    |       facebook-dreamstale25.png
    |       feed-dreamstale27.png
    |       github2-dreamstale35.png
    |       gitlab.png
    |       gplus48x48.png
    |       linkedin-dreamstale45.png
    |       twitter-dreamstale71.png
    |       
    \---js
            init.js
            materialize.min.js
            
