Auflistung der Ordnerpfade fÅr Volume New Volume
Volumeseriennummer : 0061005C AA7E:DD19
D:.
|   .gitmodules
|   AUTHORS
|   LICENSE
|   README.md
|   sloc.log
|   theme.toml
|   tree.log
|   
+---images
|       snapshot.png
|       tn.png
|       
+---layouts
|   |   index.ace_wip
|   |   index.html
|   |   sitemap.xml
|   |   
|   +---author
|   |       li.html
|   |       single.html
|   |       summary.html
|   |       
|   +---indexes
|   |       category.html
|   |       post.html
|   |       tag.html
|   |       
|   +---page
|   |       single.html
|   |       
|   +---partials
|   |   |   analytics.html
|   |   |   author_shortbio.html
|   |   |   comment_area.html
|   |   |   disqus_id.html
|   |   |   footer.html
|   |   |   header.html
|   |   |   header.includes.html
|   |   |   menu.html
|   |   |   meta.html
|   |   |   navbar.html
|   |   |   pagination.html
|   |   |   profile_heading.html
|   |   |   
|   |   +---author
|   |   |       single_content_area.html
|   |   |       
|   |   +---page
|   |   |       single_content_area.html
|   |   |       
|   |   +---post
|   |   |       image_area.html
|   |   |       info.html
|   |   |       single_content_area.html
|   |   |       single_pagination.html
|   |   |       
|   |   \---_widgets
|   |           copyright.html
|   |           dribble.html
|   |           flickr.html
|   |           menu.html
|   |           search.html
|   |           simpletaglist.html
|   |           social.html
|   |           text.html
|   |           twitter.html
|   |           
|   +---post
|   |       list.html
|   |       single.html
|   |       summary.html
|   |       
|   +---quote
|   |       li.html
|   |       single.html
|   |       summary.html
|   |       
|   +---shortcodes
|   |       lightslider.html
|   |       vimeo.html
|   |       youtube.html
|   |       
|   +---_default
|   |       li.html
|   |       list.html
|   |       single.html
|   |       
|   \---_widget
|           simpletaglist.html
|           
+---static
|   \---static
|       +---css
|       |   |   arrows.png
|       |   |   bootstrap-theme.min.css
|       |   |   bootstrap.min.css
|       |   |   bullets.png
|       |   |   customresponsive.css
|       |   |   lato-font.css
|       |   |   lightGallery.css
|       |   |   lightslider.css
|       |   |   notoserif-font.css
|       |   |   persona-icons.css
|       |   |   responsive.css
|       |   |   slider_style.css
|       |   |   style.css
|       |   |   
|       |   \---highlight
|       |           arta.css
|       |           ascetic.css
|       |           atelier-dune.dark.css
|       |           atelier-dune.light.css
|       |           atelier-forest.dark.css
|       |           atelier-forest.light.css
|       |           atelier-heath.dark.css
|       |           atelier-heath.light.css
|       |           atelier-lakeside.dark.css
|       |           atelier-lakeside.light.css
|       |           atelier-seaside.dark.css
|       |           atelier-seaside.light.css
|       |           brown_paper.css
|       |           brown_papersq.png
|       |           codepen-embed.css
|       |           color-brewer.css
|       |           dark.css
|       |           default.css
|       |           docco.css
|       |           far.css
|       |           foundation.css
|       |           github.css
|       |           googlecode.css
|       |           hybrid.css
|       |           idea.css
|       |           ir_black.css
|       |           kimbie.dark.css
|       |           kimbie.light.css
|       |           magula.css
|       |           mono-blue.css
|       |           monokai.css
|       |           monokai_sublime.css
|       |           obsidian.css
|       |           paraiso.dark.css
|       |           paraiso.light.css
|       |           pojoaque.css
|       |           pojoaque.jpg
|       |           railscasts.css
|       |           rainbow.css
|       |           school_book.css
|       |           school_book.png
|       |           solarized_dark.css
|       |           solarized_light.css
|       |           sunburst.css
|       |           tomorrow-night-blue.css
|       |           tomorrow-night-bright.css
|       |           tomorrow-night-eighties.css
|       |           tomorrow-night.css
|       |           tomorrow.css
|       |           vs.css
|       |           xcode.css
|       |           zenburn.css
|       |           
|       +---fonts
|       |   |   courier.ttf
|       |   |   fontawesome-webfont.eot
|       |   |   fontawesome-webfont.svg
|       |   |   fontawesome-webfont.ttf
|       |   |   fontawesome-webfont.woff
|       |   |   fontawesome-webfont.woff2
|       |   |   glyphicons-halflings-regular.eot
|       |   |   glyphicons-halflings-regular.svg
|       |   |   glyphicons-halflings-regular.ttf
|       |   |   glyphicons-halflings-regular.woff
|       |   |   glyphicons-halflings-regular.woff2
|       |   |   Slide-icons.eot
|       |   |   Slide-icons.svg
|       |   |   Slide-icons.ttf
|       |   |   Slide-icons.woff
|       |   |   
|       |   +---lato
|       |   |       1YwB1sO8YE1Lyjf12WNiUA.woff2
|       |   |       2HG_tEPiQ4Z6795cGfdivD8E0i7KZn-EPnyo3HZu7kw.woff
|       |   |       2HG_tEPiQ4Z6795cGfdivFtXRa8TVwTICgirnJhmVJw.woff2
|       |   |       9k-RPmcnxYEPm8CNFsH2gg.woff
|       |   |       9TBVFLzQ3GUZLG8FZ4yrEfesZW2xOQ-xsNqO47m55DA.woff2
|       |   |       boeCNmOCCh-EWFLSfVffDg.woff
|       |   |       BVtM30trf7q_jfqYeHfjtA.woff
|       |   |       CggrdU0t5c42NcNxN-VM3_esZW2xOQ-xsNqO47m55DA.woff
|       |   |       EsvMC5un3kjyUhB9ZEPPwg.woff2
|       |   |       GtRkRNTnri0g82CjKnEB0Q.woff2
|       |   |       H2DMvhDLycM56KNuAtbJYA.woff2
|       |   |       HkF_qI1x_noxlxhrhMQYED8E0i7KZn-EPnyo3HZu7kw.woff
|       |   |       HkF_qI1x_noxlxhrhMQYEFtXRa8TVwTICgirnJhmVJw.woff2
|       |   |       KT3KS9Aol4WfR6Vas8kNcg.woff
|       |   |       oUan5VrEkpzIazlUe5ieaA.woff
|       |   |       PLygLKRVCQnA5fhu3qk5fQ.woff2
|       |   |       tI4j516nok_GrVf4dhunkg.woff2
|       |   |       VNUH7ZAcagYBWsAiBBCEY1tXRa8TVwTICgirnJhmVJw.woff2
|       |   |       VNUH7ZAcagYBWsAiBBCEYz8E0i7KZn-EPnyo3HZu7kw.woff
|       |   |       wkfQbvfT_02e2IWO3yYueQ.woff
|       |   |       
|       |   \---notoserif
|       |           eCpfeMZI7q4jLksXVRWPQxsxEYwM7FgeyaSgU71cLG0.woff
|       |           eCpfeMZI7q4jLksXVRWPQ_k_vArhqVIZ0nv9q090hN8.woff2
|       |           HQXBIwLHsOJCNEQeX9kNz-gdm0LZdjqr5-oayXSOefg.woff2
|       |           HQXBIwLHsOJCNEQeX9kNz3hCUOGz7vYGh680lGh-uXM.woff
|       |           lJAvZoKA5NttpPc9yc6lPQFhaRv2pGgT5Kf0An0s4MM.woff
|       |           lJAvZoKA5NttpPc9yc6lPYWiMMZ7xLd792ULpGE4W_Y.woff2
|       |           Wreg0Be4tcFGM2t6VWytvHl4twXkwp3_u9ZoePkT564.woff
|       |           Wreg0Be4tcFGM2t6VWytvHNuWYKPzoeKl5tYj8yhly0.woff2
|       |           
|       +---images
|       |       comment_thumb.jpg
|       |       dribble.jpg
|       |       p1.jpg
|       |       p2.jpg
|       |       p22.jpg
|       |       p3.jpg
|       |       p4.jpg
|       |       p5.jpg
|       |       thumbnail.jpg
|       |       
|       +---img
|       |       controls.png
|       |       
|       \---js
|               bootstrap.min.js
|               highlight.pack.js
|               jquery.min.js
|               lightGallery.min.js
|               lightslider.min.js
|               main.js
|               thirdparties.js
|               
\---vendor
    |   jquery-1.11.3.min.js
    |   
    +---bootstrap
    |   |   boostrap-3.3.2-dist
    |   |   
    |   +---css
    |   |       bootstrap-theme.css
    |   |       bootstrap-theme.css.map
    |   |       bootstrap-theme.min.css
    |   |       bootstrap.css
    |   |       bootstrap.css.map
    |   |       bootstrap.min.css
    |   |       
    |   +---fonts
    |   |       glyphicons-halflings-regular.eot
    |   |       glyphicons-halflings-regular.svg
    |   |       glyphicons-halflings-regular.ttf
    |   |       glyphicons-halflings-regular.woff
    |   |       glyphicons-halflings-regular.woff2
    |   |       
    |   \---js
    |           bootstrap.js
    |           bootstrap.min.js
    |           npm.js
    |           
    +---fontawesome
    +---highlightjs
    |   |   CHANGES.md
    |   |   highlight.pack.js
    |   |   LICENSE
    |   |   README.md
    |   |   README.ru.md
    |   |   
    |   \---styles
    |           arta.css
    |           ascetic.css
    |           atelier-dune.dark.css
    |           atelier-dune.light.css
    |           atelier-forest.dark.css
    |           atelier-forest.light.css
    |           atelier-heath.dark.css
    |           atelier-heath.light.css
    |           atelier-lakeside.dark.css
    |           atelier-lakeside.light.css
    |           atelier-seaside.dark.css
    |           atelier-seaside.light.css
    |           brown_paper.css
    |           brown_papersq.png
    |           codepen-embed.css
    |           color-brewer.css
    |           dark.css
    |           default.css
    |           docco.css
    |           far.css
    |           foundation.css
    |           github.css
    |           googlecode.css
    |           hybrid.css
    |           idea.css
    |           ir_black.css
    |           kimbie.dark.css
    |           kimbie.light.css
    |           magula.css
    |           mono-blue.css
    |           monokai.css
    |           monokai_sublime.css
    |           obsidian.css
    |           paraiso.dark.css
    |           paraiso.light.css
    |           pojoaque.css
    |           pojoaque.jpg
    |           railscasts.css
    |           rainbow.css
    |           school_book.css
    |           school_book.png
    |           solarized_dark.css
    |           solarized_light.css
    |           sunburst.css
    |           tomorrow-night-blue.css
    |           tomorrow-night-bright.css
    |           tomorrow-night-eighties.css
    |           tomorrow-night.css
    |           tomorrow.css
    |           vs.css
    |           xcode.css
    |           zenburn.css
    |           
    +---lightgallery
    \---lightslider
