Auflistung der Ordnerpfade fÅr Volume New Volume
Volumeseriennummer : 0061005C AA7E:DD19
D:.
|   LICENSE.md
|   README.md
|   sloc.log
|   theme.toml
|   tree.log
|   
+---archetypes
|       default.md
|       
+---images
|       screenshot.png
|       tn.png
|       
+---layouts
|   |   index.html
|   |   
|   +---partials
|   |       content.html
|   |       disqus.html
|   |       footer.html
|   |       header.html
|   |       pagination.html
|   |       
|   \---_default
|           list.html
|           single.html
|           terms.html
|           
\---static
    |   bower.json
    |   
    +---bower_components
    |   +---font-roboto
    |   |       .bower.json
    |   |       bower.json
    |   |       README.md
    |   |       roboto.html
    |   |       
    |   +---iron-a11y-keys-behavior
    |   |   |   .bower.json
    |   |   |   .gitignore
    |   |   |   bower.json
    |   |   |   index.html
    |   |   |   iron-a11y-keys-behavior.html
    |   |   |   README.md
    |   |   |   
    |   |   +---demo
    |   |   |       index.html
    |   |   |       x-key-aware.html
    |   |   |       
    |   |   \---test
    |   |           basic-test.html
    |   |           index.html
    |   |           
    |   +---iron-behaviors
    |   |   |   .bower.json
    |   |   |   .gitignore
    |   |   |   bower.json
    |   |   |   index.html
    |   |   |   iron-button-state.html
    |   |   |   iron-control-state.html
    |   |   |   README.md
    |   |   |   
    |   |   +---demo
    |   |   |       index.html
    |   |   |       simple-button.html
    |   |   |       
    |   |   \---test
    |   |           active-state.html
    |   |           disabled-state.html
    |   |           focused-state.html
    |   |           index.html
    |   |           test-elements.html
    |   |           
    |   +---iron-flex-layout
    |   |   |   .bower.json
    |   |   |   .gitignore
    |   |   |   bower.json
    |   |   |   iron-flex-layout.html
    |   |   |   README.md
    |   |   |   
    |   |   +---classes
    |   |   |       iron-flex-layout.html
    |   |   |       iron-shadow-flex-layout.html
    |   |   |       
    |   |   \---demo
    |   |           index.html
    |   |           x-app.html
    |   |           
    |   +---iron-icon
    |   |   |   .bower.json
    |   |   |   .gitignore
    |   |   |   bower.json
    |   |   |   hero.svg
    |   |   |   index.html
    |   |   |   iron-icon.html
    |   |   |   README.md
    |   |   |   
    |   |   +---demo
    |   |   |       index.html
    |   |   |       location.png
    |   |   |       
    |   |   \---test
    |   |           index.html
    |   |           iron-icon.html
    |   |           
    |   +---iron-icons
    |   |   |   .bower.json
    |   |   |   .gitignore
    |   |   |   av-icons.html
    |   |   |   bower.json
    |   |   |   communication-icons.html
    |   |   |   device-icons.html
    |   |   |   editor-icons.html
    |   |   |   hardware-icons.html
    |   |   |   hero.svg
    |   |   |   image-icons.html
    |   |   |   index.html
    |   |   |   iron-icons.html
    |   |   |   maps-icons.html
    |   |   |   notification-icons.html
    |   |   |   README.md
    |   |   |   social-icons.html
    |   |   |   
    |   |   \---demo
    |   |           index.html
    |   |           
    |   +---iron-iconset-svg
    |   |   |   .bower.json
    |   |   |   .gitignore
    |   |   |   bower.json
    |   |   |   index.html
    |   |   |   iron-iconset-svg.html
    |   |   |   README.md
    |   |   |   
    |   |   +---demo
    |   |   |       index.html
    |   |   |       svg-sample-icons.html
    |   |   |       
    |   |   \---test
    |   |           index.html
    |   |           iron-iconset-svg.html
    |   |           
    |   +---iron-image
    |   |   |   .bower.json
    |   |   |   .gitignore
    |   |   |   bower.json
    |   |   |   index.html
    |   |   |   iron-image.html
    |   |   |   README.md
    |   |   |   
    |   |   +---demo
    |   |   |       index.html
    |   |   |       polymer.svg
    |   |   |       
    |   |   \---test
    |   |           index.html
    |   |           iron-image.html
    |   |           
    |   +---iron-media-query
    |   |   |   .bower.json
    |   |   |   .gitignore
    |   |   |   bower.json
    |   |   |   hero.svg
    |   |   |   index.html
    |   |   |   iron-media-query.html
    |   |   |   README.md
    |   |   |   
    |   |   +---demo
    |   |   |       index.html
    |   |   |       
    |   |   \---test
    |   |           basic.html
    |   |           index.html
    |   |           
    |   +---iron-menu-behavior
    |   |   |   .bower.json
    |   |   |   .gitignore
    |   |   |   bower.json
    |   |   |   index.html
    |   |   |   iron-menu-behavior.html
    |   |   |   iron-menubar-behavior.html
    |   |   |   README.md
    |   |   |   
    |   |   +---demo
    |   |   |       index.html
    |   |   |       simple-menu.html
    |   |   |       simple-menubar.html
    |   |   |       
    |   |   \---test
    |   |           index.html
    |   |           iron-menu-behavior.html
    |   |           iron-menubar-behavior.html
    |   |           test-menu.html
    |   |           test-menubar.html
    |   |           
    |   +---iron-meta
    |   |   |   .bower.json
    |   |   |   .gitignore
    |   |   |   bower.json
    |   |   |   hero.svg
    |   |   |   index.html
    |   |   |   iron-meta.html
    |   |   |   README.md
    |   |   |   
    |   |   +---demo
    |   |   |       index.html
    |   |   |       
    |   |   \---test
    |   |           basic.html
    |   |           index.html
    |   |           iron-meta.html
    |   |           
    |   +---iron-resizable-behavior
    |   |   |   .bower.json
    |   |   |   .gitignore
    |   |   |   bower.json
    |   |   |   index.html
    |   |   |   iron-resizable-behavior.html
    |   |   |   README.md
    |   |   |   
    |   |   +---demo
    |   |   |   |   index.html
    |   |   |   |   
    |   |   |   \---src
    |   |   |           x-app.html
    |   |   |           
    |   |   \---test
    |   |           basic.html
    |   |           index.html
    |   |           iron-resizable-behavior.html
    |   |           test-elements.html
    |   |           
    |   +---iron-selector
    |   |   |   .bower.json
    |   |   |   .gitignore
    |   |   |   bower.json
    |   |   |   index.html
    |   |   |   iron-multi-selectable.html
    |   |   |   iron-selectable.html
    |   |   |   iron-selection.html
    |   |   |   iron-selector.html
    |   |   |   README.md
    |   |   |   
    |   |   +---demo
    |   |   |       index.html
    |   |   |       
    |   |   \---test
    |   |           activate-event.html
    |   |           basic.html
    |   |           content-element.html
    |   |           content.html
    |   |           index.html
    |   |           multi.html
    |   |           next-previous.html
    |   |           selected-attribute.html
    |   |           template-repeat.html
    |   |           
    |   +---paper-behaviors
    |   |   |   .bower.json
    |   |   |   .gitignore
    |   |   |   bower.json
    |   |   |   index.html
    |   |   |   paper-button-behavior.html
    |   |   |   paper-inky-focus-behavior.html
    |   |   |   README.md
    |   |   |   
    |   |   +---demo
    |   |   |       index.html
    |   |   |       paper-button.html
    |   |   |       paper-radio-button.html
    |   |   |       
    |   |   \---test
    |   |           index.html
    |   |           paper-button-behavior.html
    |   |           paper-radio-button-behavior.html
    |   |           test-button.html
    |   |           test-radio-button.html
    |   |           
    |   +---paper-drawer-panel
    |   |   |   .bower.json
    |   |   |   .gitignore
    |   |   |   bower.json
    |   |   |   hero.svg
    |   |   |   index.html
    |   |   |   paper-drawer-panel.css
    |   |   |   paper-drawer-panel.html
    |   |   |   README.md
    |   |   |   
    |   |   \---demo
    |   |           index.html
    |   |           
    |   +---paper-fab
    |   |   |   .bower.json
    |   |   |   .gitignore
    |   |   |   bower.json
    |   |   |   index.html
    |   |   |   paper-fab.html
    |   |   |   README.md
    |   |   |   
    |   |   +---demo
    |   |   |       index.html
    |   |   |       
    |   |   \---test
    |   |           a11y.html
    |   |           basic.html
    |   |           index.html
    |   |           
    |   +---paper-icon-button
    |   |   |   .bower.json
    |   |   |   .gitignore
    |   |   |   bower.json
    |   |   |   index.html
    |   |   |   paper-icon-button.html
    |   |   |   README.md
    |   |   |   
    |   |   +---demo
    |   |   |       index.html
    |   |   |       
    |   |   \---test
    |   |           a11y.html
    |   |           basic.html
    |   |           index.html
    |   |           
    |   +---paper-item
    |   |   |   .bower.json
    |   |   |   .gitignore
    |   |   |   all-imports.html
    |   |   |   bower.json
    |   |   |   index.html
    |   |   |   paper-icon-item.html
    |   |   |   paper-item-body.html
    |   |   |   paper-item-shared.css
    |   |   |   paper-item.html
    |   |   |   README.md
    |   |   |   
    |   |   +---demo
    |   |   |       index.html
    |   |   |       
    |   |   \---test
    |   |           index.html
    |   |           paper-item.html
    |   |           
    |   +---paper-material
    |   |   |   .bower.json
    |   |   |   .gitignore
    |   |   |   bower.json
    |   |   |   index.html
    |   |   |   paper-material.html
    |   |   |   README.md
    |   |   |   
    |   |   +---demo
    |   |   |       index.html
    |   |   |       
    |   |   \---test
    |   |           index.html
    |   |           paper-material.html
    |   |           
    |   +---paper-menu
    |   |   |   .bower.json
    |   |   |   .gitignore
    |   |   |   bower.json
    |   |   |   hero.svg
    |   |   |   index.html
    |   |   |   paper-menu.html
    |   |   |   README.md
    |   |   |   
    |   |   +---demo
    |   |   |       index.html
    |   |   |       
    |   |   \---test
    |   |           index.html
    |   |           paper-menu.html
    |   |           
    |   +---paper-ripple
    |   |   |   .bower.json
    |   |   |   .gitignore
    |   |   |   bower.json
    |   |   |   hero.svg
    |   |   |   index.html
    |   |   |   paper-ripple.html
    |   |   |   README.md
    |   |   |   
    |   |   +---demo
    |   |   |       index.html
    |   |   |       
    |   |   \---test
    |   |           index.html
    |   |           paper-ripple.html
    |   |           
    |   +---paper-scroll-header-panel
    |   |   |   .bower.json
    |   |   |   .gitignore
    |   |   |   bower.json
    |   |   |   hero.svg
    |   |   |   index.html
    |   |   |   paper-scroll-header-panel.html
    |   |   |   README.md
    |   |   |   
    |   |   +---demo
    |   |   |   |   demo1.html
    |   |   |   |   demo2.html
    |   |   |   |   demo3.html
    |   |   |   |   demo4.html
    |   |   |   |   demo5.html
    |   |   |   |   demo6.html
    |   |   |   |   demo7.html
    |   |   |   |   demo8.html
    |   |   |   |   demo9.html
    |   |   |   |   index.html
    |   |   |   |   lorem-ipsum.html
    |   |   |   |   sample-content.html
    |   |   |   |   
    |   |   |   \---images
    |   |   |           bg2.jpg
    |   |   |           bg3.jpg
    |   |   |           bg5.jpg
    |   |   |           bg6.jpg
    |   |   |           bg9.jpg
    |   |   |           
    |   |   \---test
    |   |           basic.html
    |   |           index.html
    |   |           
    |   +---paper-styles
    |   |   |   .bower.json
    |   |   |   bower.json
    |   |   |   color.html
    |   |   |   default-theme.html
    |   |   |   demo-pages.html
    |   |   |   demo.css
    |   |   |   paper-styles-classes.html
    |   |   |   paper-styles.html
    |   |   |   README.md
    |   |   |   shadow.html
    |   |   |   typography.html
    |   |   |   
    |   |   +---classes
    |   |   |       global.html
    |   |   |       shadow-layout.html
    |   |   |       shadow.html
    |   |   |       typography.html
    |   |   |       
    |   |   \---demo
    |   |           index.html
    |   |           
    |   +---paper-toolbar
    |   |   |   .bower.json
    |   |   |   .gitignore
    |   |   |   bower.json
    |   |   |   index.html
    |   |   |   paper-toolbar.html
    |   |   |   README.md
    |   |   |   
    |   |   +---demo
    |   |   |       index.html
    |   |   |       
    |   |   \---test
    |   |           index.html
    |   |           paper-toolbar.html
    |   |           
    |   +---polymer
    |   |       .bower.json
    |   |       bower.json
    |   |       build.log
    |   |       LICENSE.txt
    |   |       polymer-micro.html
    |   |       polymer-mini.html
    |   |       polymer.html
    |   |       
    |   \---webcomponentsjs
    |           .bower.json
    |           bower.json
    |           build.log
    |           CustomElements.js
    |           CustomElements.min.js
    |           HTMLImports.js
    |           HTMLImports.min.js
    |           MutationObserver.js
    |           MutationObserver.min.js
    |           package.json
    |           README.md
    |           ShadowDOM.js
    |           ShadowDOM.min.js
    |           webcomponents-lite.js
    |           webcomponents-lite.min.js
    |           webcomponents.js
    |           webcomponents.min.js
    |           
    \---images
            cover.png
            facebook-dreamstale25.png
            feed-dreamstale27.png
            github2-dreamstale35.png
            google+-dreamstale37.png
            linkedin-dreamstale45.png
            photo.png
            profile.png
            twitter-dreamstale71.png
            
