Auflistung der Ordnerpfade fÅr Volume New Volume
Volumeseriennummer : 0061005C AA7E:DD19
D:.
|   .editorconfig
|   LICENSE.md
|   README.md
|   sloc.log
|   theme.toml
|   tree.log
|   
+---archetypes
|       default.md
|       
+---exampleSite
|   |   config.toml
|   |   
|   +---content
|   |   +---page
|   |   |       about.md
|   |   |       
|   |   \---post
|   |           hello.md
|   |           
|   \---static
|           .gitkeep
|           
+---images
|       screenshot.png
|       tn.png
|       
+---layouts
|   |   index.html
|   |   
|   +---partials
|   |       footer.html
|   |       head.html
|   |       header.html
|   |       nav.html
|   |       
|   \---_default
|           single.html
|           
\---static
    +---css
    |       main.css
    |       
    \---images
            hugo-logo.png
            logo.png
            
