Auflistung der Ordnerpfade fÅr Volume New Volume
Volumeseriennummer : 0061005C AA7E:DD19
D:.
|   .gitignore
|   LICENSE.md
|   README.md
|   sloc.log
|   theme.toml
|   tree.log
|   
+---archetypes
|       blog.md
|       docs.md
|       
+---exampleSite
|   |   config.toml
|   |   
|   +---content
|   |   |   account.md
|   |   |   company.md
|   |   |   password-recovery.md
|   |   |   _index.md
|   |   |   
|   |   +---blog
|   |   |       collapse.md
|   |   |       inline-style.md
|   |   |       messages.md
|   |   |       prototyping.md
|   |   |       typography.md
|   |   |       welcome.md
|   |   |       
|   |   +---docs
|   |   |       animation.md
|   |   |       breadcrumbs.md
|   |   |       buttons.md
|   |   |       collapse.md
|   |   |       colors.md
|   |   |       custom-plugins.md
|   |   |       dropdown.md
|   |   |       forms.md
|   |   |       grid.md
|   |   |       labels.md
|   |   |       messages.md
|   |   |       mixins.md
|   |   |       modal.md
|   |   |       offcanvas.md
|   |   |       pagination.md
|   |   |       quick-start.md
|   |   |       sizing.md
|   |   |       sticky.md
|   |   |       tables.md
|   |   |       tabs.md
|   |   |       toggleme.md
|   |   |       typography.md
|   |   |       utils.md
|   |   |       
|   |   \---faq
|   |           _index.md
|   |           
|   \---static
|           .gitkeep
|           
+---images
|       docs.png
|       faq.png
|       list-docs.png
|       post.png
|       screenshot.png
|       signin.png
|       tn.png
|       
+---layouts
|   |   404.html
|   |   index.html
|   |   
|   +---blog
|   |       single.html
|   |       
|   +---docs
|   |       single.html
|   |       
|   +---partials
|   |   |   favicon.html
|   |   |   footer.html
|   |   |   header.html
|   |   |   page-summary.html
|   |   |   pagination.html
|   |   |   site-verification.html
|   |   |   toc.html
|   |   |   
|   |   +---meta
|   |   |       name-author.html
|   |   |       ogimage.html
|   |   |       
|   |   +---post
|   |   |       byauthor.html
|   |   |       category-link.html
|   |   |       meta.html
|   |   |       related-content.html
|   |   |       tag-link.html
|   |   |       
|   |   \---scripts
|   |           animation.html
|   |           
|   +---section
|   |       docs.html
|   |       faq.html
|   |       
|   \---_default
|           baseof.html
|           list.html
|           single.html
|           
\---static
    +---css
    |       custom.css
    |       font.css
    |       highlight.css
    |       kube.css
    |       kube.demo.css
    |       kube.legenda.css
    |       kube.min.css
    |       master.css
    |       
    +---font
    |       Lato-Black.woff
    |       Lato-Bold.woff
    |       Lato-BoldItalic.woff
    |       Lato-Italic.woff
    |       Lato-Regular.woff
    |       Lato-Semibold.woff
    |       Lato-SemiboldItalic.woff
    |       
    +---img
    |   |   icon-minimalism.png
    |   |   icon-typo.png
    |   |   
    |   +---common
    |   |       icon-twitter.png
    |   |       logo.png
    |   |       logx2.png
    |   |       
    |   +---favicons
    |   |       logo-384x384.png
    |   |       
    |   \---kube
    |       |   brand.png
    |       |   icon-baseline.png
    |       |   icon-minimalism.png
    |       |   icon-typo.png
    |       |   
    |       \---typography
    |               01.png
    |               02.png
    |               
    \---js
            jquery-2.1.4.min.js
            kube.js
            kube.legenda.js
            kube.min.js
            master.js
            tocbot.min.js
            
