Auflistung der Ordnerpfade fÅr Volume New Volume
Volumeseriennummer : 0061005C AA7E:DD19
D:.
|   .all-contributorsrc
|   .gitignore
|   dev-config.toml
|   LICENSE.md
|   package-lock.json
|   package.json
|   README-zh.md
|   README.md
|   sloc.log
|   theme.toml
|   tree.log
|   webpack.config.js
|   
+---archetypes
|       default.md
|       
+---exampleSite
|   |   config.toml
|   |   
|   \---content
|       |   about.md
|       |   
|       \---post
|               creating-a-new-theme.md
|               english-preview.md
|               goisforlovers.md
|               hugoisforlovers.md
|               jane-theme-preview.md
|               migrate-from-jekyll.md
|               shortcodes-preview.md
|               syntax-highlighting.md
|               this-is-a-very-long-title.md
|               
+---i18n
|       en.yaml
|       es.yaml
|       ru.yaml
|       zh-cn.yaml
|       
+---images
|       preview.png
|       screenshot.png
|       tn.png
|       
+---layouts
|   |   404.html
|   |   index.html
|   |   robots.txt
|   |   rss.xml
|   |   sitemap.xml
|   |   
|   +---partials
|   |   |   comments.html
|   |   |   custom_head.html
|   |   |   footer.html
|   |   |   head.html
|   |   |   header.html
|   |   |   pagination.html
|   |   |   scripts.html
|   |   |   slideout.html
|   |   |   
|   |   \---post
|   |           copyright.html
|   |           reward.html
|   |           toc.html
|   |           
|   +---post
|   |       single.html
|   |       summary.html
|   |       
|   +---shortcodes
|   |       blockquote.html
|   |       imgcap.html
|   |       music.html
|   |       wp.html
|   |       
|   \---_default
|           baseof.html
|           section.html
|           single.html
|           single.md
|           taxonomy.html
|           terms.html
|           
+---src
|   |   .babelrc
|   |   postcss.config.js
|   |   
|   +---css
|   |   |   style.scss
|   |   |   _base.scss
|   |   |   _iconfont.scss
|   |   |   _variables.scss
|   |   |   
|   |   +---_common
|   |   |       _animation.scss
|   |   |       _normalize.scss
|   |   |       _utils.scss
|   |   |       
|   |   +---_custom
|   |   |       _custom.scss
|   |   |       
|   |   \---_partial
|   |       |   _404.scss
|   |       |   _archive.scss
|   |       |   _back-to-top.scss
|   |       |   _categories.scss
|   |       |   _footer.scss
|   |       |   _header.scss
|   |       |   _mobile.scss
|   |       |   _pagination.scss
|   |       |   _post.scss
|   |       |   _slideout.scss
|   |       |   _tags.scss
|   |       |   
|   |       +---_footer
|   |       |       _copyright.scss
|   |       |       _social.scss
|   |       |       
|   |       +---_header
|   |       |       _logo.scss
|   |       |       _menu.scss
|   |       |       
|   |       \---_post
|   |               _code.scss
|   |               _content.scss
|   |               _copyright.scss
|   |               _disqus.scss
|   |               _footer.scss
|   |               _header.scss
|   |               _reward.scss
|   |               _toc.scss
|   |               
|   +---fonts
|   |   +---chancery
|   |   |       apple-chancery-webfont.eot
|   |   |       apple-chancery-webfont.svg
|   |   |       apple-chancery-webfont.ttf
|   |   |       apple-chancery-webfont.woff
|   |   |       apple-chancery-webfont.woff2
|   |   |       
|   |   \---svg
|   |           douban.svg
|   |           email.svg
|   |           facebook.svg
|   |           github.svg
|   |           gitlab.svg
|   |           goodreads.svg
|   |           google.svg
|   |           heart.svg
|   |           instagram.svg
|   |           left.svg
|   |           linkedin.svg
|   |           new-window.svg
|   |           pocket.svg
|   |           right.svg
|   |           rss.svg
|   |           stack-overflow.svg
|   |           tumblr.svg
|   |           twitter.svg
|   |           up.svg
|   |           weibo.svg
|   |           zhihu.svg
|   |           
|   \---js
|           jane.js
|           main.js
|           
\---static
    |   favicon.ico
    |   sitemap.xsl
    |   
    +---dist
    |   |   jane.min.css
    |   |   jane.min.css.map
    |   |   jane.min.js
    |   |   jane.min.js.map
    |   |   
    |   \---fonts
    |       \---chancery
    |               apple-chancery-webfont.eot
    |               apple-chancery-webfont.svg
    |               apple-chancery-webfont.ttf
    |               apple-chancery-webfont.woff
    |               apple-chancery-webfont.woff2
    |               
    \---lib
        +---fancybox
        |       jquery.fancybox-3.1.20.min.css
        |       jquery.fancybox-3.1.20.min.js
        |       
        +---gitment
        |       gitment-0.0.3.min.css
        |       gitment-0.0.3.min.js
        |       
        +---highlight
        |       highlight.pack.js
        |       
        +---jquery
        |       jquery-3.2.1.min.js
        |       
        \---slideout
                slideout-1.0.1.min.js
                
