Auflistung der Ordnerpfade fÅr Volume New Volume
Volumeseriennummer : 0061005C AA7E:DD19
D:.
|   .gitignore
|   config.toml
|   LICENSE.md
|   README.md
|   sloc.log
|   theme.toml
|   tree.log
|   wercker.yml
|   
+---content
|   \---post
|           2016-01-01-creating-a-new-theme.md
|           
+---data
|       l10n.toml
|       
+---static
|   \---banners
|           archlinux.png
|           placeholder.png
|           
\---themes
    \---hugo-theme-arch
        |   theme.toml
        |   
        +---archetypes
        |       default.md
        |       
        +---images
        |       screenshot.png
        |       tn.png
        |       
        +---layouts
        |   |   404.html
        |   |   index.html
        |   |   
        |   +---partials
        |   |   |   article_first.html
        |   |   |   article_footer.html
        |   |   |   article_header.html
        |   |   |   article_list.html
        |   |   |   footer.html
        |   |   |   footer_js.html
        |   |   |   head.html
        |   |   |   header.html
        |   |   |   navbar-menu.html
        |   |   |   navbar-search.html
        |   |   |   pagination.html
        |   |   |   prev_next_post.html
        |   |   |   profile.html
        |   |   |   sidebar.html
        |   |   |   single_article.html
        |   |   |   social.html
        |   |   |   title.html
        |   |   |   
        |   |   \---widgets
        |   |           categories.html
        |   |           command.html
        |   |           documentation.html
        |   |           download.html
        |   |           recent_articles.html
        |   |           tags.html
        |   |           tag_cloud.html
        |   |           update.html
        |   |           
        |   +---shortcodes
        |   |       gallery.html
        |   |       jsfiddle.html
        |   |       
        |   \---_default
        |           list.html
        |           single.html
        |           summary.html
        |           terms.html
        |           
        \---static
            |   apple-touch-icon.png
            |   favicon.ico
            |   README.md
            |   
            +---bower_components
            |   +---async
            |   |   \---dist
            |   |           async.js
            |   |           async.min.js
            |   |           async.min.map
            |   |           
            |   +---bluebird
            |   |   \---js
            |   |       \---browser
            |   |               bluebird.js
            |   |               
            |   +---bootstrap
            |   |   +---css
            |   |   |       bootstrap-theme.css
            |   |   |       bootstrap-theme.css.map
            |   |   |       bootstrap-theme.min.css
            |   |   |       bootstrap-theme.min.css.map
            |   |   |       bootstrap.css
            |   |   |       bootstrap.css.map
            |   |   |       bootstrap.min.css
            |   |   |       bootstrap.min.css.map
            |   |   |       dropdowns-enhancement.css
            |   |   |       
            |   |   +---fonts
            |   |   |       glyphicons-halflings-regular.eot
            |   |   |       glyphicons-halflings-regular.svg
            |   |   |       glyphicons-halflings-regular.ttf
            |   |   |       glyphicons-halflings-regular.woff
            |   |   |       glyphicons-halflings-regular.woff2
            |   |   |       
            |   |   \---js
            |   |           bootstrap.js
            |   |           bootstrap.min.js
            |   |           dropdowns-enhancement.js
            |   |           npm.js
            |   |           
            |   +---highlightjs
            |   |   |   highlight.pack.js
            |   |   |   highlight.pack.min.js
            |   |   |   
            |   |   \---styles
            |   |           agate.css
            |   |           androidstudio.css
            |   |           arduino-light.css
            |   |           arta.css
            |   |           ascetic.css
            |   |           atelier-cave-dark.css
            |   |           atelier-cave-light.css
            |   |           atelier-cave.dark.css
            |   |           atelier-cave.light.css
            |   |           atelier-dune-dark.css
            |   |           atelier-dune-light.css
            |   |           atelier-dune.dark.css
            |   |           atelier-dune.light.css
            |   |           atelier-estuary-dark.css
            |   |           atelier-estuary-light.css
            |   |           atelier-estuary.dark.css
            |   |           atelier-estuary.light.css
            |   |           atelier-forest-dark.css
            |   |           atelier-forest-light.css
            |   |           atelier-forest.dark.css
            |   |           atelier-forest.light.css
            |   |           atelier-heath-dark.css
            |   |           atelier-heath-light.css
            |   |           atelier-heath.dark.css
            |   |           atelier-heath.light.css
            |   |           atelier-lakeside-dark.css
            |   |           atelier-lakeside-light.css
            |   |           atelier-lakeside.dark.css
            |   |           atelier-lakeside.light.css
            |   |           atelier-plateau-dark.css
            |   |           atelier-plateau-light.css
            |   |           atelier-plateau.dark.css
            |   |           atelier-plateau.light.css
            |   |           atelier-savanna-dark.css
            |   |           atelier-savanna-light.css
            |   |           atelier-savanna.dark.css
            |   |           atelier-savanna.light.css
            |   |           atelier-seaside-dark.css
            |   |           atelier-seaside-light.css
            |   |           atelier-seaside.dark.css
            |   |           atelier-seaside.light.css
            |   |           atelier-sulphurpool-dark.css
            |   |           atelier-sulphurpool-light.css
            |   |           atelier-sulphurpool.dark.css
            |   |           atelier-sulphurpool.light.css
            |   |           brown-paper.css
            |   |           brown-papersq.png
            |   |           brown_paper.css
            |   |           brown_papersq.png
            |   |           codepen-embed.css
            |   |           color-brewer.css
            |   |           dark.css
            |   |           darkula.css
            |   |           default.css
            |   |           docco.css
            |   |           far.css
            |   |           foundation.css
            |   |           github-gist.css
            |   |           github.css
            |   |           googlecode.css
            |   |           grayscale.css
            |   |           hopscotch.css
            |   |           hybrid.css
            |   |           idea.css
            |   |           ir-black.css
            |   |           ir_black.css
            |   |           kimbie.dark.css
            |   |           kimbie.light.css
            |   |           magula.css
            |   |           mono-blue.css
            |   |           monokai-sublime.css
            |   |           monokai.css
            |   |           monokai_sublime.css
            |   |           obsidian.css
            |   |           paraiso-dark.css
            |   |           paraiso-light.css
            |   |           paraiso.dark.css
            |   |           paraiso.light.css
            |   |           pojoaque.css
            |   |           pojoaque.jpg
            |   |           railscasts.css
            |   |           rainbow.css
            |   |           school-book.css
            |   |           school-book.png
            |   |           school_book.css
            |   |           school_book.png
            |   |           solarized-dark.css
            |   |           solarized-light.css
            |   |           solarized_dark.css
            |   |           solarized_light.css
            |   |           sunburst.css
            |   |           tomorrow-night-blue.css
            |   |           tomorrow-night-bright.css
            |   |           tomorrow-night-eighties.css
            |   |           tomorrow-night.css
            |   |           tomorrow.css
            |   |           vs.css
            |   |           xcode.css
            |   |           zenburn.css
            |   |           
            |   +---jquery
            |   |   \---dist
            |   |           jquery-1.12.0.min.js
            |   |           jquery-2.2.0.min.js
            |   |           jquery.js
            |   |           jquery.min.js
            |   |           jquery.min.map
            |   |           
            |   +---milligram
            |   |   \---dist
            |   |           milligram.css
            |   |           milligram.min.css
            |   |           milligram.min.css.map
            |   |           
            |   +---normalize.css
            |   |       normalize.css
            |   |       
            |   +---particles.js
            |   |       particles.config.js
            |   |       particles.css
            |   |       particles.js
            |   |       particles.min.js
            |   |       particlesjs-config.json
            |   |       
            |   \---talaria
            |       \---dist
            |               talaria.css
            |               talaria.js
            |               talaria.min.js
            |               
            +---css
            |   |   bootstrap.css
            |   |   font.css
            |   |   monokai.css
            |   |   style.css
            |   |   
            |   \---images
            |           archlogo-jp.png
            |           archlogo-jp.svg
            |           archlogo.min.png
            |           archlogo.png
            |           archlogo.svg
            |           avatar.png
            |           logo.png
            |           thumb-default-small.backup.png
            |           thumb-default-small.png
            |           thumb-default-small.svg
            |           
            +---fancybox
            |   |   blank.gif
            |   |   fancybox_loading.gif
            |   |   fancybox_loading@2x.gif
            |   |   fancybox_overlay.png
            |   |   fancybox_sprite.png
            |   |   fancybox_sprite@2x.png
            |   |   jquery.fancybox.css
            |   |   jquery.fancybox.js
            |   |   jquery.fancybox.pack.js
            |   |   
            |   \---helpers
            |           fancybox_buttons.png
            |           jquery.fancybox-buttons.css
            |           jquery.fancybox-buttons.js
            |           jquery.fancybox-media.js
            |           jquery.fancybox-thumbs.css
            |           jquery.fancybox-thumbs.js
            |           
            +---font
            |   +---font-awesome
            |   |   +---css
            |   |   |       font-awesome.min.css
            |   |   |       
            |   |   \---fonts
            |   |           fontawesome-webfont.eot
            |   |           fontawesome-webfont.svg
            |   |           fontawesome-webfont.ttf
            |   |           fontawesome-webfont.woff
            |   |           fontawesome-webfont.woff2
            |   |           FontAwesome.otf
            |   |           
            |   \---icomoon
            |       +---css
            |       |       icomoon.css
            |       |       
            |       \---fonts
            |               icomoon.eot
            |               icomoon.svg
            |               icomoon.ttf
            |               icomoon.woff
            |               
            \---js
                    jquery.hotkeys.js
                    script.js
                    
