Auflistung der Ordnerpfade fÅr Volume New Volume
Volumeseriennummer : 0061005C AA7E:DD19
D:.
|   LICENSE.md
|   README.md
|   sloc.log
|   theme.toml
|   tree.log
|   
+---archetypes
|       default.md
|       
+---exampleSite
|   |   .gitignore
|   |   config.toml
|   |   
|   +---content
|   |   |   about.md
|   |   |   contact.md
|   |   |   
|   |   \---post
|   |           creating-a-new-theme.md
|   |           goisforlovers.md
|   |           hugoisforlovers.md
|   |           migrate-from-jekyll.md
|   |           
|   \---static
|           .gitkeep
|           
+---images
|       screenshot.png
|       tn.png
|       
+---layouts
|   |   404.html
|   |   index.html
|   |   
|   +---partials
|   |       brand.html
|   |       copyright.html
|   |       disqus.html
|   |       favicon.html
|   |       footer.html
|   |       google_analytics.html
|   |       head.html
|   |       header.html
|   |       pagination.html
|   |       piwik_analytics.html
|   |       post_meta.html
|   |       prev_next_post.html
|   |       sidemenu.html
|   |       social.html
|   |       
|   +---post
|   |       post.html
|   |       single.html
|   |       
|   +---shortcodes
|   |       fluid_img.html
|   |       fluid_imgs.html
|   |       pure_table.html
|   |       
|   +---taxonomy
|   |       tag.html
|   |       topic.html
|   |       
|   \---_default
|           li.html
|           single.html
|           summary.html
|           terms.html
|           
\---static
    +---css
    |       blackburn.css
    |       side-menu-old-ie.css
    |       side-menu.css
    |       
    +---img
    |       favicon.ico
    |       
    \---js
            ui.js
            
