Auflistung der Ordnerpfade fÅr Volume New Volume
Volumeseriennummer : 0061005C AA7E:DD19
D:.
|   LICENSE.md
|   README.md
|   sloc.log
|   theme.toml
|   tree.log
|   
+---archetypes
|       default.md
|       
+---images
|       screenshot.png
|       splash.png
|       tn.png
|       
+---layouts
|   |   index.html
|   |   
|   +---partials
|   |       article.html
|   |       footer.html
|   |       header.html
|   |       pagination.html
|   |       sidebar.html
|   |       summary.html
|   |       
|   \---_default
|           list.html
|           single.html
|           
\---static
    \---css
            style.css
            
