Auflistung der Ordnerpfade fÅr Volume New Volume
Volumeseriennummer : 0061005C AA7E:DD19
D:.
|   LICENSE.md
|   README.md
|   sloc.log
|   theme.toml
|   tree.log
|   
+---archetypes
|       default.md
|       
+---exampleSite
|   |   config.toml
|   |   
|   +---content
|   |   |   projects.md
|   |   |   
|   |   \---blog
|   |           creating-a-new-theme.md
|   |           goisforlovers.md
|   |           hugoisforlovers.md
|   |           migrate-from-jekyll.md
|   |           
|   +---data
|   |       projects.yml
|   |       
|   \---static
|       \---img
|               profile.png
|               
+---images
|       screenshot.png
|       tn.png
|       
+---layouts
|   |   404.html
|   |   index.html
|   |   
|   +---partials
|   |       disqus.html
|   |       footer.html
|   |       head.html
|   |       header.html
|   |       js.html
|   |       social.html
|   |       
|   \---_default
|           list.html
|           projects.html
|           single.html
|           
\---static
    +---css
    |       main.css
    |       
    \---js
            docs.min.js
            ie10-viewport-bug-workaround.js
            main.js
            
