Auflistung der Ordnerpfade fÅr Volume New Volume
Volumeseriennummer : 0061005C AA7E:DD19
D:.
|   .gitignore
|   .gitlab-ci.yml
|   config.toml
|   LICENSE
|   README.md
|   sloc.log
|   theme.toml
|   tree.log
|   wercker.yml
|   
+---archetypes
|       default.md
|       
+---bin
|       comment-touch.sh
|       gitlab_cal-heatmap-container.sh
|       gitlab_calendar_json_2.html
|       lunr.sh
|       PagesIndex.json
|       
+---content
|   |   archive.md
|   |   
|   \---post
|           2016-01-01-creating-a-new-theme.md
|           
+---exampleSite
|   |   config.toml
|   |   
|   +---content
|   |   \---post
|   |           2016-01-01-creating-a-new-theme.md
|   |           
|   +---data
|   |       l10n.toml
|   |       
|   \---static
|       \---banners
|               archlinux.png
|               placeholder.png
|               
+---images
|       screenshot.png
|       tn.png
|       
+---layouts
|   |   404.html
|   |   index.html
|   |   
|   +---archive
|   |       single.html
|   |       
|   +---partials
|   |   |   article_first.html
|   |   |   article_footer.html
|   |   |   article_header.html
|   |   |   article_list.html
|   |   |   footer.html
|   |   |   footer_js.html
|   |   |   head.html
|   |   |   header.html
|   |   |   home.html
|   |   |   navbar-icon.html
|   |   |   navbar-menu.html
|   |   |   navbar-search.html
|   |   |   pagination.html
|   |   |   prev_next_post.html
|   |   |   profile.html
|   |   |   sidebar.html
|   |   |   single_article.html
|   |   |   social.html
|   |   |   title.html
|   |   |   
|   |   \---widgets
|   |           categories.html
|   |           command.html
|   |           documentation.html
|   |           download.html
|   |           recent_articles.html
|   |           search.html
|   |           tags.html
|   |           tag_cloud.html
|   |           update.html
|   |           
|   +---shortcodes
|   |       gallery.html
|   |       jsfiddle.html
|   |       
|   \---_default
|           list.html
|           single.html
|           summary.html
|           terms.html
|           
\---static
    |   apple-touch-icon.png
    |   favicon.ico
    |   favicon.png
    |   
    +---bower_components
    |   +---async
    |   |   \---dist
    |   |           async.js
    |   |           async.min.js
    |   |           async.min.map
    |   |           
    |   +---bluebird
    |   |   \---js
    |   |       \---browser
    |   |               bluebird.js
    |   |               
    |   +---bootstrap
    |   |   +---css
    |   |   |       bootstrap-theme.css
    |   |   |       bootstrap-theme.css.map
    |   |   |       bootstrap-theme.min.css
    |   |   |       bootstrap-theme.min.css.map
    |   |   |       bootstrap.css
    |   |   |       bootstrap.css.map
    |   |   |       bootstrap.min.css
    |   |   |       bootstrap.min.css.map
    |   |   |       dropdowns-enhancement.css
    |   |   |       
    |   |   +---fonts
    |   |   |       glyphicons-halflings-regular.eot
    |   |   |       glyphicons-halflings-regular.svg
    |   |   |       glyphicons-halflings-regular.ttf
    |   |   |       glyphicons-halflings-regular.woff
    |   |   |       glyphicons-halflings-regular.woff2
    |   |   |       
    |   |   \---js
    |   |           bootstrap.js
    |   |           bootstrap.min.js
    |   |           dropdowns-enhancement.js
    |   |           npm.js
    |   |           
    |   +---cal-heatmap
    |   |       cal-heatmap.css
    |   |       cal-heatmap.js
    |   |       cal-heatmap.min.js
    |   |       
    |   +---createjs
    |   |       createjs.css
    |   |       createjs.js
    |   |       
    |   +---d3
    |   |       d3.js
    |   |       d3.min.js
    |   |       
    |   +---font-awesome
    |   |   +---css
    |   |   |       font-awesome.css
    |   |   |       font-awesome.css.map
    |   |   |       font-awesome.min.css
    |   |   |       
    |   |   +---fonts
    |   |   |       fontawesome-webfont.eot
    |   |   |       fontawesome-webfont.svg
    |   |   |       fontawesome-webfont.ttf
    |   |   |       fontawesome-webfont.woff
    |   |   |       fontawesome-webfont.woff2
    |   |   |       FontAwesome.otf
    |   |   |       
    |   |   +---less
    |   |   |       animated.less
    |   |   |       bordered-pulled.less
    |   |   |       core.less
    |   |   |       fixed-width.less
    |   |   |       font-awesome.less
    |   |   |       icons.less
    |   |   |       larger.less
    |   |   |       list.less
    |   |   |       mixins.less
    |   |   |       path.less
    |   |   |       rotated-flipped.less
    |   |   |       screen-reader.less
    |   |   |       stacked.less
    |   |   |       variables.less
    |   |   |       
    |   |   \---scss
    |   |           font-awesome.scss
    |   |           _animated.scss
    |   |           _bordered-pulled.scss
    |   |           _core.scss
    |   |           _fixed-width.scss
    |   |           _icons.scss
    |   |           _larger.scss
    |   |           _list.scss
    |   |           _mixins.scss
    |   |           _path.scss
    |   |           _rotated-flipped.scss
    |   |           _screen-reader.scss
    |   |           _stacked.scss
    |   |           _variables.scss
    |   |           
    |   +---highlightjs
    |   |   |   highlight.pack.js
    |   |   |   highlight.pack.min.js
    |   |   |   
    |   |   \---styles
    |   |           agate.css
    |   |           androidstudio.css
    |   |           arduino-light.css
    |   |           arta.css
    |   |           ascetic.css
    |   |           atelier-cave-dark.css
    |   |           atelier-cave-light.css
    |   |           atelier-cave.dark.css
    |   |           atelier-cave.light.css
    |   |           atelier-dune-dark.css
    |   |           atelier-dune-light.css
    |   |           atelier-dune.dark.css
    |   |           atelier-dune.light.css
    |   |           atelier-estuary-dark.css
    |   |           atelier-estuary-light.css
    |   |           atelier-estuary.dark.css
    |   |           atelier-estuary.light.css
    |   |           atelier-forest-dark.css
    |   |           atelier-forest-light.css
    |   |           atelier-forest.dark.css
    |   |           atelier-forest.light.css
    |   |           atelier-heath-dark.css
    |   |           atelier-heath-light.css
    |   |           atelier-heath.dark.css
    |   |           atelier-heath.light.css
    |   |           atelier-lakeside-dark.css
    |   |           atelier-lakeside-light.css
    |   |           atelier-lakeside.dark.css
    |   |           atelier-lakeside.light.css
    |   |           atelier-plateau-dark.css
    |   |           atelier-plateau-light.css
    |   |           atelier-plateau.dark.css
    |   |           atelier-plateau.light.css
    |   |           atelier-savanna-dark.css
    |   |           atelier-savanna-light.css
    |   |           atelier-savanna.dark.css
    |   |           atelier-savanna.light.css
    |   |           atelier-seaside-dark.css
    |   |           atelier-seaside-light.css
    |   |           atelier-seaside.dark.css
    |   |           atelier-seaside.light.css
    |   |           atelier-sulphurpool-dark.css
    |   |           atelier-sulphurpool-light.css
    |   |           atelier-sulphurpool.dark.css
    |   |           atelier-sulphurpool.light.css
    |   |           brown-paper.css
    |   |           brown-papersq.png
    |   |           brown_paper.css
    |   |           brown_papersq.png
    |   |           codepen-embed.css
    |   |           color-brewer.css
    |   |           dark.css
    |   |           darkula.css
    |   |           default.css
    |   |           docco.css
    |   |           far.css
    |   |           foundation.css
    |   |           github-gist.css
    |   |           github.css
    |   |           googlecode.css
    |   |           grayscale.css
    |   |           hopscotch.css
    |   |           hybrid.css
    |   |           idea.css
    |   |           ir-black.css
    |   |           ir_black.css
    |   |           kimbie.dark.css
    |   |           kimbie.light.css
    |   |           magula.css
    |   |           mono-blue.css
    |   |           monokai-sublime.css
    |   |           monokai.css
    |   |           monokai_sublime.css
    |   |           obsidian.css
    |   |           paraiso-dark.css
    |   |           paraiso-light.css
    |   |           paraiso.dark.css
    |   |           paraiso.light.css
    |   |           pojoaque.css
    |   |           pojoaque.jpg
    |   |           railscasts.css
    |   |           rainbow.css
    |   |           school-book.css
    |   |           school-book.png
    |   |           school_book.css
    |   |           school_book.png
    |   |           solarized-dark.css
    |   |           solarized-light.css
    |   |           solarized_dark.css
    |   |           solarized_light.css
    |   |           sunburst.css
    |   |           tomorrow-night-blue.css
    |   |           tomorrow-night-bright.css
    |   |           tomorrow-night-eighties.css
    |   |           tomorrow-night.css
    |   |           tomorrow.css
    |   |           vs.css
    |   |           xcode.css
    |   |           zenburn.css
    |   |           
    |   +---icomoon
    |   |   +---css
    |   |   |       icomoon.css
    |   |   |       
    |   |   \---fonts
    |   |           icomoon.eot
    |   |           icomoon.svg
    |   |           icomoon.ttf
    |   |           icomoon.woff
    |   |           
    |   +---jquery
    |   |   \---dist
    |   |           jquery.js
    |   |           jquery.min.js
    |   |           jquery.min.map
    |   |           
    |   +---jquery.hotkeys
    |   |       hotkeys.js
    |   |       jquery.hotkeys.js
    |   |       
    |   +---lunr.js
    |   |   |   lunr.js
    |   |   |   lunr.min.js
    |   |   |   PagesIndex.json
    |   |   |   
    |   |   \---lib
    |   |           document_store.js
    |   |           event_emitter.js
    |   |           index.js
    |   |           lunr.js
    |   |           pipeline.js
    |   |           sorted_set.js
    |   |           stemmer.js
    |   |           stop_word_filter.js
    |   |           tokenizer.js
    |   |           token_store.js
    |   |           trimmer.js
    |   |           utils.js
    |   |           vector.js
    |   |           
    |   +---particlesjs
    |   |       particlesjs.css
    |   |       particlesjs.html
    |   |       particlesjs.js
    |   |       
    |   \---talaria
    |       \---dist
    |               talaria.css
    |               talaria.js
    |               talaria.min.js
    |               
    +---css
    |   |   mobile.css
    |   |   style.css
    |   |   
    |   \---images
    |           thumb-default-small.png
    |           thumb-default-small.svg
    |           
    +---js
    |       search.js
    |       
    \---json
            datas-years.json
            datas.json
            
