Auflistung der Ordnerpfade fÅr Volume New Volume
Volumeseriennummer : 0061005C AA7E:DD19
D:.
|   .gitignore
|   README.md
|   sloc.log
|   theme.toml
|   tree.log
|   
+---archetypes
|       default.md
|       
+---images
|       screenshot.png
|       screenshot_mobile.png
|       tn.png
|       
+---layouts
|   |   index.html
|   |   rss.xml
|   |   
|   +---partials
|   |   |   archive.html
|   |   |   article.html
|   |   |   banner.html
|   |   |   disqus.html
|   |   |   fancybox.html
|   |   |   footer.html
|   |   |   google_analytics.html
|   |   |   head.html
|   |   |   header.html
|   |   |   jquery.html
|   |   |   navigation.html
|   |   |   
|   |   +---custom
|   |   |   |   after_footer.html
|   |   |   |   footer.html
|   |   |   |   head.html
|   |   |   |   header.html
|   |   |   |   navigation.html
|   |   |   |   
|   |   |   \---asides
|   |   |           about.html
|   |   |           aboutme.html
|   |   |           
|   |   \---post
|   |           author.html
|   |           categories.html
|   |           date.html
|   |           disqus_thread.html
|   |           sharing.html
|   |           
|   \---_default
|           list.html
|           single.html
|           summary.html
|           
\---static
    |   config.rb
    |   
    +---css
    |       font-awesome.min.css
    |       screen.css
    |       
    +---font
    |       fontawesome-webfont.eot
    |       fontawesome-webfont.svg
    |       fontawesome-webfont.svgz
    |       fontawesome-webfont.ttf
    |       fontawesome-webfont.woff
    |       
    +---images
    |   |   loading_gray.gif
    |   |   loading_pacman.gif
    |   |   
    |   +---fancybox
    |   |       blank.gif
    |   |       fancybox_loading.gif
    |   |       fancybox_sprite.png
    |   |       
    |   \---social
    |           behance.png
    |           coderwall.png
    |           delicious.png
    |           douban.png
    |           email.png
    |           facebook.png
    |           github.png
    |           google.png
    |           instagram.png
    |           linkedin.png
    |           pinboard.png
    |           pinterest.png
    |           quora.png
    |           rss.png
    |           stackoverflow.png
    |           twitter.png
    |           
    +---js
    |       jquery.fancybox.pack.js
    |       md5.js
    |       slash.js
    |       twitter.js
    |       
    \---sass
        |   screen.scss
        |   _base.scss
        |   _greyshade.scss
        |   _parts.scss
        |   _plugins.scss
        |   
        +---base
        |       _color.scss
        |       _font.scss
        |       _layout.scss
        |       _typography.scss
        |       _utilities.scss
        |       
        +---custom
        |       _colors.scss
        |       _custom.scss
        |       _fonts.scss
        |       _layout.scss
        |       _styles.scss
        |       
        +---parts
        |       _archive.scss
        |       _article.scss
        |       _comment.scss
        |       _footer.scss
        |       _header.scss
        |       _index.scss
        |       _post.scss
        |       _syntax.scss
        |       _twitter.scss
        |       
        \---plugins
                _fancybox.scss
                
