Auflistung der Ordnerpfade fÅr Volume New Volume
Volumeseriennummer : 0061005C AA7E:DD19
D:.
|   .gitignore
|   LICENSE
|   README.md
|   sloc.log
|   theme.toml
|   tree.log
|   
+---archetypes
|       default.md
|       tutorial.md
|       
+---exampleSite
|   |   config.toml
|   |   
|   +---content
|   |   |   about.md
|   |   |   
|   |   +---post
|   |   |       welcome.md
|   |   |       
|   |   \---tutorial
|   |           custom-css.md
|   |           getting-started.md
|   |           
|   +---public
|   |   |   favicon.ico
|   |   |   index.html
|   |   |   index.xml
|   |   |   sitemap.xml
|   |   |   
|   |   +---about
|   |   |       index.html
|   |   |       
|   |   +---css
|   |   |       style.css
|   |   |       
|   |   +---img
|   |   |       logo.png
|   |   |       profile.png
|   |   |       
|   |   +---js
|   |   |       App.js
|   |   |       world.json
|   |   |       
|   |   +---less
|   |   |   |   bootstrap.less
|   |   |   |   geo.less
|   |   |   |   style.less
|   |   |   |   
|   |   |   \---bootstrap
|   |   |       |   .csscomb.json
|   |   |       |   .csslintrc
|   |   |       |   alerts.less
|   |   |       |   badges.less
|   |   |       |   bootstrap.less
|   |   |       |   breadcrumbs.less
|   |   |       |   button-groups.less
|   |   |       |   buttons.less
|   |   |       |   carousel.less
|   |   |       |   close.less
|   |   |       |   code.less
|   |   |       |   component-animations.less
|   |   |       |   dropdowns.less
|   |   |       |   forms.less
|   |   |       |   glyphicons.less
|   |   |       |   grid.less
|   |   |       |   input-groups.less
|   |   |       |   jumbotron.less
|   |   |       |   labels.less
|   |   |       |   list-group.less
|   |   |       |   media.less
|   |   |       |   mixins.less
|   |   |       |   modals.less
|   |   |       |   navbar.less
|   |   |       |   navs.less
|   |   |       |   normalize.less
|   |   |       |   pager.less
|   |   |       |   pagination.less
|   |   |       |   panels.less
|   |   |       |   popovers.less
|   |   |       |   print.less
|   |   |       |   progress-bars.less
|   |   |       |   responsive-embed.less
|   |   |       |   responsive-utilities.less
|   |   |       |   scaffolding.less
|   |   |       |   tables.less
|   |   |       |   theme.less
|   |   |       |   thumbnails.less
|   |   |       |   tooltip.less
|   |   |       |   type.less
|   |   |       |   utilities.less
|   |   |       |   variables.less
|   |   |       |   wells.less
|   |   |       |   
|   |   |       \---mixins
|   |   |               alerts.less
|   |   |               background-variant.less
|   |   |               border-radius.less
|   |   |               buttons.less
|   |   |               center-block.less
|   |   |               clearfix.less
|   |   |               forms.less
|   |   |               gradients.less
|   |   |               grid-framework.less
|   |   |               grid.less
|   |   |               hide-text.less
|   |   |               image.less
|   |   |               labels.less
|   |   |               list-group.less
|   |   |               nav-divider.less
|   |   |               nav-vertical-align.less
|   |   |               opacity.less
|   |   |               pagination.less
|   |   |               panels.less
|   |   |               progress-bar.less
|   |   |               reset-filter.less
|   |   |               resize.less
|   |   |               responsive-visibility.less
|   |   |               size.less
|   |   |               tab-focus.less
|   |   |               table-row.less
|   |   |               text-emphasis.less
|   |   |               text-overflow.less
|   |   |               vendor-prefixes.less
|   |   |               
|   |   +---page
|   |   |   \---1
|   |   |           index.html
|   |   |           
|   |   +---post
|   |   |   |   index.html
|   |   |   |   index.xml
|   |   |   |   
|   |   |   \---welcome
|   |   |           index.html
|   |   |           
|   |   +---tags
|   |   |   +---blog
|   |   |   |       index.html
|   |   |   |       index.xml
|   |   |   |       
|   |   |   +---hugo
|   |   |   |       index.html
|   |   |   |       index.xml
|   |   |   |       
|   |   |   +---series
|   |   |   |       index.html
|   |   |   |       index.xml
|   |   |   |       
|   |   |   \---tutorial
|   |   |           index.html
|   |   |           index.xml
|   |   |           
|   |   \---tutorial
|   |       |   index.html
|   |       |   index.xml
|   |       |   
|   |       \---getting-started
|   |               index.html
|   |               
|   \---static
|       |   favicon.ico
|       |   
|       \---img
|               logo.png
|               profile.png
|               
+---images
|       screenshot.png
|       tn.png
|       
+---layouts
|   |   index.html
|   |   
|   +---partials
|   |       footer.html
|   |       head.html
|   |       nav.html
|   |       sidebar.html
|   |       
|   +---post
|   |       summary.html
|   |       
|   +---section
|   |       tutorial.html
|   |       
|   \---_default
|           list.html
|           single.html
|           
\---static
    +---css
    |       style.css
    |       
    +---js
    |       App.js
    |       world.json
    |       
    \---less
        |   bootstrap.less
        |   geo.less
        |   style.less
        |   
        \---bootstrap
            |   .csscomb.json
            |   .csslintrc
            |   alerts.less
            |   badges.less
            |   bootstrap.less
            |   breadcrumbs.less
            |   button-groups.less
            |   buttons.less
            |   carousel.less
            |   close.less
            |   code.less
            |   component-animations.less
            |   dropdowns.less
            |   forms.less
            |   glyphicons.less
            |   grid.less
            |   input-groups.less
            |   jumbotron.less
            |   labels.less
            |   list-group.less
            |   media.less
            |   mixins.less
            |   modals.less
            |   navbar.less
            |   navs.less
            |   normalize.less
            |   pager.less
            |   pagination.less
            |   panels.less
            |   popovers.less
            |   print.less
            |   progress-bars.less
            |   responsive-embed.less
            |   responsive-utilities.less
            |   scaffolding.less
            |   tables.less
            |   theme.less
            |   thumbnails.less
            |   tooltip.less
            |   type.less
            |   utilities.less
            |   variables.less
            |   wells.less
            |   
            \---mixins
                    alerts.less
                    background-variant.less
                    border-radius.less
                    buttons.less
                    center-block.less
                    clearfix.less
                    forms.less
                    gradients.less
                    grid-framework.less
                    grid.less
                    hide-text.less
                    image.less
                    labels.less
                    list-group.less
                    nav-divider.less
                    nav-vertical-align.less
                    opacity.less
                    pagination.less
                    panels.less
                    progress-bar.less
                    reset-filter.less
                    resize.less
                    responsive-visibility.less
                    size.less
                    tab-focus.less
                    table-row.less
                    text-emphasis.less
                    text-overflow.less
                    vendor-prefixes.less
                    
