Auflistung der Ordnerpfade fÅr Volume New Volume
Volumeseriennummer : 0061005C AA7E:DD19
D:.
|   LICENSE
|   README.md
|   sloc.log
|   theme.toml
|   tree.log
|   
+---archetypes
|       default.md
|       
+---exampleSite
|   |   .gitignore
|   |   config.toml
|   |   
|   +---content
|   |   |   about.md
|   |   |   archives.md
|   |   |   
|   |   \---post
|   |           creating-a-new-theme.md
|   |           goisforlovers.md
|   |           hugoisforlovers.md
|   |           migrate-from-jekyll.md
|   |           
|   +---layouts
|   |       .gitkeep
|   |       
|   \---static
|           .gitignore
|           
+---images
|       screenshot.png
|       tn.png
|       
+---layouts
|   |   404.html
|   |   index.html
|   |   
|   +---archives
|   |       single.html
|   |       
|   +---partials
|   |   |   archive.html
|   |   |   article.html
|   |   |   author.html
|   |   |   categories.html
|   |   |   disqus.html
|   |   |   footer.html
|   |   |   head.html
|   |   |   header.html
|   |   |   navigation.html
|   |   |   social.html
|   |   |   tags.html
|   |   |   
|   |   +---css
|   |   |       screen.css
|   |   |       
|   |   \---post
|   |           author.html
|   |           categories.html
|   |           date.html
|   |           sharing.html
|   |           tags.html
|   |           
|   \---_default
|           baseof.html
|           list.html
|           single.html
|           terms.html
|           
\---static
    +---css
    |       custom.css
    |       github.css
    |       hljs.css
    |       
    +---font
    |       fontawesome-webfont.eot
    |       fontawesome-webfont.svg
    |       fontawesome-webfont.svgz
    |       fontawesome-webfont.ttf
    |       fontawesome-webfont.woff
    |       hermit-medium-webfont.eot
    |       hermit-medium-webfont.ttf
    |       hermit-medium-webfont.woff
    |       
    +---images
    |   |   active.png
    |   |   bg-gradient.png
    |   |   hover.png
    |   |   html5css3.png
    |   |   loading.gif
    |   |   loading_pacman.gif
    |   |   retina_dust.png
    |   |   search-dark.png
    |   |   search-white.png
    |   |   totop.png
    |   |   
    |   \---social
    |           Facebook.png
    |           FacebookH.png
    |           Github.png
    |           GithubH.png
    |           LastFM.png
    |           LastFMH.png
    |           LinkedIn.png
    |           LinkedInH.png
    |           Picasa.png
    |           PicasaH.png
    |           Skype.png
    |           SkypeH.png
    |           Twitter.png
    |           TwitterH.png
    |           Youtube.png
    |           YoutubeH.png
    |           
    \---js
            fabric.js
            jquery-tapir.js
            jquery.ui.totop.js
            
