Auflistung der Ordnerpfade fÅr Volume New Volume
Volumeseriennummer : 0061005C AA7E:DD19
D:.
|   .gitignore
|   LICENSE
|   README.md
|   sloc.log
|   theme.toml
|   tree.log
|   
+---archetypes
|       default.md
|       
+---images
|       screenshot.png
|       tn.png
|       
+---layouts
|   |   index.html
|   |   
|   +---partials
|   |       author.html
|   |       footer.html
|   |       head.html
|   |       header.html
|   |       tail.html
|   |       
|   +---shortcodes
|   |       gist.html
|   |       
|   \---_default
|           list.html
|           single.html
|           summary.html
|           terms.html
|           
\---static
    +---css
    |       liquorice.css
    |       liquorice.min.css
    |       
    \---libraries
            normalize.3.0.1.css
            
