Auflistung der Ordnerpfade fÅr Volume New Volume
Volumeseriennummer : 0061005C AA7E:DD19
D:.
|   .gitignore
|   gulpfile.babel.js
|   LICENSE.md
|   package.json
|   README.md
|   sloc.log
|   theme.toml
|   tree.log
|   
+---images
|       screenshot.png
|       tn.png
|       
+---layouts
|   |   index.html
|   |   
|   +---pages
|   |       single.html
|   |       
|   +---partials
|   |       analytics.html
|   |       footer.html
|   |       head.html
|   |       header.html
|   |       pagination.html
|   |       
|   +---post
|   |       single.html
|   |       
|   \---_default
|           list.html
|           single.html
|           
\---static
    +---css
    |       highlight.min.css
    |       slim.css
    |       
    \---js
            highlight.min.js
            slim.js
            
