Auflistung der Ordnerpfade fÅr Volume New Volume
Volumeseriennummer : 0061005C AA7E:DD19
D:.
|   .editorconfig
|   .gitignore
|   LICENSE.md
|   README.md
|   sloc.log
|   theme.toml
|   tree.log
|   
+---archetypes
|       blog.md
|       pages.md
|       
+---exampleSite
|   |   .config.w3css-basic-exampleSite.toml
|   |   .gitignore
|   |   config.toml
|   |   LICENSE.md
|   |   
|   +---archetypes
|   |       blog.md
|   |       pages.md
|   |       
|   +---content
|   |   |   contact.md
|   |   |   faq.md
|   |   |   README.md
|   |   |   search.md
|   |   |   
|   |   +---blog
|   |   |   +---1985
|   |   |   |   \---03
|   |   |   |           emacs-jokes.md
|   |   |   |           
|   |   |   \---2017
|   |   |       +---09
|   |   |       |       emacs-it-all-starts-here.md
|   |   |       |       
|   |   |       +---10
|   |   |       |       golang-a-closer-look.md
|   |   |       |       
|   |   |       \---11
|   |   |               hugo-dolor.md
|   |   |               hugo-highlight-chromastyles.md
|   |   |               hugo-ipsum.md
|   |   |               hugo-lorem.md
|   |   |               
|   |   \---pages
|   |       |   page-convallis.md
|   |       |   these-logos.md
|   |       |   these-pictures.md
|   |       |   _index.md
|   |       |   
|   |       +---folder10
|   |       |       malesuada-massa.md
|   |       |       neque-nec.md
|   |       |       _index.md
|   |       |       
|   |       +---folder20
|   |       |   |   estdui-fermentum.md
|   |       |   |   felis-vel-velit.md
|   |       |   |   magna-orci-ultrices.md
|   |       |   |   nam-asapien.md
|   |       |   |   neque-orci.md
|   |       |   |   vestibulum-convallis.md
|   |       |   |   _index.md
|   |       |   |   
|   |       |   \---folder21
|   |       |       |   nullam.md
|   |       |       |   vestibulum.md
|   |       |       |   _index.md
|   |       |       |   
|   |       |       \---folder211
|   |       |               phasellus.md
|   |       |               rutrum.md
|   |       |               _index.md
|   |       |               
|   |       +---folder30
|   |       |       donec-pretium-posuere.md
|   |       |       pellentesque-dapibus-suscipit.md
|   |       |       _index.md
|   |       |       
|   |       +---front
|   |       |   |   _index.md
|   |       |   |   
|   |       |   +---features
|   |       |   |       01.md
|   |       |   |       02.md
|   |       |   |       03.md
|   |       |   |       04.md
|   |       |   |       05.md
|   |       |   |       06.md
|   |       |   |       _index.md
|   |       |   |       
|   |       |   \---photocards
|   |       |           01.md
|   |       |           02.md
|   |       |           03.md
|   |       |           04.md
|   |       |           05.md
|   |       |           06.md
|   |       |           07.md
|   |       |           08.md
|   |       |           09.md
|   |       |           _index.md
|   |       |           
|   |       +---hugo-theme-w3css-basic
|   |       |   |   page-shortcodes.md
|   |       |   |   _index.md
|   |       |   |   
|   |       |   +---hugoBasicExample
|   |       |   |       about.md
|   |       |   |       creating-a-new-theme.md
|   |       |   |       goisforlovers.md
|   |       |   |       hugoisforlovers.md
|   |       |   |       migrate-from-jekyll.md
|   |       |   |       _index.md
|   |       |   |       
|   |       |   \---images-taken-from
|   |       |           bitbucket-teaserpics.md
|   |       |           gohugoio-teaserpics.md
|   |       |           pixabay-clients.md
|   |       |           pixabay-jumbotrons.md
|   |       |           pixabay-photocards.md
|   |       |           pixabay-teaserpics.md
|   |       |           pixabay-testimonials.md
|   |       |           wikipedia-teaserpics.md
|   |       |           _index.md
|   |       |           
|   |       \---showcase
|   |               code-01.md
|   |               console-01.md
|   |               gallery-01.md
|   |               liti-01.md
|   |               video-01.md
|   |               video-02.md
|   |               video-03.md
|   |               _index.md
|   |               
|   +---data
|   |   +---clients
|   |   |       01-client.yaml
|   |   |       02-client.yaml
|   |   |       03-client.yaml
|   |   |       04-client.yaml
|   |   |       05-client.yaml
|   |   |       06-client.yaml
|   |   |       
|   |   +---features
|   |   |       01-feature.yaml
|   |   |       02-feature.yaml
|   |   |       03-feature.yaml
|   |   |       04-feature.yaml
|   |   |       05-feature.yaml
|   |   |       06-feature.yaml
|   |   |       
|   |   +---jumbotron
|   |   |       01-jumbotron.yaml
|   |   |       02-jumbotron.yaml
|   |   |       03-jumbotron.yaml
|   |   |       04-jumbotron.yaml
|   |   |       05-jumbotron.yaml
|   |   |       
|   |   +---photocards
|   |   |       01-photocard.yaml
|   |   |       02-photocard.yaml
|   |   |       03-photocard.yaml
|   |   |       04-photocard.yaml
|   |   |       05-photocard.yaml
|   |   |       06-photocard.yaml
|   |   |       07-photocard.yaml
|   |   |       08-photocard.yaml
|   |   |       09-photocard.yaml
|   |   |       
|   |   \---testimonials
|   |           01-testimonial.yaml
|   |           02-testimonial.yaml
|   |           03-testimonial.yaml
|   |           04-testimonial.yaml
|   |           05-testimonial.yaml
|   |           
|   +---i18n
|   |       .keepme
|   |       
|   +---layouts
|   |       .keepme
|   |       
|   \---static
|       \---images
|           +---clients
|           |   \---pixabay.com
|           |           company-logo-1-thumb.png
|           |           company-logo-1.png
|           |           company-logo-2-thumb.png
|           |           company-logo-2.png
|           |           company-logo-3-thumb.png
|           |           company-logo-3.png
|           |           company-logo-4-thumb.png
|           |           company-logo-4.png
|           |           company-logo-5-thumb.png
|           |           company-logo-5.png
|           |           company-logo-6-thumb.png
|           |           company-logo-6.png
|           |           
|           +---favicons
|           |       android-chrome-192x192.png
|           |       apple-touch-icon.png
|           |       browserconfig.xml
|           |       favicon-16x16.png
|           |       favicon-32x32.png
|           |       favicon.ico
|           |       manifest.json
|           |       mstile-144x144.png
|           |       safari-pinned-tab.svg
|           |       
|           +---jumbotrons
|           |   \---pixabay.com
|           |           seeberg-2825904_640.jpg
|           |           
|           +---photocards
|           |   \---pixabay.com
|           |           01-photocard-thumb.jpg
|           |           01-photocard.jpg
|           |           02-photocard-thumb.jpg
|           |           02-photocard.jpg
|           |           03-photocard-thumb.jpg
|           |           03-photocard.jpg
|           |           04-photocard-thumb.jpg
|           |           04-photocard.jpg
|           |           05-photocard-thumb.png
|           |           05-photocard.png
|           |           06-photocard-thumb.jpg
|           |           06-photocard.jpg
|           |           07-photocard-thumb.jpg
|           |           07-photocard.jpg
|           |           08-photocard-thumb.jpg
|           |           08-photocard.jpg
|           |           09-photocard-thumb.jpg
|           |           09-photocard.jpg
|           |           
|           +---teaserpics
|           |   |   LICENSE.md
|           |   |   
|           |   +---bitbucket.org
|           |   |       pygments-main-logo-thumb.png
|           |   |       pygments-main-logo.png
|           |   |       
|           |   +---gohugo.io
|           |   |       golang-a-closer-look-thumb.png
|           |   |       golang-a-closer-look.png
|           |   |       hugo-dolor-thumb.png
|           |   |       hugo-dolor.png
|           |   |       hugo-ipsum-thumb.png
|           |   |       hugo-ipsum.png
|           |   |       hugo-lorem-thumb.png
|           |   |       hugo-lorem.png
|           |   |       
|           |   +---pixabay.com
|           |   |       adventure-2528477_640-thumb.jpg
|           |   |       adventure-2528477_640.jpg
|           |   |       blue-2863550_640-thumb.png
|           |   |       blue-2863550_640.png
|           |   |       coffee-2306471_640-thumb.jpg
|           |   |       coffee-2306471_640.jpg
|           |   |       coffee-2608864_640-thumb.jpg
|           |   |       coffee-2608864_640.jpg
|           |   |       coffee-2714970_640-thumb.jpg
|           |   |       coffee-2714970_640.jpg
|           |   |       coffee-beans-2258839_640-thumb.jpg
|           |   |       coffee-beans-2258839_640.jpg
|           |   |       coffee-cup-2317201_640-thumb.jpg
|           |   |       coffee-cup-2317201_640.jpg
|           |   |       contact-2860030_640-thumb.jpg
|           |   |       contact-2860030_640.jpg
|           |   |       espresso-2892357_640-thumb.jpg
|           |   |       espresso-2892357_640.jpg
|           |   |       faq-thumb.jpg
|           |   |       faq-thumb.png
|           |   |       faq.jpg
|           |   |       faq.png
|           |   |       girl-2696947_640-thumb.jpg
|           |   |       girl-2696947_640.jpg
|           |   |       green-1738220_640-thumb.jpg
|           |   |       green-1738220_640.jpg
|           |   |       light-bulb-1002783_640-thumb.jpg
|           |   |       light-bulb-1002783_640.jpg
|           |   |       logo-google-1991840_640-thumb.png
|           |   |       logo-google-1991840_640.png
|           |   |       matrix-2326147_640-thumb.jpg
|           |   |       matrix-2326147_640.jpg
|           |   |       mobile-phone-426559_640-thumb.jpg
|           |   |       mobile-phone-426559_640.jpg
|           |   |       monitor-1307227_640-thumb.jpg
|           |   |       monitor-1307227_640.jpg
|           |   |       organic-1280537_640-thumb.jpg
|           |   |       organic-1280537_640.jpg
|           |   |       paint-2985569_640-thumb.jpg
|           |   |       paint-2985569_640.jpg
|           |   |       parrot-2756488_640-thumb.jpg
|           |   |       parrot-2756488_640.jpg
|           |   |       particles-1373684_640-thumb.jpg
|           |   |       particles-1373684_640.jpg
|           |   |       pencil-1067670_640-thumb.jpg
|           |   |       pencil-1067670_640.jpg
|           |   |       seeberg-2825904_640-thumb.jpg
|           |   |       seeberg-2825904_640.jpg
|           |   |       still-life-2366084_640-thumb.jpg
|           |   |       still-life-2366084_640.jpg
|           |   |       tablet-313002_640-thumb.jpg
|           |   |       tablet-313002_640.jpg
|           |   |       wikimedia-commons-679587_640-thumb.png
|           |   |       wikimedia-commons-679587_640.png
|           |   |       
|           |   \---wikipedia.org
|           |           emacs-it-all-starts-here.svg
|           |           emacs-jokes-thumb.png
|           |           emacs-jokes.png
|           |           
|           \---testimonials
|               \---pixabay.com
|                       person-1-thumb.jpg
|                       person-1.jpg
|                       person-2-thumb.jpg
|                       person-2.jpg
|                       person-3-thumb.jpg
|                       person-3.jpg
|                       person-4-thumb.jpg
|                       person-4.jpg
|                       person-5-thumb.jpg
|                       person-5.jpg
|                       person-6-thumb.jpg
|                       person-6.jpg
|                       
+---i18n
|       de.yaml
|       en.yaml
|       
+---images
|       complete.png
|       screenshot.1.png
|       screenshot.1.xcf
|       screenshot.png
|       snap_100.jpg
|       snap_110.jpg
|       snap_120.jpg
|       snap_130.jpg
|       snap_140.jpg
|       snap_150.jpg
|       snap_160.jpg
|       snap_170.jpg
|       snap_180.jpg
|       snap_190.jpg
|       snap_200.jpg
|       snap_210.jpg
|       snap_220.jpg
|       snap_230.jpg
|       snap_240.jpg
|       snap_242.jpg
|       snap_250.jpg
|       snap_260.jpg
|       snap_270.jpg
|       snap_280.jpg
|       snap_290.jpg
|       snap_300.jpg
|       snap_305.jpg
|       snap_306.jpg
|       snap_307.jpg
|       snap_310.jpg
|       snap_320.jpg
|       snap_330.jpg
|       snap_340.jpg
|       snap_342.jpg
|       snap_344.jpg
|       snap_350.jpg
|       snap_360.jpg
|       snap_370.jpg
|       snap_380.jpg
|       tn.1.png
|       tn.1.xcf
|       tn.2.png
|       tn.2.xcf
|       tn.3.png
|       tn.3.xcf
|       tn.png
|       
+---layouts
|   |   404.html
|   |   index.html
|   |   index.rss.xml
|   |   
|   +---blog
|   |       list.html
|   |       single.html
|   |       
|   +---contact
|   |       single.html
|   |       
|   +---pages
|   |       list.html
|   |       
|   +---partials
|   |       blog.disqus-button.html
|   |       contact.form.html
|   |       contact.map.html
|   |       debug.html
|   |       footer.bottom.html
|   |       footer.html
|   |       front.clients.carousel.html
|   |       front.features.html
|   |       front.jumbotrons.carousel.html
|   |       front.photocards.html
|   |       front.recent_posts.html
|   |       front.see_more.html
|   |       front.testimonials.carousel.html
|   |       head.favicon.html
|   |       head.fonts.googleapis.html
|   |       head.fonts.local.html
|   |       head.fonts.local.style.html
|   |       head.google.gtags.html
|   |       head.html
|   |       head.ie.html
|   |       head.meta.html
|   |       head.stylesheets.html
|   |       header.marquee.html
|   |       header.nav.google.translate.html
|   |       header.nav.html
|   |       header.rss.html
|   |       main.blog.date.html
|   |       main.i18n.date.html
|   |       main.i18n.date.short.html
|   |       main.paginator.bar.html
|   |       main.taxonomy.current.html
|   |       main.taxonomy.full.bar.html
|   |       main.teaserpic.card.html
|   |       main.teaserpic.list.html
|   |       main.teaserpic.single.html
|   |       main.teaser_in_card.html
|   |       main.title.html
|   |       main.toc.single.html
|   |       page.nav.cards.html
|   |       scripts.bottom.html
|   |       scripts.top.html
|   |       search.google.gcse.html
|   |       terms.list.html
|   |       
|   +---search
|   |       single.html
|   |       
|   +---shortcodes
|   |       alert.html
|   |       asciicast.html
|   |       csc.html
|   |       cscb.html
|   |       hc.html
|   |       heg-figure.html
|   |       heg-gallery.html
|   |       heg-load-photoswipe.html
|   |       html-tag-classes.html
|   |       html-tag.html
|   |       html-tags.html
|   |       i18n.html
|   |       icon.html
|   |       kbd.html
|   |       liti.html
|   |       litt.html
|   |       litx.html
|   |       w3-alert-icon.html
|   |       w3-badge.html
|   |       w3-button-icon.html
|   |       w3-code.html
|   |       w3-codespan.html
|   |       w3-notice-icon.html
|   |       w3-quote.html
|   |       w3-tag.html
|   |       
|   \---_default
|           baseof.html
|           single.html
|           taxonomy.html
|           terms.html
|           
\---static
    +---css
    |   |   custom.css
    |   |   syntax.css
    |   |   syntax.min.css
    |   |   w3-theme-custom.css
    |   |   w3css-basic.css
    |   |   w3css-basic.min.css
    |   |   
    |   \---syntax
    |           syntax.autumn.css
    |           syntax.borland.css
    |           syntax.bw.css
    |           syntax.colorful.css
    |           syntax.default.css
    |           syntax.emacs.css
    |           syntax.friendly.css
    |           syntax.fruity.css
    |           syntax.manni.css
    |           syntax.monokai.css
    |           syntax.murphy.css
    |           syntax.native.css
    |           syntax.pastie.css
    |           syntax.perldoc.css
    |           syntax.rrt.css
    |           syntax.tango.css
    |           syntax.trac.css
    |           syntax.vim.css
    |           syntax.vs.css
    |           
    +---images
    |   \---backgrounds
    |           see_more_background.jpg
    |           
    +---js
    |       custom.bottom.js
    |       custom.top.js
    |       front.js
    |       front.min.js
    |       
    \---vendor
        +---daneden.github.io
        |   \---animate.css
        |           animate.css
        |           animate.min.css
        |           
        +---fontawesome
        |   |   LICENSE.txt
        |   |   
        |   +---css
        |   |       fa-brands.css
        |   |       fa-brands.min.css
        |   |       fa-regular.css
        |   |       fa-regular.min.css
        |   |       fa-solid.css
        |   |       fa-solid.min.css
        |   |       fontawesome-all.css
        |   |       fontawesome-all.min.css
        |   |       fontawesome.css
        |   |       fontawesome.min.css
        |   |       
        |   \---webfonts
        |           fa-brands-400.eot
        |           fa-brands-400.svg
        |           fa-brands-400.ttf
        |           fa-brands-400.woff
        |           fa-brands-400.woff2
        |           fa-regular-400.eot
        |           fa-regular-400.svg
        |           fa-regular-400.ttf
        |           fa-regular-400.woff
        |           fa-regular-400.woff2
        |           fa-solid-900.eot
        |           fa-solid-900.svg
        |           fa-solid-900.ttf
        |           fa-solid-900.woff
        |           fa-solid-900.woff2
        |           
        +---google
        |   \---fonts
        |       |   ubuntu-mono-v7-latin-700.eot
        |       |   ubuntu-mono-v7-latin-700.svg
        |       |   ubuntu-mono-v7-latin-700.ttf
        |       |   ubuntu-mono-v7-latin-700.woff
        |       |   ubuntu-mono-v7-latin-700.woff2
        |       |   ubuntu-mono-v7-latin-700italic.eot
        |       |   ubuntu-mono-v7-latin-700italic.svg
        |       |   ubuntu-mono-v7-latin-700italic.ttf
        |       |   ubuntu-mono-v7-latin-700italic.woff
        |       |   ubuntu-mono-v7-latin-700italic.woff2
        |       |   ubuntu-mono-v7-latin-italic.eot
        |       |   ubuntu-mono-v7-latin-italic.svg
        |       |   ubuntu-mono-v7-latin-italic.ttf
        |       |   ubuntu-mono-v7-latin-italic.woff
        |       |   ubuntu-mono-v7-latin-italic.woff2
        |       |   ubuntu-mono-v7-latin-regular.eot
        |       |   ubuntu-mono-v7-latin-regular.svg
        |       |   ubuntu-mono-v7-latin-regular.ttf
        |       |   ubuntu-mono-v7-latin-regular.woff
        |       |   ubuntu-mono-v7-latin-regular.woff2
        |       |   ubuntu-v11-latin-300.eot
        |       |   ubuntu-v11-latin-300.svg
        |       |   ubuntu-v11-latin-300.ttf
        |       |   ubuntu-v11-latin-300.woff
        |       |   ubuntu-v11-latin-300.woff2
        |       |   ubuntu-v11-latin-300italic.eot
        |       |   ubuntu-v11-latin-300italic.svg
        |       |   ubuntu-v11-latin-300italic.ttf
        |       |   ubuntu-v11-latin-300italic.woff
        |       |   ubuntu-v11-latin-300italic.woff2
        |       |   ubuntu-v11-latin-500.eot
        |       |   ubuntu-v11-latin-500.svg
        |       |   ubuntu-v11-latin-500.ttf
        |       |   ubuntu-v11-latin-500.woff
        |       |   ubuntu-v11-latin-500.woff2
        |       |   ubuntu-v11-latin-500italic.eot
        |       |   ubuntu-v11-latin-500italic.svg
        |       |   ubuntu-v11-latin-500italic.ttf
        |       |   ubuntu-v11-latin-500italic.woff
        |       |   ubuntu-v11-latin-500italic.woff2
        |       |   ubuntu-v11-latin-700.eot
        |       |   ubuntu-v11-latin-700.svg
        |       |   ubuntu-v11-latin-700.ttf
        |       |   ubuntu-v11-latin-700.woff
        |       |   ubuntu-v11-latin-700.woff2
        |       |   ubuntu-v11-latin-700italic.eot
        |       |   ubuntu-v11-latin-700italic.svg
        |       |   ubuntu-v11-latin-700italic.ttf
        |       |   ubuntu-v11-latin-700italic.woff
        |       |   ubuntu-v11-latin-700italic.woff2
        |       |   ubuntu-v11-latin-italic.eot
        |       |   ubuntu-v11-latin-italic.svg
        |       |   ubuntu-v11-latin-italic.ttf
        |       |   ubuntu-v11-latin-italic.woff
        |       |   ubuntu-v11-latin-italic.woff2
        |       |   ubuntu-v11-latin-regular.eot
        |       |   ubuntu-v11-latin-regular.svg
        |       |   ubuntu-v11-latin-regular.ttf
        |       |   ubuntu-v11-latin-regular.woff
        |       |   ubuntu-v11-latin-regular.woff2
        |       |   
        |       \---css
        |               ubuntu-mono-v7-latin-700.css
        |               ubuntu-mono-v7-latin-700italic.css
        |               ubuntu-mono-v7-latin-italic.css
        |               ubuntu-mono-v7-latin-regular.css
        |               ubuntu-v11-latin-300.css
        |               ubuntu-v11-latin-300italic.css
        |               ubuntu-v11-latin-500.css
        |               ubuntu-v11-latin-500italic.css
        |               ubuntu-v11-latin-700.css
        |               ubuntu-v11-latin-700italic.css
        |               ubuntu-v11-latin-italic.css
        |               ubuntu-v11-latin-regular.css
        |               
        +---jquery
        |       jquery-3.2.1.min.js
        |       jquery-3.2.1.slim.min.js
        |       
        +---liwenyip
        |   \---hugo-easy-gallery
        |       |   LICENCE.md
        |       |   README.md
        |       |   
        |       +---css
        |       |       hugo-easy-gallery.css
        |       |       hugo-easy-gallery.min.css
        |       |       
        |       +---js
        |       |       load-photoswipe.js
        |       |       
        |       \---layouts
        |           \---shortcodes
        |                   figure.html
        |                   gallery.html
        |                   load-photoswipe-theme.html
        |                   load-photoswipe.html
        |                   
        +---OwlCarousel2
        |       ajax-loader.gif
        |       LICENSE
        |       owl.carousel.css
        |       owl.carousel.js
        |       owl.carousel.min.css
        |       owl.carousel.min.js
        |       owl.theme.default.css
        |       owl.theme.default.min.css
        |       owl.theme.green.css
        |       owl.theme.green.min.css
        |       owl.video.play.png
        |       README.md
        |       
        +---photoswipe
        |   |   photoswipe-ui-default.js
        |   |   photoswipe-ui-default.min.js
        |   |   photoswipe-ui-theme.js
        |   |   photoswipe.css
        |   |   photoswipe.js
        |   |   photoswipe.min.js
        |   |   
        |   \---default-skin
        |           default-skin.css
        |           default-skin.png
        |           default-skin.svg
        |           preloader.gif
        |           
        \---w3css
            \---4
                    w3-theme-amber.css
                    w3-theme-black.css
                    w3-theme-blue-grey.css
                    w3-theme-blue.css
                    w3-theme-brown.css
                    w3-theme-cyan.css
                    w3-theme-dark-grey.css
                    w3-theme-deep-orange.css
                    w3-theme-deep-purple.css
                    w3-theme-green.css
                    w3-theme-grey.css
                    w3-theme-indigo.css
                    w3-theme-khaki.css
                    w3-theme-light-blue.css
                    w3-theme-light-green.css
                    w3-theme-lime.css
                    w3-theme-orange.css
                    w3-theme-pink.css
                    w3-theme-purple.css
                    w3-theme-red.css
                    w3-theme-teal.css
                    w3-theme-yellow.css
                    w3.css
                    
