Auflistung der Ordnerpfade fÅr Volume New Volume
Volumeseriennummer : 0061005C AA7E:DD19
D:.
|   LICENSE.md
|   README.md
|   sloc.log
|   theme.toml
|   tree.log
|   
+---archetypes
|       default.md
|       posts.md
|       
+---exampleSite
|   |   config.toml
|   |   
|   +---content
|   |   |   about.md
|   |   |   
|   |   \---posts
|   |           creating-a-new-theme.md
|   |           goisforlovers.md
|   |           hugoisforlovers.md
|   |           image-content.md
|   |           migrate-from-jekyll.md
|   |           style-guide.md
|   |           _index.md
|   |           
|   \---static
|       \---images
|               .gitkeep
|               
+---images
|   |   screenshot.png
|   |   tn.png
|   |   
|   \---screenshots
|           float-left.png
|           float-right.png
|           full-image.png
|           main.png
|           mid.png
|           
+---layouts
|   |   404.html
|   |   index.html
|   |   
|   +---partials
|   |       article.html
|   |       aside.html
|   |       disqus.html
|   |       footer.html
|   |       header.html
|   |       header_includes.html
|   |       meta.html
|   |       nav.html
|   |       single_footer.html
|   |       
|   \---_default
|           baseof.html
|           list.html
|           single.html
|           terms.html
|           
\---static
    +---css
    |       styles.css
    |       
    \---js
            scripts.js
            
