Auflistung der Ordnerpfade fÅr Volume New Volume
Volumeseriennummer : 0061005C AA7E:DD19
D:.
|   .gitignore
|   LICENSE.md
|   README.md
|   sloc.log
|   theme.toml
|   tree.log
|   
+---archetypes
|       default.md
|       microposts.md
|       photos.md
|       
+---images
|       linkpost.png
|       posts.png
|       rss.png
|       screenshot.png
|       tn.png
|       
+---layouts
|   |   404.html
|   |   index.html
|   |   rss.xml
|   |   
|   +---microposts
|   |       single.html
|   |       
|   +---partials
|   |       bio.html
|   |       custom_image_handler.html
|   |       custom_javascript.html
|   |       custom_stylesheets.html
|   |       default_list.html
|   |       not_found.html
|   |       page_footer.html
|   |       page_header.html
|   |       pagination.html
|   |       preview_list.html
|   |       preview_micropost.html
|   |       preview_photo_post.html
|   |       preview_post.html
|   |       site_footer.html
|   |       site_header.html
|   |       yearly_grouping.html
|   |       
|   +---photos
|   |       single.html
|   |       
|   +---posts
|   |       single.html
|   |       
|   +---section
|   |       microposts.html
|   |       microposts.rss.xml
|   |       posts.html
|   |       
|   \---_default
|           list.html
|           single.html
|           
\---static
    +---css
    |       weblog.css
    |       
    +---img
    |       loading.gif
    |       location.png
    |       rss.png
    |       rss.svg
    |       rss@2x.png
    |       zoom.png
    |       
    \---js
            weblog.js
            
