Auflistung der Ordnerpfade fÅr Volume New Volume
Volumeseriennummer : 0061005C AA7E:DD19
D:.
|   .gitignore
|   LICENSE.md
|   README.md
|   sloc.log
|   theme.toml
|   tree.log
|   
+---archetypes
|       default.md
|       
+---images
|       include-images.png
|       responsive.png
|       screenshot.png
|       tn.png
|       
+---layouts
|   |   404.html
|   |   
|   +---partials
|   |       author.html
|   |       categories.html
|   |       custom.css
|   |       description.html
|   |       latests.html
|   |       meta.html
|   |       pagination.html
|   |       share.html
|   |       sidebar.html
|   |       single_json_ld.html
|   |       single_meta.html
|   |       styles.css
|   |       tags.html
|   |       taxonomy.html
|   |       
|   +---shortcodes
|   |       img.amp.html
|   |       img.html
|   |       
|   \---_default
|           baseof.amp.html
|           baseof.html
|           li.html
|           list.html
|           li_sm.html
|           single.amp.html
|           single.html
|           summary.html
|           terms.html
|           
\---static
    \---images
            default.jpg
            
