Auflistung der Ordnerpfade fÅr Volume New Volume
Volumeseriennummer : 0061005C AA7E:DD19
D:.
|   LICENSE.md
|   README.md
|   sloc.log
|   theme.toml
|   tree.log
|   
+---archetypes
|       default.md
|       
+---exampleSite
|   |   config.toml
|   |   
|   +---content
|   |   \---slide
|   |           01.md
|   |           03.md
|   |           05.md
|   |           06.md
|   |           07.md
|   |           08.md
|   |           09.md
|   |           10.md
|   |           15.md
|   |           17.md
|   |           18.md
|   |           21.md
|   |           25.md
|   |           26.md
|   |           
|   \---static
|       \---css
|               custom.css
|               
+---images
|       screenshot.png
|       tn.png
|       
+---layouts
|   |   404.html
|   |   index.html
|   |   
|   +---partials
|   |       head.html
|   |       js.html
|   |       
|   +---shortcodes
|   |       twemoji_left.html
|   |       twemoji_right.html
|   |       
|   \---_default
|           list.html
|           single.html
|           
\---static
    +---assets
    |       Humor-SansOFL-1.0.txt
    |       humorsans.css
    |       remark-0.14.0.min.js
    |       remark-twemoji.css
    |       twemoji-awesome-license.md
    |       twemoji-awesome.css
    |       
    \---bkgs
            bubble-left.png
            bubble-right.png
            
