Auflistung der Ordnerpfade fÅr Volume New Volume
Volumeseriennummer : 0061005C AA7E:DD19
D:.
|   .gitmodules
|   config.toml
|   README.md
|   sloc.log
|   theme.toml
|   tree.log
|   
+---archetypes
|       default.md
|       showcase.md
|       
+---content
|   +---community
|   |       contributing.md
|   |       mailing-list.md
|   |       press.md
|   |       
|   +---content
|   |       archetypes.md
|   |       example.md
|   |       front-matter.md
|   |       ordering.md
|   |       organization.md
|   |       sections.md
|   |       types.md
|   |       
|   +---extras
|   |       aliases.md
|   |       builders.md
|   |       comments.md
|   |       highlighting.md
|   |       livereload.md
|   |       menus.md
|   |       permalinks.md
|   |       shortcodes.md
|   |       toc.md
|   |       urls.md
|   |       
|   +---meta
|   |       license.md
|   |       release-notes.md
|   |       roadmap.md
|   |       
|   +---overview
|   |       configuration.md
|   |       installing.md
|   |       introduction.md
|   |       quickstart.md
|   |       source-directory.md
|   |       usage.md
|   |       
|   +---showcase
|   |       antzucaro.md
|   |       asc.md
|   |       carlorat.md
|   |       chimera-art-space.md
|   |       chingli.md
|   |       cloudshark.md
|   |       danmux.md
|   |       devmonk.md
|   |       hackmeeting.md
|   |       heyitsalex.md
|   |       hugo.md
|   |       ifup.md
|   |       kieranhealy.md
|   |       lk4d4.darth.io.md
|   |       michaelwhatcott.md
|   |       minodisk.md
|   |       nickoneill.md
|   |       ninya.io.md
|   |       npf.md
|   |       peteraba.md
|   |       spf13.md
|   |       techmadeplain.md
|   |       tendermint.md
|   |       ucsb.md
|   |       vurt.co.md
|   |       yslow-rules.md
|   |       
|   +---taxonomies
|   |       displaying.md
|   |       methods.md
|   |       ordering.md
|   |       overview.md
|   |       templates.md
|   |       usage.md
|   |       
|   +---templates
|   |       404.md
|   |       content.md
|   |       functions.md
|   |       go-templates.md
|   |       homepage.md
|   |       list.md
|   |       overview.md
|   |       partials.md
|   |       rss.md
|   |       sitemap.md
|   |       terms.md
|   |       variables.md
|   |       views.md
|   |       
|   +---themes
|   |       creation.md
|   |       customizing.md
|   |       installing.md
|   |       overview.md
|   |       usage.md
|   |       
|   \---tutorials
|           github_pages_blog.md
|           mathjax.md
|           migrate-from-jekyll.md
|           
+---exampleSite
|   |   config.toml
|   |   
|   +---content
|   |   +---carrousel
|   |   |       carrousel.md
|   |   |       
|   |   \---post
|   |           first.md
|   |           second.md
|   |           third.md
|   |           
|   +---hugo-base-theme
|   \---static
|       \---img
|               dog.png
|               ipad.png
|               phones.png
|               
+---images
|       screenshot.png
|       tn.png
|       
+---layouts
|   |   index.html
|   |   
|   +---partials
|   |       analytics.html
|   |       footer.html
|   |       header.html
|   |       menu.html
|   |       top-block.html
|   |       
|   +---section
|   |       showcase.html
|   |       
|   +---showcase
|   |       thumbnail.html
|   |       
|   \---_default
|           list.html
|           single.html
|           
\---static
    |   apple-touch-icon.png
    |   favicon.ico
    |   
    +---assets
    |   +---font
    |   |       octicons.eot
    |   |       octicons.svg
    |   |       octicons.ttf
    |   |       octicons.woff
    |   |       
    |   \---font-awesome
    |       +---css
    |       |       font-awesome.css
    |       |       font-awesome.min.css
    |       |       
    |       +---fonts
    |       |       fontawesome-webfont.eot
    |       |       fontawesome-webfont.svg
    |       |       fontawesome-webfont.ttf
    |       |       fontawesome-webfont.woff
    |       |       FontAwesome.otf
    |       |       
    |       +---less
    |       |       bordered-pulled.less
    |       |       core.less
    |       |       fixed-width.less
    |       |       font-awesome.less
    |       |       icons.less
    |       |       larger.less
    |       |       list.less
    |       |       mixins.less
    |       |       path.less
    |       |       rotated-flipped.less
    |       |       spinning.less
    |       |       stacked.less
    |       |       variables.less
    |       |       
    |       \---scss
    |               font-awesome.scss
    |               _bordered-pulled.scss
    |               _core.scss
    |               _fixed-width.scss
    |               _icons.scss
    |               _larger.scss
    |               _list.scss
    |               _mixins.scss
    |               _path.scss
    |               _rotated-flipped.scss
    |               _spinning.scss
    |               _stacked.scss
    |               _variables.scss
    |               
    +---css
    |       bootstrap-theme.css
    |       HPstyles.css
    |       hugofont.css
    |       monokai_sublime.css
    |       owl.carousel.css
    |       owl.theme.default.css
    |       style-responsive.css
    |       style.css
    |       
    +---fonts
    |       glyphicons-halflings-regular.eot
    |       glyphicons-halflings-regular.svg
    |       glyphicons-halflings-regular.ttf
    |       glyphicons-halflings-regular.woff
    |       hugo.eot
    |       hugo.svg
    |       hugo.ttf
    |       hugo.woff
    |       
    +---img
    |       antzucaro-tn.jpg
    |       asc-tn.jpg
    |       carlorat-tn.jpg
    |       chimera-tn.jpg
    |       chingli-tn.jpg
    |       cloudshark-tn.jpg
    |       danmux-tn.jpg
    |       desk-long.jpg
    |       desk-mini.jpg
    |       desk-sm.jpg
    |       desk.jpg
    |       devmonk-tn.jpg
    |       gray.png
    |       hackmeeting-tn.jpg
    |       heyitsalex-tn.jpg
    |       hugo-logo-med.png
    |       hugo-logo.png
    |       hugo-tn.jpg
    |       hugo.png
    |       hugoSM.png
    |       ifup-tn.jpg
    |       kjhealy-tn.jpg
    |       lk4d4-tn.jpg
    |       michaelwhatcott-tn.jpg
    |       minodisk-tn.jpg
    |       nickoneill-tn.jpg
    |       ninya-tn.jpg
    |       npf-tn.jpg
    |       peteraba-tn.jpg
    |       spf13-tn.jpg
    |       techmadeplain-tn.jpg
    |       tendermint-tn.jpg
    |       ucsb-tn.jpg
    |       vurt.co-tn.jpg
    |       yslow-rules.jpg
    |       
    +---js
    |       bootstrap.min.js
    |       buttons.css
    |       buttons.html
    |       buttons.js
    |       highlight.pack.js
    |       instantclick.min.js
    |       jquery-2.1.1.min.js
    |       jquery.scrollTo.min.js
    |       livereload.js
    |       owl.carousel.min.js
    |       scripts.js
    |       
    \---share
            hugo-tall.png
            made-with-hugo-dark.png
            made-with-hugo-long-dark.png
            made-with-hugo-long.png
            made-with-hugo.png
            powered-by-hugo-dark.png
            powered-by-hugo-long-dark.png
            powered-by-hugo-long.png
            powered-by-hugo.png
            
