Auflistung der Ordnerpfade fÅr Volume New Volume
Volumeseriennummer : 0061005C AA7E:DD19
D:.
|   LICENSE.md
|   README.md
|   sloc.log
|   theme.toml
|   tree.log
|   wercker.yml
|   
+---archetypes
|       default.md
|       
+---images
|       desktop.png
|       iPad-ls.jpg
|       iPad-pt.jpg
|       screenshot.png
|       tn.png
|       
+---layouts
|   |   index.html
|   |   
|   +---page
|   |       single.html
|   |       
|   +---partials
|   |       author-box.html
|   |       design.html
|   |       footer.html
|   |       header-extra.html
|   |       header.html
|   |       meta.html
|   |       notice.html
|   |       pagination.html
|   |       share.html
|   |       
|   \---_default
|           li.html
|           list.html
|           single.html
|           
\---static
    +---css
    |       styles.css
    |       styles.min.css
    |       
    +---images
    |       logo.png
    |       
    \---js
            share.min.js
            
