Auflistung der Ordnerpfade fÅr Volume New Volume
Volumeseriennummer : 0061005C AA7E:DD19
D:.
|   LICENSE.md
|   README.md
|   sloc.log
|   theme.toml
|   tree.log
|   
+---images
|       screenshot.png
|       tn.png
|       
+---layouts
|   |   404.html
|   |   index.html
|   |   
|   +---partials
|   |       foot.html
|   |       head.html
|   |       
|   +---shortcodes
|   |       gist.html
|   |       youtube.html
|   |       
|   \---_default
|           single.html
|           
\---static
        apple-touch-icon.png
        favicon.png
        style.css
        
