Auflistung der Ordnerpfade fÅr Volume New Volume
Volumeseriennummer : 0061005C AA7E:DD19
D:.
|   .editorconfig
|   .gitignore
|   LICENSE
|   README.md
|   sloc.log
|   theme.toml
|   tree.log
|   
+---archetypes
|       post.md
|       
+---exampleSite
|   |   config.toml
|   |   
|   +---content
|   |   \---post
|   |           creating-a-new-theme.md
|   |           goisforlovers.md
|   |           hugoisforlovers.md
|   |           migrate-from-jekyll.md
|   |           
|   \---data
|           about.toml
|           
+---i18n
|       en.toml
|       zh.toml
|       
+---images
|       screenshot.png
|       tn.png
|       
+---layouts
|   |   404.html
|   |   index.html
|   |   
|   +---categories
|   |       terms.html
|   |       
|   +---partials
|   |       back.html
|   |       footer.html
|   |       head.html
|   |       header.html
|   |       
|   +---post
|   |       section.html
|   |       single.html
|   |       summary.html
|   |       
|   +---taxonomy
|   |       terms.html
|   |       
|   \---_default
|           baseof.html
|           list.html
|           
\---static
    +---css
    |       site.css
    |       
    +---img
    |       avatar1.svg
    |       avatar2.svg
    |       avatar3.svg
    |       avatar4.svg
    |       default1.jpg
    |       default2.jpg
    |       default3.jpg
    |       default4.jpg
    |       default5.jpg
    |       default6.jpg
    |       
    \---js
            bg.js
            jquery.min.js
            semantic.min.js
            site.js
            
