Auflistung der Ordnerpfade fÅr Volume New Volume
Volumeseriennummer : 0061005C AA7E:DD19
D:.
|   .gitignore
|   CHANGELOG.md
|   LICENSE.md
|   README-zh.md
|   README.md
|   sloc.log
|   theme.toml
|   tree.log
|   
+---archetypes
|       default.md
|       
+---exampleSite
|   |   config.toml
|   |   
|   \---content
|       |   about.md
|       |   
|       \---post
|               chinese-preview.md
|               english-preview.md
|               even-preview.md
|               hidden-post.md
|               japanese-preview.md
|               js-flowchart-diagrams.md
|               js-sequence-diagrams.md
|               shortcodes.md
|               syntax-highlighting.md
|               
+---i18n
|       en.yaml
|       es.yaml
|       fr.yaml
|       zh-CN.yaml
|       
+---images
|       screenshot.png
|       showcase.png
|       tn.png
|       
+---layouts
|   |   404.html
|   |   index.html
|   |   robots.txt
|   |   sitemap.xml
|   |   
|   +---partials
|   |   |   comments.html
|   |   |   footer.html
|   |   |   head.html
|   |   |   header.html
|   |   |   scripts.html
|   |   |   slideout.html
|   |   |   
|   |   \---post
|   |           copyright.html
|   |           reward.html
|   |           toc.html
|   |           
|   +---post
|   |       single.html
|   |       summary.html
|   |       
|   +---shortcodes
|   |       center.html
|   |       left.html
|   |       music.html
|   |       right.html
|   |       
|   \---_default
|           baseof.html
|           section.html
|           single.html
|           single.md
|           taxonomy.html
|           terms.html
|           
+---src
|   |   .babelrc
|   |   package.json
|   |   postcss.config.js
|   |   webpack.config.js
|   |   
|   +---css
|   |   |   style.scss
|   |   |   _base.scss
|   |   |   _iconfont.scss
|   |   |   _variables.scss
|   |   |   
|   |   +---_common
|   |   |       _animation.scss
|   |   |       _normalize.scss
|   |   |       _utils.scss
|   |   |       
|   |   +---_custom
|   |   |       _custom.scss
|   |   |       
|   |   \---_partial
|   |       |   _404.scss
|   |       |   _archive.scss
|   |       |   _back-to-top.scss
|   |       |   _categories.scss
|   |       |   _footer.scss
|   |       |   _header.scss
|   |       |   _mobile.scss
|   |       |   _pagination.scss
|   |       |   _post.scss
|   |       |   _slideout.scss
|   |       |   _tags.scss
|   |       |   
|   |       +---_footer
|   |       |       _copyright.scss
|   |       |       _social.scss
|   |       |       
|   |       +---_header
|   |       |       _logo.scss
|   |       |       _menu.scss
|   |       |       
|   |       \---_post
|   |               _code.scss
|   |               _content.scss
|   |               _copyright.scss
|   |               _footer.scss
|   |               _header.scss
|   |               _reward.scss
|   |               _toc.scss
|   |               
|   +---fonts
|   |   +---chancery
|   |   |       apple-chancery-webfont.eot
|   |   |       apple-chancery-webfont.svg
|   |   |       apple-chancery-webfont.ttf
|   |   |       apple-chancery-webfont.woff
|   |   |       apple-chancery-webfont.woff2
|   |   |       
|   |   \---iconfont
|   |           iconfont.eot
|   |           iconfont.svg
|   |           iconfont.ttf
|   |           iconfont.woff
|   |           
|   \---js
|           even.js
|           main.js
|           
\---static
    |   android-chrome-192x192.png
    |   android-chrome-512x512.png
    |   apple-touch-icon.png
    |   browserconfig.xml
    |   favicon-16x16.png
    |   favicon-32x32.png
    |   favicon.ico
    |   manifest.json
    |   mstile-150x150.png
    |   safari-pinned-tab.svg
    |   sitemap.xsl
    |   
    +---dist
    |   |   even.min.css
    |   |   even.min.css.map
    |   |   even.min.js
    |   |   even.min.js.map
    |   |   
    |   \---fonts
    |       +---chancery
    |       |       apple-chancery-webfont.eot
    |       |       apple-chancery-webfont.svg
    |       |       apple-chancery-webfont.ttf
    |       |       apple-chancery-webfont.woff
    |       |       apple-chancery-webfont.woff2
    |       |       
    |       \---iconfont
    |               iconfont.eot
    |               iconfont.svg
    |               iconfont.ttf
    |               iconfont.woff
    |               
    +---img
    |   |   spinner.svg
    |   |   
    |   \---reward
    |           alipay.png
    |           wechat.png
    |           
    \---lib
        +---fancybox
        |       jquery.fancybox-3.1.20.min.css
        |       jquery.fancybox-3.1.20.min.js
        |       
        +---gitment
        |       gitment-0.0.3.min.css
        |       gitment-0.0.3.min.js
        |       
        +---highlight
        |       highlight.pack.js
        |       
        +---jquery
        |       jquery-3.2.1.min.js
        |       
        \---slideout
                slideout-1.0.1.min.js
                
