Auflistung der Ordnerpfade fÅr Volume New Volume
Volumeseriennummer : 0061005C AA7E:DD19
D:.
|   LICENSE.md
|   README.md
|   sloc.log
|   theme.toml
|   tree.log
|   
+---archetypes
|       default.md
|       
+---images
|       amp-valid.png
|       development-mode.png
|       include-images.png
|       responsive.png
|       screenshot.png
|       taxonomy.png
|       tn.png
|       
+---layouts
|   |   404.html
|   |   
|   +---partials
|   |       comments.html
|   |       custom.css
|   |       meta.html
|   |       nav.html
|   |       pagination.html
|   |       share.html
|   |       single_json_ld.html
|   |       single_meta.html
|   |       styles.css
|   |       
|   +---shortcodes
|   |       clear.html
|   |       img.html
|   |       twitter.html
|   |       
|   \---_default
|           baseof.html
|           li.html
|           list.html
|           li_sm.html
|           single.html
|           summary.html
|           terms.html
|           
\---static
    |   .DS_Store
    |   favicon.ico
    |   
    \---images
            bg-body.jpg
            default.jpg
            icon-arrow-left-inverse.png
            icon-arrow-right-inverse.png
            icon-arrow-right.png
            icon-arrow-up.png
            icon-calendar.svg
            icon-clip.svg
            icon-cursor.svg
            icon-home.svg
            logo.png
            
