Auflistung der Ordnerpfade fÅr Volume New Volume
Volumeseriennummer : 0061005C AA7E:DD19
D:.
|   .gitignore
|   LICENSE.md
|   README.md
|   sloc.log
|   theme.toml
|   tree.log
|   
+---archetypes
|       default.md
|       
+---exampleSite
|   |   config.toml
|   |   
|   +---content
|   |   |   index.md
|   |   |   
|   |   +---demo
|   |   |       live.md
|   |   |       
|   |   \---getting-started
|   |           installation.md
|   |           
|   \---static
|       \---images
|               space1.jpg
|               space2.jpg
|               
+---images
|       screenshot.png
|       tn.png
|       
+---layouts
|   |   404.html
|   |   index.html
|   |   
|   +---partials
|   |       footer.html
|   |       footer_js.html
|   |       header.html
|   |       menu.html
|   |       navbar.html
|   |       piwik.html
|   |       
|   +---section
|   |       news.html
|   |       
|   +---shortcodes
|   |       gallery.html
|   |       
|   \---_default
|           li.html
|           list.html
|           single.html
|           
\---static
    +---css
    |   |   bootstrap.min.css
    |   |   custom.css
    |   |   fancybox_loading.gif
    |   |   fancybox_loading@2x.gif
    |   |   fancybox_overlay.png
    |   |   fancybox_sprite.png
    |   |   fancybox_sprite@2x.png
    |   |   jquery.fancybox.css
    |   |   pygments.css
    |   |   
    |   \---helpers
    |           fancybox_buttons.png
    |           jquery.fancybox-buttons.css
    |           jquery.fancybox-thumbs.css
    |           
    +---fonts
    |       glyphicons-halflings-regular.eot
    |       glyphicons-halflings-regular.svg
    |       glyphicons-halflings-regular.ttf
    |       glyphicons-halflings-regular.woff
    |       glyphicons-halflings-regular.woff2
    |       
    \---js
        |   application.js
        |   bootstrap.min.js
        |   jquery.fancybox.pack.js
        |   
        \---helpers
                jquery.fancybox-buttons.js
                jquery.fancybox-media.js
                jquery.fancybox-thumbs.js
                
