Auflistung der Ordnerpfade fÅr Volume New Volume
Volumeseriennummer : 0061005C AA7E:DD19
D:.
|   LICENSE.md
|   README.md
|   sloc.log
|   theme.toml
|   tree.log
|   
+---archetypes
|       default.md
|       
+---exampleSite
|   |   config.toml
|   |   
|   +---archetypes
|   |       .gitkeep
|   |       
|   +---content
|   |       .gitkeep
|   |       
|   +---data
|   |       items.toml
|   |       
|   \---static
|       +---css
|       |       component.css
|       |       default.css
|       |       
|       +---images
|       |   +---full
|       |   |       1.png
|       |   |       2.png
|       |   |       3.png
|       |   |       4.png
|       |   |       5.png
|       |   |       
|       |   \---thumbs
|       |           1.png
|       |           2.png
|       |           3.png
|       |           4.png
|       |           5.png
|       |           
|       \---js
|               modernizr.custom.js
|               
+---images
|       screenshot.png
|       tn.png
|       
+---layouts
|   |   index.html
|   |   
|   +---partials
|   |       footer.html
|   |       head.html
|   |       header.html
|   |       scripts.html
|   |       
|   \---_default
|           list.html
|           single.html
|           
\---static
    +---css
    |       component.css
    |       default.css
    |       
    +---images
    |   +---full
    |   |       1.png
    |   |       2.png
    |   |       3.png
    |   |       4.png
    |   |       5.png
    |   |       
    |   \---thumbs
    |           1.png
    |           2.png
    |           3.png
    |           4.png
    |           5.png
    |           
    \---js
            modernizr.custom.js
            
