Auflistung der Ordnerpfade fÅr Volume New Volume
Volumeseriennummer : 0061005C AA7E:DD19
D:.
|   .gitignore
|   LICENSE
|   LICENSE.md
|   README.md
|   sloc.log
|   theme.toml
|   tree.log
|   
+---archetypes
|       default.md
|       
+---images
|       screenshot.png
|       tn.png
|       
+---layouts
|   |   index.html
|   |   
|   +---partials
|   |       footer.html
|   |       header.html
|   |       list.html
|   |       
|   \---_default
|           list.html
|           single.html
|           
\---static
    \---css
            style.css
            
