Auflistung der Ordnerpfade fÅr Volume New Volume
Volumeseriennummer : 0061005C AA7E:DD19
D:.
|   .editorconfig
|   CHANGELOG.md
|   LICENSE.md
|   README.md
|   sloc.log
|   theme.toml
|   tree.log
|   
+---archetypes
|       default.md
|       
+---exampleSite
|   |   config.toml
|   |   
|   +---content
|   |   |   about.md
|   |   |   
|   |   \---post
|   |           creating-a-new-theme.md
|   |           go-is-for-lovers.md
|   |           hugo-is-for-lovers.md
|   |           migrate-from-jekyll.md
|   |           
|   +---data
|   |       l10n.toml
|   |       
|   \---static
|           .gitkeep
|           
+---images
|       screenshot.png
|       tn.png
|       
+---layouts
|   |   404.html
|   |   index.html
|   |   
|   +---partials
|   |       footer.html
|   |       head.html
|   |       icons.html
|   |       nav.html
|   |       pagination.html
|   |       post-list.html
|   |       post-meta.html
|   |       
|   \---_default
|           baseof.html
|           list.html
|           single.html
|           
\---static
    |   favicon.ico
    |   
    +---css
    |       main.css
    |       
    \---img
            avatar.png
            sample_feature_img.png
            sample_feature_img_2.png
            sample_feature_img_3.png
            
