Auflistung der Ordnerpfade fÅr Volume New Volume
Volumeseriennummer : 0061005C AA7E:DD19
D:.
|   .gitignore
|   LICENSE.md
|   README.md
|   sloc.log
|   theme.toml
|   tree.log
|   
+---archetypes
|       link.md
|       post.md
|       
+---images
|   |   index.png
|   |   list.png
|   |   post.png
|   |   screenshot.png
|   |   tn.png
|   |   
|   +---inverse_false
|   |       cerulean.png
|   |       cosmo.png
|   |       cyborg.png
|   |       default.png
|   |       flatly.png
|   |       journal.png
|   |       lumen.png
|   |       paper.png
|   |       readable.png
|   |       sandstone.png
|   |       simplex.png
|   |       slate.png
|   |       spacelab.png
|   |       superhero.png
|   |       united.png
|   |       yeti.png
|   |       
|   \---inverse_true
|           cerulean.png
|           cosmo.png
|           cyborg.png
|           default.png
|           flatly.png
|           journal.png
|           lumen.png
|           paper.png
|           readable.png
|           sandstone.png
|           simplex.png
|           slate.png
|           spacelab.png
|           superhero.png
|           united.png
|           yeti.png
|           
+---layouts
|   |   index.html
|   |   rss.xml
|   |   
|   +---link
|   |       single.html
|   |       
|   +---page
|   |       single.html
|   |       
|   +---partials
|   |       footer.html
|   |       header.html
|   |       navbar.html
|   |       
|   +---post
|   |       single.html
|   |       
|   \---_default
|           frontpage-post.html
|           list.html
|           post-title.html
|           
\---static
    +---css
    |   |   font-awesome.min.css
    |   |   style.css
    |   |   
    |   \---theme
    |           cerulean.css
    |           cosmo.css
    |           cyborg.css
    |           darkly.css
    |           default.css
    |           flatly.css
    |           journal.css
    |           lumen.css
    |           paper.css
    |           readable.css
    |           sandstone.css
    |           simplex.css
    |           slate.css
    |           spacelab.css
    |           superhero.css
    |           united.css
    |           yeti.css
    |           
    +---fonts
    |       fontawesome-webfont.eot
    |       fontawesome-webfont.svg
    |       fontawesome-webfont.ttf
    |       fontawesome-webfont.woff
    |       fontawesome-webfont.woff2
    |       FontAwesome.otf
    |       
    +---img
    |       favicon.ico
    |       
    \---js
            bootstrap.min-3.3.5.js
            jquery.min-2.1.4.js
            
