Auflistung der Ordnerpfade fÅr Volume New Volume
Volumeseriennummer : 0061005C AA7E:DD19
D:.
|   .babelrc
|   .editorconfig
|   .gitignore
|   .travis.yml
|   config.js
|   gulpfile.babel.js
|   LICENSE.md
|   package.json
|   README.md
|   sloc.log
|   theme.toml
|   tree.log
|   webpack.config.babel.js
|   yarn.lock
|   
+---archetypes
|       default.md
|       
+---bin
|       build.sh
|       deploy.sh
|       
+---exampleSite
|   |   config.toml
|   |   
|   +---content
|   |   |   about.md
|   |   |   
|   |   \---posts
|   |           creating-a-new-theme.md
|   |           goisforlovers.md
|   |           hugoisforlovers.md
|   |           image-zoom-sample.md
|   |           migrate-from-jekyll.md
|   |           
|   +---layouts
|   |       .gitkeep
|   |       
|   \---static
|       |   .gitkeep
|       |   
|       \---images
|               default.jpg
|               
+---images
|       screenshot.png
|       tn.png
|       
+---layouts
|   |   404.html
|   |   index.html
|   |   
|   +---partials
|   |       footer.html
|   |       footer_custom.html
|   |       head.html
|   |       header.html
|   |       head_custom.html
|   |       link.html
|   |       menu.html
|   |       pagination.html
|   |       related.html
|   |       siteinfo.html
|   |       svgpack-sprite.html
|   |       
|   +---shortcodes
|   |       zoom-img.html
|   |       
|   \---_default
|           li.html
|           list.html
|           single.html
|           terms.html
|           
+---src
|   +---css
|   |   |   style.css
|   |   |   
|   |   +---foundation
|   |   |   +---base
|   |   |   |       base.css
|   |   |   |       normalize.css
|   |   |   |       
|   |   |   +---lib
|   |   |   |       slick-custom.css
|   |   |   |       
|   |   |   \---variable
|   |   |           breakpoint.css
|   |   |           color.css
|   |   |           font-family.css
|   |   |           
|   |   +---layout
|   |   |       footer.css
|   |   |       header.css
|   |   |       main.css
|   |   |       nav.css
|   |   |       
|   |   \---object
|   |       +---component
|   |       |       article.css
|   |       |       avatar.css
|   |       |       links.css
|   |       |       pagination.css
|   |       |       tag.css
|   |       |       time.css
|   |       |       title.css
|   |       |       
|   |       +---project
|   |       |       article.css
|   |       |       author.css
|   |       |       copyright.css
|   |       |       list-article.css
|   |       |       menu.css
|   |       |       notfound.css
|   |       |       pagination.css
|   |       |       related.css
|   |       |       screen-reader-text.css
|   |       |       subtitle.css
|   |       |       tag-title.css
|   |       |       title.css
|   |       |       
|   |       \---utility
|   |               align.css
|   |               display.css
|   |               
|   +---images
|   |       default.jpg
|   |       
|   +---js
|   |   |   app.js
|   |   |   
|   |   \---zoom
|   |           transition.js
|   |           
|   \---svg
|           500px.svg
|           codepen.svg
|           dribbble.svg
|           facebook.svg
|           feed.svg
|           flickr.svg
|           github.svg
|           gitlab.svg
|           google-plus.svg
|           instagram.svg
|           linkedin.svg
|           mail.svg
|           npm.svg
|           pinterest.svg
|           search.svg
|           tumblr.svg
|           twitter.svg
|           vimeo.svg
|           wordpress.svg
|           youtube.svg
|           
\---static
    +---css
    |       style.css
    |       
    +---images
    |       default.jpg
    |       
    \---js
            bundle.js
            
