Auflistung der Ordnerpfade fÅr Volume New Volume
Volumeseriennummer : 0061005C AA7E:DD19
D:.
|   LICENSE.md
|   README.md
|   sloc.log
|   theme.toml
|   tree.log
|   
+---archetypes
|       default.md
|       
+---images
|       screenshot.png
|       tn.png
|       
+---layouts
|   |   index.html
|   |   
|   +---partials
|   |       comments.html
|   |       footer.html
|   |       header.html
|   |       pagination.html
|   |       share.html
|   |       sidebar.html
|   |       
|   +---post
|   |       single.html
|   |       
|   \---_default
|           full.html
|           index.html
|           li.html
|           list.html
|           single.html
|           truncate.html
|           
\---static
    +---css
    |   |   crisp.css
    |   |   grids-responsive-min.css
    |   |   grids-responsive-old-ie-min.css
    |   |   pure-min.css
    |   |   rrssb.css
    |   |   
    |   \---highlight
    |           arta.css
    |           ascetic.css
    |           atelier-dune.dark.css
    |           atelier-dune.light.css
    |           atelier-forest.dark.css
    |           atelier-forest.light.css
    |           atelier-heath.dark.css
    |           atelier-heath.light.css
    |           atelier-lakeside.dark.css
    |           atelier-lakeside.light.css
    |           atelier-seaside.dark.css
    |           atelier-seaside.light.css
    |           codepen-embed.css
    |           color-brewer.css
    |           dark.css
    |           default.css
    |           docco.css
    |           far.css
    |           foundation.css
    |           github.css
    |           googlecode.css
    |           hybrid.css
    |           idea.css
    |           ir_black.css
    |           kimbie.dark.css
    |           kimbie.light.css
    |           magula.css
    |           mono-blue.css
    |           monokai.css
    |           monokai_sublime.css
    |           obsidian.css
    |           paraiso.dark.css
    |           paraiso.light.css
    |           railscasts.css
    |           rainbow.css
    |           solarized_dark.css
    |           solarized_light.css
    |           sunburst.css
    |           tomorrow-night-blue.css
    |           tomorrow-night-bright.css
    |           tomorrow-night-eighties.css
    |           tomorrow-night.css
    |           tomorrow.css
    |           vs.css
    |           xcode.css
    |           zenburn.css
    |           
    \---js
            gist.min.js
            instantclick.min.js
            rrssb.min.js
            
