Auflistung der Ordnerpfade fÅr Volume New Volume
Volumeseriennummer : 0061005C AA7E:DD19
D:.
|   CHANGELOG.md
|   LICENSE.md
|   README.md
|   sloc.log
|   theme.toml
|   tree.log
|   
+---archetypes
|       default.md
|       
+---images
|       screenshot.png
|       tn.png
|       
+---layouts
|   |   404.html
|   |   index.html
|   |   
|   +---partials
|   |       head.html
|   |       head_fonts.html
|   |       hook_head_end.html
|   |       sidebar.html
|   |       
|   \---_default
|           baseof.html
|           list.html
|           single.html
|           
\---static
    |   apple-touch-icon-144-precomposed.png
    |   favicon.png
    |   
    \---css
            hyde.css
            poole.css
            print.css
            syntax.css
            
