Auflistung der Ordnerpfade fÅr Volume New Volume
Volumeseriennummer : 0061005C AA7E:DD19
D:.
|   .gitignore
|   LICENSE.md
|   README.md
|   sample-config.toml
|   sloc.log
|   theme.toml
|   tree.log
|   
+---archetypes
|       post.md
|       
+---images
|       codecaption1.png
|       screenshot.png
|       tn.png
|       
+---layouts
|   |   404.html
|   |   index.html
|   |   
|   +---category
|   |       category.html
|   |       
|   +---license
|   |       single.html
|   |       
|   +---page
|   |       single.html
|   |       
|   +---partials
|   |       disqus.html
|   |       footer.html
|   |       header.html
|   |       navigation.html
|   |       octo-header.html
|   |       pagination.html
|   |       post_footer.html
|   |       post_header.html
|   |       sidebar.html
|   |       
|   +---post
|   |       single.html
|   |       
|   +---shortcodes
|   |       codecaption.html
|   |       imgcap.html
|   |       
|   +---tag
|   |       tag.html
|   |       
|   \---_default
|           list.html
|           single.html
|           terms.html
|           
\---static
    |   favicon.png
    |   
    \---css
            hugo-octopress.css
            
