Auflistung der Ordnerpfade fÅr Volume New Volume
Volumeseriennummer : 0061005C AA7E:DD19
D:.
|   LICENSE.md
|   README.md
|   sloc.log
|   theme.toml
|   tree.log
|   
+---archetypes
|       default.md
|       post.md
|       
+---images
|       screenshot.png
|       tn.png
|       wordpress_screenshot.png
|       
+---layouts
|   |   index.html
|   |   
|   +---partials
|   |       categories.html
|   |       content.html
|   |       footer.html
|   |       gists.html
|   |       header.html
|   |       recentposts.html
|   |       searchform.html
|   |       sidebar.html
|   |       
|   +---shortcodes
|   |       figure.html
|   |       
|   \---_default
|           list.html
|           single.html
|           
\---static
    +---css
    |       ie.css
    |       rtl.css
    |       style.css
    |       
    +---genericons
    |   |   COPYING.txt
    |   |   example.html
    |   |   Genericons-Regular.otf
    |   |   genericons.css
    |   |   LICENSE.txt
    |   |   README.txt
    |   |   
    |   \---font
    |           genericons-regular-webfont.eot
    |           genericons-regular-webfont.svg
    |           genericons-regular-webfont.ttf
    |           genericons-regular-webfont.woff
    |           
    +---images
    |       pattern-dark.svg
    |       pattern-light.svg
    |       
    \---js
        |   customizer.js
        |   featured-content-admin.js
        |   functions.js
        |   html5.js
        |   keyboard-image-navigation.js
        |   slider.js
        |   
        \---jquery
                jquery-migrate.min.js
                jquery.js
                
