Auflistung der Ordnerpfade fÅr Volume New Volume
Volumeseriennummer : 0061005C AA7E:DD19
D:.
|   LICENSE
|   README.md
|   sloc.log
|   theme.toml
|   tree.log
|   
+---exampleSite
|   |   config.yml
|   |   
|   +---content
|   |       .keep
|   |       
|   \---static
|       \---img
|               apple-touch-icon.png
|               badge.jpg
|               cover.jpg
|               favicon.ico
|               hugo.jpg
|               hugo.png
|               partner.png
|               speaker.jpg
|               your-logo.jpg
|               
+---images
|       screenshot.png
|       tn.png
|       
+---layouts
|   |   index.html
|   |   
|   \---partials
|           about.html
|           contact.html
|           header.html
|           location.html
|           nav.html
|           partners.html
|           schedule.html
|           speakers.html
|           sponsors.html
|           
\---static
    +---css
    |       main.css
    |       
    +---img
    |       marker-default.png
    |       
    \---js
            jquery.js
            main.js
            
