Auflistung der Ordnerpfade fÅr Volume New Volume
Volumeseriennummer : 0061005C AA7E:DD19
D:.
|   .gitignore
|   bootstrap_custom_config.json
|   LICENSE.md
|   README.md
|   sloc.log
|   theme.toml
|   tree.log
|   
+---archetypes
|       default.md
|       
+---images
|       screenshot.png
|       tn.png
|       
+---layouts
|   |   404.html
|   |   index.html
|   |   
|   +---partials
|   |       footer.html
|   |       header.html
|   |       link.html
|   |       pagination.html
|   |       
|   \---_default
|           li.html
|           list.html
|           single.html
|           terms.html
|           
\---static
    +---css
    |       bootstrap.min.css
    |       font-awesome.min.css
    |       github.css
    |       main.css
    |       
    +---fonts
    |       fontawesome-webfont.eot
    |       fontawesome-webfont.svg
    |       fontawesome-webfont.ttf
    |       fontawesome-webfont.woff
    |       fontawesome-webfont.woff2
    |       FontAwesome.otf
    |       
    +---images
    |       apple-touch-icon.png
    |       bg.jpg
    |       favicon.ico
    |       
    \---js
            highlight.pack.js
            
