Auflistung der Ordnerpfade fÅr Volume New Volume
Volumeseriennummer : 0061005C AA7E:DD19
D:.
|   LICENSE.md
|   README.md
|   sloc.log
|   theme.toml
|   tree.log
|   
+---archetypes
|       default.md
|       
+---exampleSite
|   |   config.toml
|   |   
|   +---content
|   |   |   another.md
|   |   |   contact.md
|   |   |   features.md
|   |   |   home.md
|   |   |   more.md
|   |   |   
|   |   +---blog
|   |   |       more-blog.md
|   |   |       welcome-blog.md
|   |   |       
|   |   +---features
|   |   |   |   nested-menus.md
|   |   |   |   responsive-design.md
|   |   |   |   tags.md
|   |   |   |   two-column-layout.md
|   |   |   |   
|   |   |   \---nested-menus
|   |   |           third-level-1.md
|   |   |           third-level-2.md
|   |   |           third-level-3.md
|   |   |           
|   |   \---more
|   |           items-to-show.md
|   |           some-more-menu.md
|   |           the-nested-menus-feature.md
|   |           
|   \---static
|           .gitkeep
|           
+---images
|       screenshot.png
|       tn.png
|       
+---layouts
|   |   404.html
|   |   index.html
|   |   
|   +---partials
|   |       footer.html
|   |       header.html
|   |       menu.html
|   |       pagination.html
|   |       tags.html
|   |       
|   +---shortcodes
|   |       summary.html
|   |       
|   \---_default
|           list.html
|           single.html
|           
\---static
    +---css
    |       crab.css
    |       
    \---img
            crab-logo.png
            
