Auflistung der Ordnerpfade fÅr Volume New Volume
Volumeseriennummer : 0061005C AA7E:DD19
D:.
|   CHANGELOG.md
|   LICENSE.md
|   README.md
|   sloc.log
|   theme.toml
|   tree.log
|   
+---archetypes
|       default.md
|       
+---exampleSite
|   |   .gitignore
|   |   config.toml
|   |   
|   +---content
|   |   \---post
|   |           creating-a-new-theme.md
|   |           go-is-for-lovers.md
|   |           hugo-is-for-lovers.md
|   |           migrate-from-jekyll.md
|   |           
|   \---static
|           .gitkeep
|           
+---images
|       screenshot.png
|       tn.png
|       
+---layouts
|   |   404.html
|   |   index.html
|   |   
|   +---partials
|   |       about.html
|   |       contact.html
|   |       footer.html
|   |       head.html
|   |       header.html
|   |       pagination.html
|   |       portfolio.html
|   |       post-meta.html
|   |       recent-posts.html
|   |       
|   \---_default
|           baseof.html
|           list.html
|           single.html
|           summary.html
|           
\---static
    +---css
    |   |   ie8.css
    |   |   main.css
    |   |   
    |   \---images
    |           overlay.png
    |           
    +---images
    |   |   avatar.jpg
    |   |   bg.jpg
    |   |   
    |   +---fulls
    |   |       01.jpg
    |   |       02.jpg
    |   |       03.jpg
    |   |       04.jpg
    |   |       05.jpg
    |   |       06.jpg
    |   |       
    |   \---thumbs
    |           01.jpg
    |           02.jpg
    |           03.jpg
    |           04.jpg
    |           05.jpg
    |           06.jpg
    |           
    \---js
        |   jquery.min.js
        |   jquery.poptrox.min.js
        |   main.js
        |   skel.min.js
        |   util.js
        |   
        \---ie
                backgroundsize.min.htc
                html5shiv.js
                PIE.htc
                respond.min.js
                
