Auflistung der Ordnerpfade fÅr Volume New Volume
Volumeseriennummer : 0061005C AA7E:DD19
D:.
|   .eslintrc
|   .gitignore
|   .sass-lint.yml
|   gulpfile.js
|   LICENSE.txt
|   package-lock.json
|   package.json
|   README.md
|   sloc.log
|   theme.toml
|   tree.log
|   
+---archetypes
|       default.md
|       
+---exampleSite
|   |   config.yaml
|   |   
|   \---content
|       |   about.md
|       |   contact.md
|       |   _index.md
|       |   
|       \---documentation
|               configuration.md
|               create-theme.md
|               install.md
|               quickstart.md
|               
+---i18n
|       en.toml
|       sv.toml
|       
+---images
|       screenshot.png
|       tn.png
|       tn_mobil.png
|       tn_mobil_menu.png
|       
+---layouts
|   |   index.html
|   |   
|   +---micro
|   |       list.json.json
|   |       single.html
|   |       summary.html
|   |       
|   +---partials
|   |       dates.html
|   |       feedlinks.html
|   |       language-selector.html
|   |       menu.html
|   |       meta.html
|   |       meta_cache.html
|   |       mobilemenu.html
|   |       opengraph_meta.html
|   |       pagination.html
|   |       piwik.html
|   |       scripts.html
|   |       scripts_cache.html
|   |       search.html
|   |       section_json_ld.html
|   |       section_meta.html
|   |       sidebar.html
|   |       single_json_ld.html
|   |       single_meta.html
|   |       submitted.html
|   |       tags.html
|   |       
|   +---section
|   |       micro.rss.xml
|   |       
|   +---shortcodes
|   |       clear.html
|   |       contact.html
|   |       figure.html
|   |       wrapper.html
|   |       
|   \---_default
|           baseof.html
|           full.html
|           li.html
|           list.html
|           list.json.json
|           rss.xml
|           single.html
|           summary.html
|           
+---php
|       contact.php.example
|       
+---sass
|   |   print.scss
|   |   README.txt
|   |   styles.scss
|   |   _custom.scss
|   |   _init.scss
|   |   _zen.scss
|   |   
|   +---base
|   |   |   _fonts.scss
|   |   |   _normalize.scss
|   |   |   
|   |   +---document
|   |   |       _document.scss
|   |   |       
|   |   +---embedded
|   |   |       _embedded.scss
|   |   |       
|   |   +---forms
|   |   |       _forms.scss
|   |   |       
|   |   +---grouping
|   |   |       _grouping.scss
|   |   |       
|   |   +---hidden
|   |   |       _hidden.scss
|   |   |       
|   |   +---interactive
|   |   |       _interactive.scss
|   |   |       
|   |   +---links
|   |   |       _links.scss
|   |   |       
|   |   +---scripting
|   |   |       _scripting.scss
|   |   |       
|   |   +---sections
|   |   |       _sections.scss
|   |   |       
|   |   +---tables
|   |   |       _tables.scss
|   |   |       
|   |   \---text
|   |           _text.scss
|   |           
|   +---components
|   |   +---box
|   |   |       box.json
|   |   |       _box.scss
|   |   |       
|   |   +---button
|   |   |       _button.scss
|   |   |       
|   |   +---clearfix
|   |   |       _clearfix.scss
|   |   |       
|   |   +---divider
|   |   |       divider.json
|   |   |       _divider.scss
|   |   |       
|   |   +---header
|   |   |       _header.scss
|   |   |       
|   |   +---hidden
|   |   |       _hidden.scss
|   |   |       
|   |   +---highlight-mark
|   |   |       _highlight-mark.scss
|   |   |       
|   |   +---inline-links
|   |   |       _inline-links.scss
|   |   |       
|   |   +---inline-sibling
|   |   |       _inline-sibling.scss
|   |   |       
|   |   +---inverted-box
|   |   |       _inverted-box.scss
|   |   |       
|   |   +---list-straight-left
|   |   |       _list-straight-left.scss
|   |   |       
|   |   +---print-none
|   |   |       _print-none.scss
|   |   |       
|   |   +---responsive-video
|   |   |       _responsive-video.scss
|   |   |       
|   |   +---visually-hidden
|   |   |       visually-hidden.json
|   |   |       _visually-hidden.scss
|   |   |       
|   |   +---watermark
|   |   |       watermark.json
|   |   |       _watermark.scss
|   |   |       
|   |   \---wireframe
|   |           wireframe.json
|   |           _wireframe.scss
|   |           
|   +---init
|   |   |   _colors.scss
|   |   |   _variables.scss
|   |   |   
|   |   +---clearfix
|   |   |       _clearfix.scss
|   |   |       
|   |   +---image-url
|   |   |       _image-url.scss
|   |   |       
|   |   +---rtl
|   |   |       _rtl.scss
|   |   |       
|   |   \---visually-hidden
|   |           _visually-hidden.scss
|   |           
|   +---layouts
|   |       _layouts.scss
|   |       
|   \---navigation
|       +---mobile
|       |       _mobile.scss
|       |       
|       +---more-link
|       |       more-link__help-icon.svg
|       |       _more-link.scss
|       |       
|       +---navbar
|       |       _navbar.scss
|       |       
|       \---pager
|               _pager.scss
|               
\---static
    |   apple-touch-icon.png
    |   favicon.ico
    |   favicon.png
    |   robots.txt
    |   
    +---css
    |       print.css
    |       styles.css
    |       
    +---images
    |       language-icon.png
    |       logo.png
    |       logo@2x.png
    |       
    \---js
            contact.js
            jquery.min.js
            jquery.slim.min.js
            script.js
            
