Auflistung der Ordnerpfade fÅr Volume New Volume
Volumeseriennummer : 0061005C AA7E:DD19
D:.
|   LICENSE.md
|   README.md
|   sloc.log
|   theme.toml
|   tree.log
|   
+---archetypes
|       default.md
|       
+---exampleSite
|   |   config.toml
|   |   
|   +---archetypes
|   |       .gitkeep
|   |       
|   +---content
|   |   \---post
|   |           hug.md
|   |           not_a_robot.md
|   |           passing_note.md
|   |           real.md
|   |           to_write_love_on_her_arms.md
|   |           wasteland.md
|   |           
|   +---data
|   |       .gitkeep
|   |       
|   +---layouts
|   |       .gitkeep
|   |       
|   \---static
|           .gitkeep
|           
+---images
|       screenshot.png
|       tn.png
|       
+---layouts
|   |   404.html
|   |   index.html
|   |   summary.html
|   |   
|   +---partials
|   |       footer.html
|   |       head.html
|   |       header.html
|   |       paginator.html
|   |       
|   \---_default
|           paginator.html
|           single.html
|           summary.html
|           
\---static
    \---css
            styles.css
            
