Auflistung der Ordnerpfade fÅr Volume New Volume
Volumeseriennummer : 0061005C AA7E:DD19
D:.
|   LICENSE.md
|   README.md
|   sloc.log
|   theme.toml
|   tree.log
|   
+---archetypes
|       default.md
|       
+---images
|       screenshot.png
|       tn.png
|       
+---layouts
|   |   404.html
|   |   index.html
|   |   
|   +---partials
|   |       analytics.html
|   |       footer.html
|   |       head.html
|   |       header.html
|   |       highlight.html
|   |       nav.html
|   |       title.html
|   |       
|   +---post
|   |       list-item-expanded.html
|   |       list-item.html
|   |       single.html
|   |       
|   \---section
|           post.html
|           
\---static
    +---css
    |       highlight.css
    |       paperback.css
    |       
    \---js
            highlight.pack.js
            
