Auflistung der Ordnerpfade fÅr Volume New Volume
Volumeseriennummer : 0061005C AA7E:DD19
D:.
|   .gitignore
|   LICENSE
|   main.js
|   README.md
|   sloc.log
|   theme.toml
|   tree.log
|   
+---archetypes
|       default.md
|       
+---exampleSite
|   |   config.toml
|   |   
|   \---content
|       \---benefits
|               benefit-1.md
|               benefit-2.md
|               benefit-3.md
|               
+---images
|       screenshot.png
|       tn.png
|       
+---layouts
|   |   404.html
|   |   index.html
|   |   
|   \---partials
|           footer.html
|           header.html
|           mailchimp-signup.html
|           
\---static
    |   favicon.png
    |   
    +---assets
    |       main.css
    |       
    \---vendor
        \---font-awesome-4.7.0
            |   HELP-US-OUT.txt
            |   
            +---css
            |       font-awesome.css
            |       font-awesome.min.css
            |       
            +---fonts
            |       fontawesome-webfont.eot
            |       fontawesome-webfont.svg
            |       fontawesome-webfont.ttf
            |       fontawesome-webfont.woff
            |       fontawesome-webfont.woff2
            |       FontAwesome.otf
            |       
            +---less
            |       animated.less
            |       bordered-pulled.less
            |       core.less
            |       fixed-width.less
            |       font-awesome.less
            |       icons.less
            |       larger.less
            |       list.less
            |       mixins.less
            |       path.less
            |       rotated-flipped.less
            |       screen-reader.less
            |       stacked.less
            |       variables.less
            |       
            \---scss
                    font-awesome.scss
                    _animated.scss
                    _bordered-pulled.scss
                    _core.scss
                    _fixed-width.scss
                    _icons.scss
                    _larger.scss
                    _list.scss
                    _mixins.scss
                    _path.scss
                    _rotated-flipped.scss
                    _screen-reader.scss
                    _stacked.scss
                    _variables.scss
                    
