Auflistung der Ordnerpfade fÅr Volume New Volume
Volumeseriennummer : 0061005C AA7E:DD19
D:.
|   .gitignore
|   LICENSE.md
|   README.md
|   sloc.log
|   theme.toml
|   tree.log
|   
+---archetypes
|       default.md
|       
+---exampleSite
|   |   config.toml
|   |   
|   +---content
|   |   +---page
|   |   |       about.md
|   |   |       privacy-policy.md
|   |   |       
|   |   \---post
|   |           post-one.md
|   |           post-two.md
|   |           
|   +---data
|   |       .gitkeep
|   |       
|   \---static
|           .gitkeep
|           
+---images
|       screenshot.png
|       tn.png
|       
+---layouts
|   |   404.html
|   |   index.html
|   |   
|   +---partials
|   |   |   disqus.html
|   |   |   foot.html
|   |   |   footer.html
|   |   |   googleanalytics.html
|   |   |   head.html
|   |   |   pagination.html
|   |   |   
|   |   +---navigation
|   |   |       navigation.html
|   |   |       
|   |   \---widgets
|   |       +---content
|   |       |       share.html
|   |       |       tags.html
|   |       |       
|   |       +---footer
|   |       |       links.html
|   |       |       social.html
|   |       |       
|   |       \---sidebar
|   |               adsense.html
|   |               categories.html
|   |               donate.html
|   |               recent.html
|   |               search.html
|   |               
|   \---_default
|           list.html
|           list.item.html
|           single.content.html
|           single.html
|           terms.html
|           
\---static
    +---css
    |   |   bootstrap.css
    |   |   bootstrap.css.map
    |   |   bootstrap.min.css
    |   |   bootstrap.min.css.map
    |   |   font-awesome.min.css
    |   |   phlat.css
    |   |   
    |   \---highlightjs-themes
    |           agate.css
    |           androidstudio.css
    |           arduino-light.css
    |           arta.css
    |           ascetic.css
    |           atelier-cave-dark.css
    |           atelier-cave-light.css
    |           atelier-dune-dark.css
    |           atelier-dune-light.css
    |           atelier-estuary-dark.css
    |           atelier-estuary-light.css
    |           atelier-forest-dark.css
    |           atelier-forest-light.css
    |           atelier-heath-dark.css
    |           atelier-heath-light.css
    |           atelier-lakeside-dark.css
    |           atelier-lakeside-light.css
    |           atelier-plateau-dark.css
    |           atelier-plateau-light.css
    |           atelier-savanna-dark.css
    |           atelier-savanna-light.css
    |           atelier-seaside-dark.css
    |           atelier-seaside-light.css
    |           atelier-sulphurpool-dark.css
    |           atelier-sulphurpool-light.css
    |           brown-paper.css
    |           brown-papersq.png
    |           codepen-embed.css
    |           color-brewer.css
    |           dark.css
    |           darkula.css
    |           default.css
    |           docco.css
    |           dracula.css
    |           far.css
    |           foundation.css
    |           github-gist.css
    |           github.css
    |           googlecode.css
    |           grayscale.css
    |           gruvbox-dark.css
    |           gruvbox-light.css
    |           hopscotch.css
    |           hybrid.css
    |           idea.css
    |           ir-black.css
    |           kimbie.dark.css
    |           kimbie.light.css
    |           magula.css
    |           mono-blue.css
    |           monokai-sublime.css
    |           monokai.css
    |           obsidian.css
    |           paraiso-dark.css
    |           paraiso-light.css
    |           pojoaque.css
    |           pojoaque.jpg
    |           qtcreator_dark.css
    |           qtcreator_light.css
    |           railscasts.css
    |           rainbow.css
    |           school-book.css
    |           school-book.png
    |           solarized-dark.css
    |           solarized-light.css
    |           sunburst.css
    |           tomorrow-night-blue.css
    |           tomorrow-night-bright.css
    |           tomorrow-night-eighties.css
    |           tomorrow-night.css
    |           tomorrow.css
    |           vs.css
    |           xcode.css
    |           zenburn.css
    |           
    +---fonts
    |       fontawesome-webfont.eot
    |       fontawesome-webfont.svg
    |       fontawesome-webfont.ttf
    |       fontawesome-webfont.woff
    |       fontawesome-webfont.woff2
    |       FontAwesome.otf
    |       glyphicons-halflings-regular.eot
    |       glyphicons-halflings-regular.svg
    |       glyphicons-halflings-regular.ttf
    |       glyphicons-halflings-regular.woff
    |       glyphicons-halflings-regular.woff2
    |       
    \---js
            bootstrap.js
            bootstrap.min.js
            highlight.min.js
            jquery-2.2.1.min.js
            npm.js
            
