Auflistung der Ordnerpfade fÅr Volume New Volume
Volumeseriennummer : 0061005C AA7E:DD19
D:.
|   .gitignore
|   LICENSE.md
|   README.md
|   sloc.log
|   theme.toml
|   tree.log
|   
+---archetypes
|       default.md
|       
+---exampleSite
|   |   .gitignore
|   |   .netlify
|   |   config.toml
|   |   
|   +---content
|   |       .gitkeep
|   |       
|   +---data
|   |       .gitkeep
|   |       
|   \---static
|       |   .gitkeep
|       |   background.css
|       |   bg.jpg
|       |   icons.css
|       |   
|       +---assets
|       |   \---css
|       |           custom_icons.css
|       |           
|       +---icons
|       |       apple-touch-icon-precomposed.png
|       |       favicon.ico
|       |       
|       \---images
|           \---avatars
|                   debbie.jpg
|                   jane.jpg
|                   jessie.jpg
|                   naomi.jpg
|                   
+---images
|       screenshot.png
|       tn.png
|       
+---layouts
|   |   index.html
|   |   
|   \---partials
|       |   contact.html
|       |   footer.html
|       |   footer_scripts.html
|       |   header.html
|       |   
|       \---_analytics
|               piwik.html
|               
\---static
    +---assets
    |   +---css
    |   |   |   font-awesome.min.css
    |   |   |   ie8.css
    |   |   |   ie8.css.map
    |   |   |   ie9.css
    |   |   |   ie9.css.map
    |   |   |   main.css
    |   |   |   main.css.map
    |   |   |   noscript.css
    |   |   |   noscript.css.map
    |   |   |   page.css
    |   |   |   page.css.map
    |   |   |   source-sans-pro-300-family.css
    |   |   |   
    |   |   \---images
    |   |           overlay.png
    |   |           
    |   +---fonts
    |   |       fontawesome-webfont.eot
    |   |       fontawesome-webfont.svg
    |   |       fontawesome-webfont.ttf
    |   |       fontawesome-webfont.woff
    |   |       fontawesome-webfont.woff2
    |   |       FontAwesome.otf
    |   |       toadOcfmlt9b38dHJxOBGDRVvBvQIc1z78c__uoBcyI.woff2
    |   |       toadOcfmlt9b38dHJxOBGD_j0nMiB9fPhg_k1wdK2h0.woff2
    |   |       toadOcfmlt9b38dHJxOBGOode0-EuMkY--TSyExeINg.woff2
    |   |       
    |   +---js
    |   |   |   contact.js
    |   |   |   html5shiv.js
    |   |   |   PIE.htc
    |   |   |   respond.min.js
    |   |   |   
    |   |   +---bootstrap-v3.3.7
    |   |   |       bootstrap.js
    |   |   |       bootstrap.min.js
    |   |   |       
    |   |   +---jquery-v3.3.1
    |   |   |       jquery.js
    |   |   |       jquery.min.js
    |   |   |       
    |   |   \---jquery.form-validator-v2.3.44
    |   |           html5.js
    |   |           jquery.form-validator.js
    |   |           jquery.form-validator.min.js
    |   |           security.js
    |   |           toggleDisabled.js
    |   |           
    |   \---sass
    |       |   ie8.scss
    |       |   ie9.scss
    |       |   main.scss
    |       |   noscript.scss
    |       |   page.scss
    |       |   
    |       +---base
    |       |       _typography.scss
    |       |       
    |       +---components
    |       |       _button.scss
    |       |       _form.scss
    |       |       _icon.scss
    |       |       _list.scss
    |       |       
    |       +---layout
    |       |       _footer.scss
    |       |       _main.scss
    |       |       _wrapper.scss
    |       |       
    |       \---libs
    |               _functions.scss
    |               _mixins.scss
    |               _skel.scss
    |               _vars.scss
    |               
    \---images
        |   overlay.png
        |   
        \---backgrounds
                bg1.jpg
                bg2.jpg
                bg3.jpg
                bg4.png
                
