Auflistung der Ordnerpfade fÅr Volume New Volume
Volumeseriennummer : 0061005C AA7E:DD19
D:.
|   LICENSE.md
|   README.md
|   sloc.log
|   theme.toml
|   tree.log
|   
+---archetypes
|       default.md
|       
+---images
|       screenshot.png
|       tn.png
|       
+---layouts
|   |   index.html
|   |   rss.xml
|   |   
|   +---pages
|   |       single.html
|   |       
|   +---partials
|   |       analytics.html
|   |       footer.html
|   |       head.html
|   |       header.html
|   |       navbar.html
|   |       posts.html
|   |       script.html
|   |       
|   +---post
|   |       list.html
|   |       single.html
|   |       
|   \---_default
|           list.html
|           single.html
|           
\---static
    +---css
    |       bootstrap-theme.css
    |       bootstrap-theme.css.map
    |       bootstrap-theme.min.css
    |       bootstrap.css
    |       bootstrap.css.map
    |       bootstrap.min.css
    |       font-awesome.css
    |       font-awesome.min.css
    |       theme.css
    |       
    +---fonts
    |       fontawesome-webfont.eot
    |       fontawesome-webfont.svg
    |       fontawesome-webfont.ttf
    |       fontawesome-webfont.woff
    |       fontawesome-webfont.woff2
    |       FontAwesome.otf
    |       glyphicons-halflings-regular.eot
    |       glyphicons-halflings-regular.svg
    |       glyphicons-halflings-regular.ttf
    |       glyphicons-halflings-regular.woff
    |       glyphicons-halflings-regular.woff2
    |       
    \---js
            bootstrap.js
            bootstrap.min.js
            jquery-2.1.4.min.js
            npm.js
            
