Auflistung der Ordnerpfade fÅr Volume New Volume
Volumeseriennummer : 0061005C AA7E:DD19
D:.
|   LICENSE.md
|   README.md
|   sloc.log
|   theme.toml
|   tree.log
|   
+---archetypes
|       default.md
|       
+---images
|       screenshot-landing.png
|       screenshot.png
|       screenshot1.png
|       screenshot2.png
|       tn.jpg
|       tn.png
|       
+---layouts
|   |   index.html
|   |   
|   +---partials
|   |       footer.html
|   |       header.html
|   |       
|   \---_default
|           list.html
|           single.html
|           
\---static
    +---css
    |       bootstrap-theme.css
    |       bootstrap-theme.min.css
    |       bootstrap.css
    |       bootstrap.min.css
    |       hc.css
    |       
    +---images
    |       cc.jpg
    |       jt.jpg
    |       screenshot1.png
    |       screenshot2.png
    |       self.jpg
    |       showcase.jpg
    |       
    \---js
            bootstrap.js
            bootstrap.min.js
            hc.js
            jquery-1.10.2.min.js
            
