Auflistung der Ordnerpfade fÅr Volume New Volume
Volumeseriennummer : 0061005C AA7E:DD19
D:.
|   .gitignore
|   LICENSE.md
|   netlify.toml
|   README.md
|   sloc.log
|   theme.toml
|   tree.log
|   
+---exampleSite
|   |   config.toml
|   |   LICENSE
|   |   README.md
|   |   
|   +---content
|   |   |   about.md
|   |   |   search.md
|   |   |   
|   |   \---post
|   |           creating-a-new-theme.md
|   |           goisforlovers.md
|   |           hugoisforlovers.md
|   |           migrate-from-jekyll.md
|   |           
|   +---layouts
|   |       .gitkeep
|   |       
|   \---static
|           .gitignore
|           
+---images
|       screenshot.png
|       tn.png
|       
+---layouts
|   |   index.html
|   |   
|   +---partials
|   |   |   debugprint.css
|   |   |   debugprint.html
|   |   |   header_image.html
|   |   |   mathjax.html
|   |   |   opengraph.html
|   |   |   summary_minus_toc.html
|   |   |   twitter_cards.html
|   |   |   version_str2float.html
|   |   |   version_str2float_tests.html
|   |   |   
|   |   \---archive
|   |           version_ge.html
|   |           
|   +---shortcodes
|   |       figure2.html
|   |       
|   \---_default
|           baseof.html
|           li.html
|           list.html
|           search.html
|           search.json
|           single.html
|           summary.html
|           terms.html
|           
\---static
    +---css
    |       github_chroma.css
    |       
    \---js
            search.js
            
