Auflistung der Ordnerpfade fÅr Volume New Volume
Volumeseriennummer : 0061005C AA7E:DD19
D:.
|   .gitignore
|   LICENSE.md
|   README.md
|   sloc.log
|   theme.toml
|   tree.log
|   
+---archetypes
|       default.md
|       
+---data
|       theme.toml
|       
+---exampleSite
|   |   config.toml
|   |   
|   \---content
|       |   about.md
|       |   
|       \---post
|               creating-a-new-theme.md
|               goisforlovers.md
|               hugoisforlovers.md
|               migrate-from-jekyll.md
|               
+---images
|       screenshot.png
|       tn.png
|       
+---layouts
|   |   404.html
|   |   index.html
|   |   robots.txt
|   |   
|   +---partials
|   |   |   adsense.html
|   |   |   disqus.html
|   |   |   footer.html
|   |   |   header.html
|   |   |   nav.html
|   |   |   pager.html
|   |   |   related.html
|   |   |   tags.html
|   |   |   
|   |   +---data
|   |   |       description
|   |   |       title
|   |   |       
|   |   +---social
|   |   |       opengraph.html
|   |   |       twitter.html
|   |   |       
|   |   \---svg
|   |           icons.html
|   |           
|   \---_default
|           list.html
|           single.html
|           
\---static
    \---css
            custom.css
            style.css
            
