Auflistung der Ordnerpfade fÅr Volume New Volume
Volumeseriennummer : 0061005C AA7E:DD19
D:.
|   .gitignore
|   LICENSE.md
|   README.md
|   sloc.log
|   theme.toml
|   tree.log
|   
+---archetypes
|       default.md
|       
+---images
|       readme.png
|       screenshot.png
|       tn.png
|       tn_full.png
|       
+---layouts
|   |   index.html
|   |   
|   +---partials
|   |       disqus.html
|   |       footer.html
|   |       header.html
|   |       
|   \---_default
|           disqus.html
|           list.html
|           single.html
|           
\---static
    +---css
    |       custom.css
    |       highlight_monokai.css
    |       responsive.css
    |       sanitize.css
    |       theme.css
    |       theme.less
    |       
    +---images
    |       profile.png
    |       
    \---js
            highlight.pack.js
            
