Auflistung der Ordnerpfade fÅr Volume New Volume
Volumeseriennummer : 0061005C AA7E:DD19
D:.
|   CHANGELOG.md
|   LICENSE.MD
|   README.md
|   sloc.log
|   theme.toml
|   tree.log
|   
+---archetypes
|       default.md
|       
+---exampleSite
|   |   .gitignore
|   |   config.toml
|   |   
|   +---content
|   |   \---post
|   |           creating-a-new-theme.md
|   |           goisforlovers.md
|   |           hugoisforlovers.md
|   |           migrate-from-jekyll.md
|   |           
|   \---static
|           .gitkeep
|           
+---images
|       screenshot.png
|       tn.png
|       
+---layouts
|   |   404.html
|   |   index.html
|   |   
|   +---partials
|   |       footer.html
|   |       head.html
|   |       header.html
|   |       js.html
|   |       off-canvas.html
|   |       pagination.html
|   |       post-list.html
|   |       
|   \---_default
|           list.html
|           single.html
|           
\---static
    +---css
    |       main.css
    |       
    +---fonts
    |       icomoon.dev.svg
    |       icomoon.eot
    |       icomoon.svg
    |       icomoon.ttf
    |       icomoon.woff
    |       
    +---icons
    |       twitter.svg
    |       
    +---img
    |       avatar.jpg
    |       img1.jpg
    |       img2.jpg
    |       
    \---js
            main.js
            
