Auflistung der Ordnerpfade fÅr Volume New Volume
Volumeseriennummer : 0061005C AA7E:DD19
D:.
|   LICENSE.md
|   README.md
|   sloc.log
|   theme.toml
|   tree.log
|   
+---archetypes
|       default.md
|       
+---exampleSite
|   |   config.toml
|   |   
|   +---content
|   |       .gitkeep
|   |       
|   \---static
|           .gitkeep
|           
+---images
|       screenshot.png
|       tn.png
|       
+---layouts
|   |   404.html
|   |   index.html
|   |   
|   +---partials
|   |       footer.html
|   |       header.html
|   |       js.html
|   |       
|   \---_default
|           list.html
|           single.html
|           
\---static
    +---css
    |   |   font-awesome.min.css
    |   |   ie8.css
    |   |   ie9.css
    |   |   main.css
    |   |   
    |   \---images
    |       |   bg.jpg
    |       |   overlay-pattern.png
    |       |   overlay.svg
    |       |   
    |       \---ie
    |               footer.png
    |               footer.svg
    |               
    +---fonts
    |       fontawesome-webfont.eot
    |       fontawesome-webfont.svg
    |       fontawesome-webfont.ttf
    |       fontawesome-webfont.woff
    |       fontawesome-webfont.woff2
    |       FontAwesome.otf
    |       
    +---js
    |   \---ie
    |           html5shiv.js
    |           PIE.htc
    |           respond.min.js
    |           
    \---sass
        |   ie8.scss
        |   ie9.scss
        |   main.scss
        |   
        \---libs
                _functions.scss
                _mixins.scss
                _skel.scss
                _vars.scss
                
