Auflistung der Ordnerpfade fÅr Volume New Volume
Volumeseriennummer : 0061005C AA7E:DD19
D:.
|   LICENSE
|   README.md
|   sloc.log
|   theme.toml
|   tree.log
|   
+---.circleci
|       config.yml
|       
+---archetypes
|       default.md
|       
+---exampleSite
|   |   config.toml
|   |   
|   \---content
|       +---about
|       |       _index.md
|       |       
|       +---archives
|       |       _index.md
|       |       
|       \---post
|               creating-a-new-theme.md
|               goisforlovers.md
|               hugoisforlovers.md
|               migrate-from-jekyll.md
|               
+---images
|       screenshot.png
|       tn.png
|       
+---layouts
|   |   404.html
|   |   
|   +---partials
|   |       author.html
|   |       footer.html
|   |       head.html
|   |       header.html
|   |       share.html
|   |       social.html
|   |       toc.html
|   |       
|   +---section
|   |       about.html
|   |       archives.html
|   |       
|   +---shortcodes
|   |       .gitkeep
|   |       
|   \---_default
|           baseof.html
|           list.html
|           single.html
|           terms.html
|           
\---static
    +---css
    |       custom.css
    |       style.css
    |       syntax.css
    |       
    +---images
    |       fa-brands.svg
    |       fa-solid.svg
    |       
    \---js
            custom.js
            script.js
            
