Auflistung der Ordnerpfade fÅr Volume New Volume
Volumeseriennummer : 0061005C AA7E:DD19
D:.
|   LICENSE.md
|   README.md
|   sloc.log
|   theme.toml
|   tree.log
|   
+---archetypes
|       default.md
|       
+---exampleSite
|   |   config.toml
|   |   
|   +---archetypes
|   |       default.md
|   |       
|   \---content
|           credits-thanks-and-license.md
|           getting-started.md
|           hugo-simpledoc-theme.md
|           license.md
|           serving-and-building.md
|           writing-documentation.md
|           
+---images
|       screenshot.png
|       tn.png
|       
+---layouts
|   |   index.html
|   |   
|   \---partials
|           style.html
|           
\---static
    \---images
            screenshot.jpg
            tn.jpg
            
