Auflistung der Ordnerpfade fÅr Volume New Volume
Volumeseriennummer : 0061005C AA7E:DD19
D:.
|   LICENSE.md
|   README.md
|   sloc.log
|   theme.toml
|   tree.log
|   
+---archetypes
|       default.md
|       
+---exampleSite
|   |   config.toml
|   |   
|   +---content
|   |   |   about.md
|   |   |   
|   |   \---posts
|   |           post1.md
|   |           post2.md
|   |           
|   \---layouts
|       \---partials
|               sub-footer.html
|               
+---images
|       screenshot.png
|       tn.png
|       
+---layouts
|   |   404.html
|   |   index.html
|   |   
|   +---partials
|   |       footer.html
|   |       header.html
|   |       primary-nav.html
|   |       sub-footer.html
|   |       
|   \---_default
|           list.html
|           single.html
|           
\---static
    +---css
    |       aurora.css
    |       aurora.css.map
    |       
    +---images
    |       aurora.jpg
    |       coryshaw_carribbean.jpg
    |       
    \---less
            aurora.less
            custom.less
            mixins.less
            normalize.less
            skeleton.less
            
