Auflistung der Ordnerpfade fÅr Volume New Volume
Volumeseriennummer : 0061005C AA7E:DD19
D:.
|   LICENSE.md
|   README.md
|   sloc.log
|   theme.toml
|   tree.log
|   
+---archetypes
|       default.md
|       
+---exampleSite
|   |   config.toml
|   |   LICENSE
|   |   
|   \---content
|       \---posts
|               happy-new-year.md
|               my-example-post.md
|               my-first-post.md
|               
+---images
|       screenshot.png
|       tn.png
|       
+---layouts
|   |   404.html
|   |   index.html
|   |   
|   +---partials
|   |       footer.html
|   |       header.html
|   |       
|   \---_default
|           list.html
|           single.html
|           
\---static
    \---css
            stylesheet.css
            
