Auflistung der Ordnerpfade fÅr Volume New Volume
Volumeseriennummer : 0061005C AA7E:DD19
D:.
|   .gitignore
|   LICENSE.md
|   README.md
|   sloc.log
|   theme.toml
|   tree.log
|   
+---archetypes
|       default.md
|       page.md
|       
+---data
|       FootMenu.toml
|       Formats.yaml
|       Menu.toml
|       Modules.toml
|       Strings.yaml
|       
+---exampleSite
|   |   config.toml
|   |   
|   +---content
|   |   |   .gitkeep
|   |   |   showcase.md
|   |   |   showcase.sv.md
|   |   |   
|   |   \---post
|   |           introduction.md
|   |           introduction.sv.md
|   |           what-is-hugo.md
|   |           
|   +---data
|   |       FootMenu.toml
|   |       Formats.yaml
|   |       Menu.toml
|   |       Modules.toml
|   |       Strings.yaml
|   |       
|   \---static
|           .gitkeep
|           
+---i18n
|       en.yaml
|       sv.yaml
|       
+---images
|       cloneatheme.png
|       screenshot.png
|       screenshot2.png
|       tn.png
|       
+---layouts
|   |   404.html
|   |   index.html
|   |   
|   +---code
|   |       section.li.html
|   |       single.hat.html
|   |       summary.hat.html
|   |       
|   +---partials
|   |   |   error-404.html
|   |   |   foot.html
|   |   |   head.html
|   |   |   homepage.html
|   |   |   
|   |   +---base
|   |   |       footer.html
|   |   |       header.html
|   |   |       imports.html
|   |   |       metas.html
|   |   |       scripts.html
|   |   |       
|   |   +---bloc
|   |   |   +---content
|   |   |   |       badges.html
|   |   |   |       comments.html
|   |   |   |       content.html
|   |   |   |       h1-link-title.html
|   |   |   |       h1-title.html
|   |   |   |       h2-link-title.html
|   |   |   |       h2-title.html
|   |   |   |       lastupdate.html
|   |   |   |       link-title.html
|   |   |   |       metas.html
|   |   |   |       navigation.html
|   |   |   |       pagination.html
|   |   |   |       readlink.html
|   |   |   |       sharing.html
|   |   |   |       sidebar.html
|   |   |   |       summary.html
|   |   |   |       
|   |   |   +---footer
|   |   |   |       credits.html
|   |   |   |       credits_copyright.html
|   |   |   |       credits_footline.html
|   |   |   |       nav.html
|   |   |   |       
|   |   |   \---header
|   |   |           brand.html
|   |   |           brand_title.html
|   |   |           brand_topline.html
|   |   |           nav.html
|   |   |           nav_primary.html
|   |   |           nav_secondary.html
|   |   |           
|   |   \---modules
|   |       |   disqus.html
|   |       |   flattr.html
|   |       |   github-ribbon.html
|   |       |   hugo-version.html
|   |       |   
|   |       +---page
|   |       |   |   badges.html
|   |       |   |   date.html
|   |       |   |   labels.html
|   |       |   |   navigation.html
|   |       |   |   summary.html
|   |       |   |   tags.html
|   |       |   |   title.html
|   |       |   |   
|   |       |   \---link
|   |       |           read.html
|   |       |           title.html
|   |       |           
|   |       \---site
|   |           |   brand.html
|   |           |   copyright.html
|   |           |   footline.html
|   |           |   lastupdate.html
|   |           |   pagination.html
|   |           |   topline.html
|   |           |   
|   |           \---link
|   |               |   base.html
|   |               |   home.html
|   |               |   menu.html
|   |               |   social.html
|   |               |   
|   |               \---social
|   |                       bitbucket.html
|   |                       email.html
|   |                       facebook.html
|   |                       github.html
|   |                       googleplus.html
|   |                       linkedin.html
|   |                       rss.html
|   |                       twitter.html
|   |                       youtube.html
|   |                       
|   +---post
|   |       single.boot.html
|   |       single.hat.html
|   |       summary.boot.html
|   |       summary.hat.html
|   |       
|   +---section
|   |       code.html
|   |       
|   +---shortcodes
|   |       labels.html
|   |       
|   +---taxonomy
|   |       topic.html
|   |       topic.terms.html
|   |       
|   \---_default
|           list.html
|           list.li.html
|           section.html
|           section.li.html
|           single.boot.html
|           single.content.html
|           single.hat.html
|           single.html
|           summary.boot.html
|           summary.content.html
|           summary.hat.html
|           summary.html
|           terms.html
|           
\---static
    |   favicon.png
    |   touch-icon-144-precomposed.png
    |   
    +---css
    |   |   font-awesome.min.css
    |   |   google-fonts.css
    |   |   style.css
    |   |   
    |   +---bootswatch
    |   |   +---cerulean
    |   |   |       bootstrap.min.css
    |   |   |       
    |   |   +---cosmo
    |   |   |       bootstrap.min.css
    |   |   |       
    |   |   +---cyborg
    |   |   |       bootstrap.min.css
    |   |   |       
    |   |   +---darkly
    |   |   |       bootstrap.min.css
    |   |   |       
    |   |   +---default
    |   |   |       bootstrap.min.css
    |   |   |       
    |   |   +---flatly
    |   |   |       bootstrap.min.css
    |   |   |       
    |   |   +---journal
    |   |   |       bootstrap.min.css
    |   |   |       
    |   |   +---lumen
    |   |   |       bootstrap.min.css
    |   |   |       
    |   |   +---paper
    |   |   |       bootstrap.min.css
    |   |   |       
    |   |   +---readable
    |   |   |       bootstrap.min.css
    |   |   |       
    |   |   +---sandstone
    |   |   |       bootstrap.min.css
    |   |   |       
    |   |   +---simplex
    |   |   |       bootstrap.min.css
    |   |   |       
    |   |   +---slate
    |   |   |       bootstrap.min.css
    |   |   |       
    |   |   +---spacelab
    |   |   |       bootstrap.min.css
    |   |   |       
    |   |   +---superhero
    |   |   |       bootstrap.min.css
    |   |   |       
    |   |   +---united
    |   |   |       bootstrap.min.css
    |   |   |       
    |   |   \---yeti
    |   |           bootstrap.min.css
    |   |           
    |   \---highlight
    |           agate.css
    |           androidstudio.css
    |           arduino-light.css
    |           arta.css
    |           ascetic.css
    |           atelier-cave-dark.css
    |           atelier-cave-light.css
    |           atelier-dune-dark.css
    |           atelier-dune-light.css
    |           atelier-estuary-dark.css
    |           atelier-estuary-light.css
    |           atelier-forest-dark.css
    |           atelier-forest-light.css
    |           atelier-heath-dark.css
    |           atelier-heath-light.css
    |           atelier-lakeside-dark.css
    |           atelier-lakeside-light.css
    |           atelier-plateau-dark.css
    |           atelier-plateau-light.css
    |           atelier-savanna-dark.css
    |           atelier-savanna-light.css
    |           atelier-seaside-dark.css
    |           atelier-seaside-light.css
    |           atelier-sulphurpool-dark.css
    |           atelier-sulphurpool-light.css
    |           atom-one-dark.css
    |           atom-one-light.css
    |           brown-paper.css
    |           brown-papersq.png
    |           codepen-embed.css
    |           color-brewer.css
    |           darcula.css
    |           dark.css
    |           darkula.css
    |           default.css
    |           docco.css
    |           dracula.css
    |           far.css
    |           foundation.css
    |           github-gist.css
    |           github.css
    |           googlecode.css
    |           grayscale.css
    |           gruvbox-dark.css
    |           gruvbox-light.css
    |           hopscotch.css
    |           hybrid.css
    |           idea.css
    |           ir-black.css
    |           kimbie.dark.css
    |           kimbie.light.css
    |           magula.css
    |           mono-blue.css
    |           monokai-sublime.css
    |           monokai.css
    |           obsidian.css
    |           ocean.css
    |           paraiso-dark.css
    |           paraiso-light.css
    |           pojoaque.css
    |           pojoaque.jpg
    |           purebasic.css
    |           qtcreator_dark.css
    |           qtcreator_light.css
    |           railscasts.css
    |           rainbow.css
    |           routeros.css
    |           school-book.css
    |           school-book.png
    |           solarized-dark.css
    |           solarized-light.css
    |           sunburst.css
    |           tomorrow-night-blue.css
    |           tomorrow-night-bright.css
    |           tomorrow-night-eighties.css
    |           tomorrow-night.css
    |           tomorrow.css
    |           vs.css
    |           vs2015.css
    |           xcode.css
    |           xt256.css
    |           zenburn.css
    |           
    +---fonts
    |       fontawesome-webfont.eot
    |       fontawesome-webfont.svg
    |       fontawesome-webfont.ttf
    |       fontawesome-webfont.woff
    |       fontawesome-webfont.woff2
    |       FontAwesome.otf
    |       open-sans-v13-greek_cyrillic-ext_vietnamese_latin_latin-ext_cyrillic_greek-ext-regular.eot
    |       open-sans-v13-greek_cyrillic-ext_vietnamese_latin_latin-ext_cyrillic_greek-ext-regular.svg
    |       open-sans-v13-greek_cyrillic-ext_vietnamese_latin_latin-ext_cyrillic_greek-ext-regular.ttf
    |       open-sans-v13-greek_cyrillic-ext_vietnamese_latin_latin-ext_cyrillic_greek-ext-regular.woff
    |       open-sans-v13-greek_cyrillic-ext_vietnamese_latin_latin-ext_cyrillic_greek-ext-regular.woff2
    |       
    +---js
    |   |   angular-ismobile.min.js
    |   |   angular.min.js
    |   |   bootstrap.min.js
    |   |   highlight.pack.js
    |   |   jquery.min.js
    |   |   js.cookie.js
    |   |   pathnamereplace.js
    |   |   site.js
    |   |   
    |   \---popover
    |           angular-modal-service.min.js
    |           angular-storage.min.js
    |           popover.js
    |           popover.min.js
    |           popover_old.js
    |           
    \---modal
            popover.html
            
