Auflistung der Ordnerpfade fÅr Volume New Volume
Volumeseriennummer : 0061005C AA7E:DD19
D:.
|   .gitignore
|   LICENSE.md
|   README.md
|   sloc.log
|   theme.toml
|   tree.log
|   VERSION
|   
+---archetypes
|       default.md
|       
+---exampleSite
|   |   config.toml
|   |   
|   \---content
|       +---img
|       |       intro-bg.svg
|       |       
|       \---post
|               first.md
|               second.md
|               third.md
|               
+---images
|       screenshot.png
|       tn.png
|       
+---layouts
|   |   index.html
|   |   
|   +---partials
|   |       footer.html
|   |       head.html
|   |       header.html
|   |       js.html
|   |       nav.html
|   |       services.html
|   |       template.css
|   |       
|   \---_default
|           list.html
|           single.html
|           
\---static
    +---css
    |       bootstrap.css
    |       bootstrap.min.css
    |       landing-page.css
    |       
    +---fonts
    |       glyphicons-halflings-regular.eot
    |       glyphicons-halflings-regular.svg
    |       glyphicons-halflings-regular.ttf
    |       glyphicons-halflings-regular.woff
    |       
    \---js
            bootstrap.js
            bootstrap.min.js
            
