Auflistung der Ordnerpfade fÅr Volume New Volume
Volumeseriennummer : 0061005C AA7E:DD19
D:.
|   LICENSE.md
|   README.md
|   sloc.log
|   theme.toml
|   tree.log
|   
+---archetypes
|       default.md
|       
+---images
|       screenshot-2.png
|       screenshot.png
|       tn.png
|       
+---layouts
|   |   404.html
|   |   index.html
|   |   
|   +---partials
|   |       footer.html
|   |       header.html
|   |       sidebar-content.html
|   |       
|   \---_default
|           list.html
|           single.html
|           
\---static
    +---css
    |       bootstrap.css
    |       bootstrap.min.css
    |       strange-case.css
    |       strange-case.min.css
    |       
    +---fonts
    |       glyphicons-halflings-regular.eot
    |       glyphicons-halflings-regular.svg
    |       glyphicons-halflings-regular.ttf
    |       glyphicons-halflings-regular.woff
    |       glyphicons-halflings-regular.woff2
    |       
    \---js
            bootstrap.js
            bootstrap.min.js
            
