Auflistung der Ordnerpfade fÅr Volume New Volume
Volumeseriennummer : 0061005C AA7E:DD19
D:.
|   .gitignore
|   config.toml
|   README.md
|   sloc.log
|   theme.toml
|   tree.log
|   wercker.yml
|   
+---archetypes
|       default.md
|       
+---content
|   \---post
|           hoge.md
|           
+---data
|   \---authors
|           example.yml
|           
+---images
|       screen.gif
|       screenshot.png
|       tn.png
|       
+---layouts
|   |   404.html
|   |   index.html
|   |   
|   +---partials
|   |       author.html
|   |       footer.html
|   |       header.html
|   |       navigation.html
|   |       pagination.html
|   |       
|   \---_default
|           li.html
|           list.html
|           single.html
|           
\---static
    +---css
    |       screen.css
    |       
    +---fonts
    |       example.html
    |       genericons.css
    |       Genericons.eot
    |       Genericons.svg
    |       Genericons.ttf
    |       Genericons.woff
    |       
    +---images
    |       phoenix_world.png
    |       screen.jpg
    |       screen.png
    |       user.png
    |       
    \---js
            index.js
            jquery.fitvids.js
            jquery.js
            particles.js
            
