Auflistung der Ordnerpfade fÅr Volume New Volume
Volumeseriennummer : 0061005C AA7E:DD19
D:.
|   .gitignore
|   .tern-project
|   LICENSE.md
|   README.md
|   sloc.log
|   theme.toml
|   tree.log
|   
+---archetypes
|       default.md
|       
+---exampleSite
|   |   config.toml
|   |   
|   +---content
|   |   |   about.md
|   |   |   theme-setup.md
|   |   |   
|   |   \---posts
|   |           background-image.md
|   |           code-highlighting-post.md
|   |           readability-feature-post.md
|   |           readability-post.md
|   |           sample-link-post.md
|   |           sample-post-images.md
|   |           sample-post.md
|   |           video-post.md
|   |           
|   +---data
|   |       navigation.toml
|   |       sections.toml
|   |       
|   \---static
|       \---images
|               3953273590_704e3899d5_m.jpg
|               abstract-1.jpg
|               abstract-10.jpg
|               abstract-11.jpg
|               abstract-12.jpg
|               abstract-2.jpg
|               abstract-3.jpg
|               abstract-4.jpg
|               abstract-5.jpg
|               abstract-6.jpg
|               abstract-7.jpg
|               abstract-8.jpg
|               apple-touch-icon-114x114-precomposed.png
|               apple-touch-icon-144x144-precomposed.png
|               apple-touch-icon-72x72-precomposed.png
|               apple-touch-icon-precomposed.png
|               avatar.jpg
|               ps_neutral.png
|               triangular.png
|               twitter-card-summary-large-image.jpg
|               witewall_3.png
|               
+---images
|       screenshot.png
|       tn.png
|       
+---layouts
|   |   404.html
|   |   
|   +---partials
|   |       disqus.html
|   |       foot.html
|   |       footer.html
|   |       head.html
|   |       navigation.html
|   |       pagination.html
|   |       scripts.html
|   |       share.html
|   |       twitter_og_cards.html
|   |       
|   \---_default
|           li.html
|           list.html
|           single.html
|           terms.html
|           
\---static
    |   Gruntfile.js
    |   
    +---css
    |   |   main.css
    |   |   main.css.map
    |   |   main.scss
    |   |   
    |   \---sass
    |       |   _animations.scss
    |       |   _coderay.scss
    |       |   _dl-menu.scss
    |       |   _elements.scss
    |       |   _grid.scss
    |       |   _mixins.scss
    |       |   _page.scss
    |       |   _reset.scss
    |       |   _site.scss
    |       |   _syntax.scss
    |       |   _typography.scss
    |       |   _variables.scss
    |       |   
    |       \---vendor
    |           +---font-awesome
    |           |       font-awesome.scss
    |           |       _animated.scss
    |           |       _bordered-pulled.scss
    |           |       _core.scss
    |           |       _fixed-width.scss
    |           |       _icons.scss
    |           |       _larger.scss
    |           |       _list.scss
    |           |       _mixins.scss
    |           |       _path.scss
    |           |       _rotated-flipped.scss
    |           |       _stacked.scss
    |           |       _variables.scss
    |           |       
    |           \---magnific-popup
    |                   magnific-popup.scss
    |                   _settings.scss
    |                   
    +---fonts
    |       fontawesome-webfont.eot
    |       fontawesome-webfont.svg
    |       fontawesome-webfont.ttf
    |       fontawesome-webfont.woff
    |       fontawesome-webfont.woff2
    |       FontAwesome.otf
    |       
    \---js
        |   scripts.min.js
        |   _main.js
        |   
        +---plugins
        |       jquery.dlmenu.js
        |       jquery.fitvids.js
        |       jquery.magnific-popup.js
        |       respond.js
        |       
        \---vendor
                jquery-1.9.1.min.js
                modernizr-2.6.2.custom.min.js
                
