Auflistung der Ordnerpfade fÅr Volume New Volume
Volumeseriennummer : 0061005C AA7E:DD19
D:.
|   LICENSE.md
|   README.md
|   sloc.log
|   theme.toml
|   tree.log
|   
+---archetypes
|       default.md
|       
+---exampleSite
|   |   .gitignore
|   |   config.toml
|   |   
|   +---content
|   |   |   about.md
|   |   |   
|   |   \---post
|   |           creating-a-new-theme.md
|   |           goisforlovers.md
|   |           hugoisforlovers.md
|   |           migrate-from-jekyll.md
|   |           
|   +---data
|   |       .gitkeep
|   |       
|   \---static
|           .gitkeep
|           
+---images
|       screenshot.png
|       tn.png
|       
+---layouts
|   |   404.html
|   |   
|   +---partials
|   |   |   authorbox.html
|   |   |   comments.html
|   |   |   footer.html
|   |   |   header.html
|   |   |   menu.html
|   |   |   pagination.html
|   |   |   post_nav.html
|   |   |   post_tags.html
|   |   |   sidebar.html
|   |   |   
|   |   \---widgets
|   |           categories.html
|   |           recent.html
|   |           search.html
|   |           social.html
|   |           taglist.html
|   |           
|   \---_default
|           list.html
|           single.html
|           summary.html
|           
\---static
    |   favicon.ico
    |   
    +---css
    |       style.css
    |       
    +---img
    |       avatar.png
    |       placeholder.png
    |       
    \---js
            scripts.js
            
