Auflistung der Ordnerpfade fÅr Volume New Volume
Volumeseriennummer : 0061005C AA7E:DD19
D:.
|   LICENSE.md
|   README.md
|   sloc.log
|   theme.toml
|   tree.log
|   
+---archetypes
|       default.md
|       
+---images
|       screenshot.png
|       tn.png
|       
+---layouts
|   +---partials
|   |       disqus.html
|   |       footer.html
|   |       google_analytics.html
|   |       head.html
|   |       header.html
|   |       meta.html
|   |       pagination.html
|   |       
|   \---_default
|           li.html
|           list.html
|           post.html
|           single.html
|           
\---static
    +---css
    |       main.css
    |       
    \---js
            fittext.js
            
