Auflistung der Ordnerpfade fÅr Volume New Volume
Volumeseriennummer : 0061005C AA7E:DD19
D:.
|   .gitignore
|   config.toml
|   contributors.toml
|   LICENSE.md
|   README.md
|   sloc.log
|   theme.toml
|   TODO.md
|   tree.log
|   
+---archetypes
|       author.md
|       blog.md
|       default.md
|       page.md
|       project.md
|       series.md
|       stream.md
|       
+---content
|   \---page
|           archive.md
|           
+---data
|   |   follow_links.toml
|   |   profiles.toml
|   |   share_links.toml
|   |   social_links.toml
|   |   
|   +---addons
|   |   +---bootswap
|   |   |       plugin.toml
|   |   |       
|   |   +---default
|   |   |       icons.toml
|   |   |       layout.toml
|   |   |       LICENSE
|   |   |       theme.toml
|   |   |       
|   |   +---disqus
|   |   |       plugin.toml
|   |   |       
|   |   +---google_analytics
|   |   |       plugin.toml
|   |   |       
|   |   +---highlightjs
|   |   |       plugin.toml
|   |   |       
|   |   +---magnific_popup
|   |   |       plugin.toml
|   |   |       
|   |   \---opengraph
|   |           plugin.toml
|   |           
|   \---config
|           author.toml
|           blog.toml
|           category.toml
|           home.toml
|           page.toml
|           project.toml
|           series.toml
|           site.toml
|           stream.toml
|           tag.toml
|           
+---docs
|   |   extra.md
|   |   overview.md
|   |   settings.md
|   |   troubleshooting.md
|   |   
|   +---components
|   |       breadcrumbs.md
|   |       carousel.md
|   |       jumbotron.md
|   |       
|   \---shortcodes
|           audio.md
|           gallery.md
|           google_trends.md
|           photo.md
|           popup.md
|           spoiler.md
|           stream.md
|           video.md
|           youtube.md
|           
+---images
|       screenshot.png
|       screenshot2.png
|       tn.png
|       
+---layouts
|   |   404.html
|   |   
|   +---partials
|   |   |   footer.html
|   |   |   header.html
|   |   |   
|   |   +---components
|   |   |   +---bootswap
|   |   |   |       bootswap.html
|   |   |   |       
|   |   |   \---default
|   |   |       |   about_author.html
|   |   |       |   ads.html
|   |   |       |   aggregation_header.html
|   |   |       |   breadcrumbs.html
|   |   |       |   carousel.html
|   |   |       |   categories_panel.html
|   |   |       |   error_404.html
|   |   |       |   footer.html
|   |   |       |   jumbotron.html
|   |   |       |   navbar.html
|   |   |       |   no_content_found.html
|   |   |       |   page_header.html
|   |   |       |   recent_posts.html
|   |   |       |   social_links.html
|   |   |       |   
|   |   |       \---content
|   |   |               category_labels.html
|   |   |               comments.html
|   |   |               comment_count.html
|   |   |               continue_message.html
|   |   |               follow_links.html
|   |   |               metadata.html
|   |   |               pager.html
|   |   |               series_panel.html
|   |   |               series_toc.html
|   |   |               share_links.html
|   |   |               tags_menu.html
|   |   |               tag_labels.html
|   |   |               thumbnail.html
|   |   |               
|   |   +---layouts
|   |   |   \---default
|   |   |           archive_content.html
|   |   |           content.html
|   |   |           li.html
|   |   |           list.html
|   |   |           main.html
|   |   |           summary.html
|   |   |           term_list.html
|   |   |           
|   |   \---plugins
|   |           bootswap.html
|   |           disqus.html
|   |           google_analytics.html
|   |           google_search.html
|   |           highlightjs.html
|   |           highlightjs_meta.html
|   |           magnific_popup.html
|   |           opengraph.html
|   |           twitter_timeline.html
|   |           
|   +---shortcodes
|   |       audio.html
|   |       gallery.html
|   |       google_trends.html
|   |       img.html
|   |       photo.html
|   |       popup.html
|   |       spoiler.html
|   |       stream.html
|   |       video.html
|   |       youtube.html
|   |       
|   \---_default
|           list.html
|           rss.xml
|           single.html
|           sitemap.xml
|           terms.html
|           
+---static
|   +---backgrounds
|   |   +---color
|   |   |       blue_diffraction.png
|   |   |       congruent_pentagon.png
|   |   |       metro_map.png
|   |   |       moonlight_design.png
|   |   |       science_factory.png
|   |   |       soft_hypnotic.png
|   |   |       sunset_laser.png
|   |   |       swirly_stripes.png
|   |   |       tripixelated_wave.png
|   |   |       vintage_kaleidoscope.png
|   |   |       vintage_rainbow.jpg
|   |   |       vintage_squares.png
|   |   |       vintage_wave.png
|   |   |       
|   |   +---dark
|   |   |       brick_wall_dark.png
|   |   |       congruent_outline.png
|   |   |       crissXcross.png
|   |   |       dark_aztec_PIJWrEi.jpg
|   |   |       dark_geometry_07t2mb2.gif
|   |   |       diamonds_dark.png
|   |   |       escheresque_ste.png
|   |   |       fabric_dark.png
|   |   |       footer_lodyas.png
|   |   |       geometric_dark.png
|   |   |       linen_dark.png
|   |   |       linen_grey.png
|   |   |       moulin.png
|   |   |       moulin_@2X.png
|   |   |       noise_dark.png
|   |   |       pinstriped_dark.png
|   |   |       pw_maze_black.png
|   |   |       scales_dark.png
|   |   |       simple_dashed.png
|   |   |       simple_dashed_@2X.png
|   |   |       slash_it.png
|   |   |       slash_it_@2X.png
|   |   |       stressed_linen_dark.png
|   |   |       stripes_dark.png
|   |   |       tactile_noise_dark.png
|   |   |       tiles_dark_Gre3g.png
|   |   |       triangles_dark.png
|   |   |       wood_dark.png
|   |   |       woven_dark.png
|   |   |       
|   |   \---light
|   |           agsquare.png
|   |           agsquare_@2X.png
|   |           brickwall.png
|   |           brickwall_@2X.png
|   |           brushed_metal.png
|   |           confectionary.png
|   |           cubes.png
|   |           escheresque.png
|   |           fabric_plaid.png
|   |           gradient_squares.png
|   |           grey_wash_wall.png
|   |           grey_wash_wall_@2X.png
|   |           halftone.png
|   |           holiday.png
|   |           honey_im_subtle.png
|   |           honey_im_subtle_@2X.png
|   |           knitting250px.png
|   |           knitting250px_@2X.png
|   |           maze.png
|   |           mochaGrunge.png
|   |           mochaGrunge_@2X.png
|   |           pw_pattern.png
|   |           pw_pattern_@2X.png
|   |           small_steps.png
|   |           strange_bullseyes.png
|   |           subtle_zebra_3d.png
|   |           tree_bark.png
|   |           vichy.png
|   |           vichy_grey.png
|   |           whitey.png
|   |           white_wood_uLrWbwC.jpg
|   |           wide_rectangles.png
|   |           
|   +---bootswap_data
|   |   |   themeshot.html
|   |   |   
|   |   +---default
|   |   |       bootstrap.min.css
|   |   |       thumbnail.png
|   |   |       
|   |   \---hugo-plus
|   |           bootstrap.min.css
|   |           thumbnail.png
|   |           
|   +---default_data
|   |       background.png
|   |       flattr-white.png
|   |       hugo-plus.css
|   |       layout.css
|   |       theme.css
|   |       util.css
|   |       
|   \---themes
|           bootstrap.css
|           bootstrap.min.css
|           default.min.css
|           hugo-plus.css
|           hugo-plus.min.css
|           readable.min.css
|           
\---util
    |   theme.sh
    |   
    \---bootstrap
        |   .csscomb.json
        |   .csslintrc
        |   alerts.less
        |   badges.less
        |   bootstrap.less
        |   breadcrumbs.less
        |   button-groups.less
        |   buttons.less
        |   carousel.less
        |   close.less
        |   code.less
        |   component-animations.less
        |   dropdowns.less
        |   forms.less
        |   glyphicons.less
        |   grid.less
        |   input-groups.less
        |   jumbotron.less
        |   labels.less
        |   list-group.less
        |   media.less
        |   mixins.less
        |   modals.less
        |   navbar.less
        |   navs.less
        |   normalize.less
        |   pager.less
        |   pagination.less
        |   panels.less
        |   popovers.less
        |   print.less
        |   progress-bars.less
        |   responsive-embed.less
        |   responsive-utilities.less
        |   scaffolding.less
        |   tables.less
        |   theme.less
        |   thumbnails.less
        |   tooltip.less
        |   type.less
        |   utilities.less
        |   variables.less
        |   wells.less
        |   
        \---mixins
                alerts.less
                background-variant.less
                border-radius.less
                buttons.less
                center-block.less
                clearfix.less
                forms.less
                gradients.less
                grid-framework.less
                grid.less
                hide-text.less
                image.less
                labels.less
                list-group.less
                nav-divider.less
                nav-vertical-align.less
                opacity.less
                pagination.less
                panels.less
                progress-bar.less
                reset-filter.less
                reset-text.less
                resize.less
                responsive-visibility.less
                size.less
                tab-focus.less
                table-row.less
                text-emphasis.less
                text-overflow.less
                vendor-prefixes.less
                
