Auflistung der Ordnerpfade fÅr Volume New Volume
Volumeseriennummer : 0061005C AA7E:DD19
D:.
|   .eslintignore
|   .eslintrc
|   .gitignore
|   CHANGELOG.md
|   Gruntfile.js
|   LICENSE
|   package.json
|   README.md
|   showcase.png
|   sloc.log
|   theme.toml
|   tree.log
|   
+---.github
|       CONTRIBUTING.md
|       ISSUE_TEMPLATE.md
|       
+---archetypes
|       page.md
|       post.md
|       
+---docs
|   |   developer.md
|   |   user.md
|   |   
|   \---img
|           without_hierarchical_categories.png
|           with_hierarchical_categories.png
|           
+---exampleSite
|   |   .gitignore
|   |   config.toml
|   |   
|   +---content
|   |   \---post
|   |           Cover-image-showcase.md
|   |           Elements-showcase.md
|   |           Hidden-pagination-showcase.md
|   |           Hidden-social-section-showcase.md
|   |           Hidden-tag-section-showcase.md
|   |           highlighted-code-showcase.md
|   |           Image-gallery-showcase.md
|   |           Tags-plugins-showcase.md
|   |           Video-integrations-showcase.md
|   |           Welcome-to-the-new-Tranquilpeak.md
|   |           ????.md
|   |           ??????.md
|   |           
|   \---static
|       \---img
|               showcase.png
|               
+---i18n
|       de-de.yaml
|       en-us.yaml
|       es-es.yaml
|       fr-fr.yaml
|       it-it.yaml
|       ja.yaml
|       pt-br.yaml
|       ru.yaml
|       vi.yaml
|       zh-cn.yaml
|       zh-tw.yaml
|       
+---images
|       screenshot.png
|       tn.png
|       
+---layouts
|   |   404.html
|   |   index.html
|   |   
|   +---partials
|   |   |   about.html
|   |   |   archive-post.html
|   |   |   cover.html
|   |   |   foot.html
|   |   |   footer.html
|   |   |   foot_end.html
|   |   |   foot_start.html
|   |   |   head.html
|   |   |   header.html
|   |   |   head_end.html
|   |   |   head_start.html
|   |   |   menu.html
|   |   |   pagination.html
|   |   |   script.html
|   |   |   search.html
|   |   |   sidebar.html
|   |   |   
|   |   +---internal
|   |   |       date.html
|   |   |       recursive-categories-1.html
|   |   |       recursive-categories-2.html
|   |   |       recursive-categories-full-1.html
|   |   |       recursive-categories-full-2.html
|   |   |       
|   |   \---post
|   |           actions.html
|   |           category.html
|   |           disqus.html
|   |           gallery.html
|   |           header-cover.html
|   |           header.html
|   |           meta.html
|   |           share-options.html
|   |           tag.html
|   |           
|   +---shortcodes
|   |       alert.html
|   |       blockquote.html
|   |       codeblock.html
|   |       hl-text.html
|   |       image.html
|   |       jsfiddle.html
|   |       pullquote.html
|   |       tabbed-codeblock.html
|   |       wide-image.html
|   |       
|   +---taxonomy
|   |       archive.terms.html
|   |       category.html
|   |       category.terms.html
|   |       tag.html
|   |       tag.terms.html
|   |       
|   \---_default
|           list.html
|           single.html
|           summary.html
|           
+---src
|   +---images
|   |       cover-v1.2.0.jpg
|   |       cover.jpg
|   |       
|   +---js
|   |       .eslintrc.json
|   |       about.js
|   |       archives-filter.js
|   |       categories-filter.js
|   |       codeblock-resizer.js
|   |       fancybox.js
|   |       header.js
|   |       image-gallery.js
|   |       post-bottom-bar.js
|   |       search-modal.js
|   |       share-options.js
|   |       sidebar.js
|   |       smartresize.js
|   |       tabbed-codeblocks.js
|   |       tags-filter.js
|   |       
|   \---scss
|       |   tranquilpeak.scss
|       |   
|       +---base
|       |       _base.scss
|       |       _custom.scss
|       |       
|       +---components
|       |       _alert.scss
|       |       _archive.scss
|       |       _box.scss
|       |       _button.scss
|       |       _caption.scss
|       |       _code.scss
|       |       _figure.scss
|       |       _form.scss
|       |       _hide.scss
|       |       _highlight-text.scss
|       |       _icon.scss
|       |       _image-gallery.scss
|       |       _link.scss
|       |       _main-content.scss
|       |       _markdown.scss
|       |       _media.scss
|       |       _modal.scss
|       |       _pagination.scss
|       |       _post-actions.scss
|       |       _post-header-cover.scss
|       |       _post.scss
|       |       _postShorten.scss
|       |       _pullquote.scss
|       |       _share-options-bar.scss
|       |       _tag.scss
|       |       _text.scss
|       |       _tooltip.scss
|       |       _video.scss
|       |       
|       +---layouts
|       |       _about.scss
|       |       _blog.scss
|       |       _bottom-bar.scss
|       |       _cover.scss
|       |       _footer.scss
|       |       _header.scss
|       |       _main.scss
|       |       _sidebar.scss
|       |       
|       +---pages
|       |       _search.scss
|       |       
|       +---themes
|       |       _hljs-custom.scss
|       |       _hljs-tranquilpeak.scss
|       |       
|       \---utils
|           |   _fonts.scss
|           |   _variables.scss
|           |   
|           \---mixins
|                   _bottom-bar.scss
|                   _button.scss
|                   _category.scss
|                   _form.scss
|                   _header.scss
|                   _main.scss
|                   _opacity.scss
|                   _post-header-cover.scss
|                   _prefix.scss
|                   _share-options-bar.scss
|                   _sidebar.scss
|                   _tag.scss
|                   
+---static
|   +---css
|   |       style-jsjn0006wyhpyzivf6yceb31gvpjatbcs3qzjvlumobfnugccvobqwxnnaj8.min.css
|   |       
|   +---images
|   |       cover-v1.2.0.jpg
|   |       cover.jpg
|   |       
|   \---js
|           script-qi9wbxp2ya2j6p7wx1i6tgavftewndznf4v0hy2gvivk1rxgc3lm7njqb6bz.min.js
|           
\---tasks
    |   pipeline.js
    |   
    +---config
    |       clean.js
    |       concat.js
    |       cssmin.js
    |       exec.js
    |       replace.js
    |       sails-linker.js
    |       sass.js
    |       sync.js
    |       uglify.js
    |       watch.js
    |       
    \---register
            build.js
            buildProd.js
            compileAssets.js
            default.js
            eslint.js
            linkAssets.js
            linkAssetsProd.js
            syncAssets.js
            
