Auflistung der Ordnerpfade fÅr Volume New Volume
Volumeseriennummer : 0061005C AA7E:DD19
D:.
|   LICENSE
|   LICENSE.md
|   README.md
|   sloc.log
|   theme.toml
|   tree.log
|   
+---archetypes
|       default.md
|       
+---images
|       screenshot.png
|       tn.png
|       
+---layouts
|   |   index.html
|   |   
|   +---partials
|   |       aside.html
|   |       footer.html
|   |       header.html
|   |       pagination.html
|   |       
|   \---_default
|           list.html
|           single.html
|           
\---static
    |   404.html
    |   crossdomain.xml
    |   humans.txt
    |   robots.txt
    |   
    +---css
    |       main.css
    |       normalize.css
    |       normalize.min.css
    |       
    \---js
        |   main.js
        |   
        \---vendor
                jquery-1.11.2.min.js
                modernizr-2.8.3-respond-1.4.2.min.js
                
