Auflistung der Ordnerpfade fÅr Volume New Volume
Volumeseriennummer : 0061005C AA7E:DD19
D:.
|   .gitignore
|   LICENSE.md
|   README.md
|   sloc.log
|   theme.toml
|   tree.log
|   
+---archetypes
|       default.md
|       
+---exampleSite
|   |   config.toml
|   |   
|   +---content
|   |       .gitkeep
|   |       
|   \---static
|           .gitkeep
|           
+---images
|       screenshot.png
|       tn.png
|       
+---layouts
|   |   404.html
|   |   index.html
|   |   
|   +---partials
|   |       bio.html
|   |       footer.html
|   |       head.html
|   |       intro.html
|   |       links.html
|   |       video.html
|   |       
|   \---_default
|           list.html
|           single.html
|           
\---static
    |   favicon.ico
    |   
    +---assets
    |   +---css
    |   |       split.css
    |   |       
    |   \---sass
    |           00-reset.scss
    |           01-content.scss
    |           split.scss
    |           
    +---images
    |       background.jpg
    |       social.jpg
    |       
    \---videos
            background.mp4
            
