Auflistung der Ordnerpfade fÅr Volume New Volume
Volumeseriennummer : 0061005C AA7E:DD19
D:.
|   CREDITS.html
|   LICENSE.md
|   README.md
|   sample-config.toml
|   sloc.log
|   theme.toml
|   tree.log
|   
+---archetypes
|       default.md
|       
+---exampleSite
|   |   .gitignore
|   |   config.toml
|   |   README.md
|   |   
|   +---content
|   |   |   about.md
|   |   |   
|   |   +---playground
|   |   |       01-playground.md
|   |   |       menus.md
|   |   |       
|   |   \---post
|   |           creating-a-new-theme.md
|   |           goisforlovers.md
|   |           hugoisforlovers.md
|   |           migrate-from-jekyll.md
|   |           
|   \---static
|           .gitkeep
|           
+---images
|       screenshot.png
|       tn.png
|       
+---layouts
|   |   404.html
|   |   index.html
|   |   
|   +---partials
|   |       face.svg
|   |       footer.html
|   |       head.html
|   |       justify.svg
|   |       left.svg
|   |       sidebar.svg
|   |       start-screen.svg
|   |       
|   \---_default
|           list.html
|           single.html
|           
\---static
    +---css
    |       code-style.min.css
    |       default.css
    |       mobile.css
    |       normalize.css
    |       
    +---images
    |   |   logo.png
    |   |   
    |   \---start-screen
    |           picture1.png
    |           picture2.png
    |           picture3.png
    |           
    \---js
            single-text-align.js
            
