Auflistung der Ordnerpfade fÅr Volume New Volume
Volumeseriennummer : 0061005C AA7E:DD19
D:.
|   .babelrc
|   .editorconfig
|   .eslintrc
|   .gitignore
|   .stylelintrc
|   index.js
|   LICENSE.md
|   package-lock.json
|   package.json
|   README.md
|   rollup.config.js
|   sloc.log
|   theme.toml
|   tree.log
|   
+---archetypes
|       post.md
|       
+---exampleSite
|   |   config.toml
|   |   
|   +---content
|   |   |   about.md
|   |   |   links.md
|   |   |   
|   |   +---media
|   |   |   +---links
|   |   |   |       chekun.jpg
|   |   |   |       kandisheng.jpg
|   |   |   |       wangbo.jpg
|   |   |   |       yuanxuxu.jpg
|   |   |   |       
|   |   |   \---posts
|   |   |       \---hugo-nuo-post-preview
|   |   |               01.jpg
|   |   |               videojs.mp4
|   |   |               videojs.ogv
|   |   |               videojs.webm
|   |   |               
|   |   \---post
|   |           creating-a-new-theme.md
|   |           goisforlovers.md
|   |           hugo-nuo-post-preview.md
|   |           hugoisforlovers.md
|   |           migrate-from-jekyll.md
|   |           
|   \---data
|           links.yml
|           
+---images
|       screenshot.png
|       tn.png
|       
+---layouts
|   |   404.html
|   |   index.html
|   |   robots.txt
|   |   
|   +---partials
|   |       footer.html
|   |       head.html
|   |       header.html
|   |       polyfill.html
|   |       
|   +---post
|   |       single.html
|   |       summary.html
|   |       
|   +---shortcodes
|   |       asciinema.html
|   |       codepen.html
|   |       jsfiddle.html
|   |       music.html
|   |       shengxiang.html
|   |       video.html
|   |       
|   \---_default
|           about.html
|           baseof.html
|           links.html
|           list.html
|           terms.html
|           
+---src
|   +---fonts
|   |       iconfont.eot
|   |       iconfont.svg
|   |       iconfont.ttf
|   |       iconfont.woff
|   |       iconfont.woff2
|   |       lobster.eot
|   |       lobster.svg
|   |       lobster.ttf
|   |       lobster.woff
|   |       lobster.woff2
|   |       
|   +---images
|   |       avatar.jpg
|   |       cover.jpg
|   |       favicon-16x16.png
|   |       favicon-32x32.png
|   |       favicon.ico
|   |       grey-prism.svg
|   |       poster.jpg
|   |       qrcode.jpg
|   |       safari-pinned-tab.svg
|   |       tile-image-windows.png
|   |       touch-icon-android.png
|   |       touch-icon-apple.png
|   |       
|   +---scripts
|   |       .gitignore
|   |       
|   \---styles
|       |   main.scss
|       |   
|       \---partials
|               content.scss
|               header.scss
|               icons.scss
|               links.scss
|               misc.scss
|               paginator.scss
|               post.scss
|               reset.scss
|               shortcodes.scss
|               skeleton.scss
|               summary.scss
|               syntax.scss
|               table.scss
|               terms.scss
|               variables.scss
|               
\---static
    +---css
    |       bundle.css
    |       bundle.css.map
    |       
    +---fonts
    |       iconfont.eot
    |       iconfont.svg
    |       iconfont.ttf
    |       iconfont.woff
    |       iconfont.woff2
    |       lobster.eot
    |       lobster.svg
    |       lobster.ttf
    |       lobster.woff
    |       lobster.woff2
    |       
    +---img
    |       avatar.jpg
    |       cover.jpg
    |       favicon-16x16.png
    |       favicon-32x32.png
    |       favicon.ico
    |       grey-prism.svg
    |       poster.jpg
    |       qrcode.jpg
    |       safari-pinned-tab.svg
    |       tile-image-windows.png
    |       touch-icon-android.png
    |       touch-icon-apple.png
    |       
    \---js
            bundle.js
            bundle.js.map
            
