Auflistung der Ordnerpfade fÅr Volume New Volume
Volumeseriennummer : 0061005C AA7E:DD19
D:.
|   LICENSE.md
|   README.md
|   sloc.log
|   theme.toml
|   tree.log
|   
+---archetypes
|       default.md
|       
+---exampleSite
|   |   config.toml
|   |   
|   +---content
|   |   +---page
|   |   |       about.md
|   |   |       
|   |   \---post
|   |           creating-a-new-theme.md
|   |           goisforlovers.md
|   |           hugoisforlovers.md
|   |           migrate-from-jekyll.md
|   |           
|   +---layout
|   |       .gitkeep
|   |       
|   \---static
|           .gitkeep
|           
+---images
|       screenshot.png
|       tn.png
|       
+---layouts
|   |   404.html
|   |   
|   +---partials
|   |       disqus.html
|   |       footer.html
|   |       head.html
|   |       header.html
|   |       json-author.html
|   |       json-single.html
|   |       json-sitename.html
|   |       pagination.html
|   |       share.html
|   |       
|   \---_default
|           baseof.html
|           li.html
|           list.html
|           single.html
|           taxonomy.html
|           terms.html
|           
\---static
    +---css
    |       style.css
    |       
    \---js
            script.js
            
