Auflistung der Ordnerpfade fÅr Volume New Volume
Volumeseriennummer : 0061005C AA7E:DD19
D:.
|   .gitignore
|   LICENSE.md
|   README.md
|   sloc.log
|   theme.toml
|   tree.log
|   
+---archetypes
|       default.md
|       single.md
|       
+---examplesite
|   |   config.toml
|   |   
|   +---content
|   |       about.md
|   |       contact.md
|   |       services.md
|   |       
|   \---static
|           .gitkeep
|           
+---images
|       screenshot.png
|       tn.png
|       
+---layouts
|   |   404.html
|   |   index.html
|   |   
|   +---partials
|   |       footer.html
|   |       hero.html
|   |       main.html
|   |       nav.html
|   |       
|   \---_default
|           list.html
|           single-para.html
|           single.html
|           
\---static
    +---css
    |       foundation.css
    |       styles.css
    |       
    +---img
    |       swirl_pattern.png
    |       
    \---js
            app.js
            foundation.js
            jquery.js
            what-input.js
            
