Auflistung der Ordnerpfade fÅr Volume New Volume
Volumeseriennummer : 0061005C AA7E:DD19
D:.
|   .gitignore
|   LICENSE.md
|   README.md
|   sloc.log
|   theme.toml
|   tree.log
|   
+---archetypes
|       blog.md
|       default.md
|       work.md
|       
+---exampleSite
|   |   config.toml
|   |   
|   +---content
|   |   +---about
|   |   |       license.md
|   |   |       _index.md
|   |   |       
|   |   +---blog
|   |   |       goisforlovers.md
|   |   |       hugoisforlovers.md
|   |   |       _index.md
|   |   |       
|   |   \---work
|   |           manis-hugo-theme.md
|   |           _index.md
|   |           
|   +---layouts
|   |       .gitkeep
|   |       
|   \---static
|           .gitignore
|           
+---i18n
|       en.toml
|       in.toml
|       
+---images
|       blue-red.png
|       mockup.jpg
|       screenshot.png
|       tn.png
|       
+---layouts
|   |   404.html
|   |   index.html
|   |   
|   +---partials
|   |       disqus.html
|   |       footer.html
|   |       header.html
|   |       li.html
|   |       meta.html
|   |       metadesc.html
|   |       metatitle.html
|   |       navbar.html
|   |       paginator.html
|   |       social.html
|   |       style.html
|   |       title.html
|   |       
|   \---_default
|           list.html
|           single.html
|           terms.html
|           
\---static
    +---css
    |       normalize.css
    |       ui.css
    |       ui.min.css
    |       
    \---img
            email.svg
            feed.svg
            github.svg
            next.svg
            prev.svg
            toup.svg
            twitter.svg
            
