Auflistung der Ordnerpfade fÅr Volume New Volume
Volumeseriennummer : 0061005C AA7E:DD19
D:.
|   LICENSE.md
|   README.md
|   sample_config.toml
|   sloc.log
|   theme.toml
|   tree.log
|   
+---archetypes
|       .githold
|       
+---images
|       screenshot-dark.png
|       screenshot.png
|       tn.png
|       
+---layouts
|   |   index.html
|   |   
|   +---contact
|   |       single.html
|   |       
|   +---partials
|   |       footer.html
|   |       header.html
|   |       
|   +---post
|   |       single.html
|   |       
|   \---_default
|           single.html
|           taxonomy.html
|           terms.html
|           
\---static
    +---css
    |       custom.css
    |       skeleton.css
    |       
    \---img
            City-Under-Heat.jpg
            kultivating.jpg
            New-Tech-Earth.jpg
            toprow2.png
            
