Auflistung der Ordnerpfade fÅr Volume New Volume
Volumeseriennummer : 0061005C AA7E:DD19
D:.
|   .gitignore
|   gulpfile.js
|   LICENSE.md
|   package.json
|   README.md
|   sloc.log
|   theme.toml
|   tree.log
|   
+---archetypes
|       default.md
|       
+---assets
|   +---css
|   |       blog.css
|   |       syntax-highlighter.css
|   |       
|   \---js
|           jquery.min.js
|           jquery.prettysocial.min.js
|           rainbow-custom.min.js
|           scripts.js
|           
+---images
|       screenshot.png
|       tn.png
|       
+---layouts
|   |   index.html
|   |   
|   +---partials
|   |       analytics.html
|   |       footer.html
|   |       header.html
|   |       pagination.html
|   |       sidebar.html
|   |       
|   +---shortcodes
|   |       img-responsive.html
|   |       
|   \---_default
|           list.html
|           single.html
|           
\---static
    +---css
    |       all.min.css
    |       
    \---js
            all.min.js
            
