Auflistung der Ordnerpfade fÅr Volume New Volume
Volumeseriennummer : 0061005C AA7E:DD19
D:.
|   .gitattributes
|   .gitignore
|   LICENSE.md
|   README.md
|   sloc.log
|   theme.toml
|   tree.log
|   
+---archetypes
|       default.md
|       
+---exampleSite
|   |   config.toml
|   |   netlify.toml
|   |   
|   +---archetypes
|   |       default.md
|   |       
|   +---content
|   |   \---blogs
|   |           blog1.md
|   |           blog2.md
|   |           blog3.md
|   |           blog4.md
|   |           _index.md
|   |           
|   \---static
|       \---img
|           \---blogs
|                   pic07.jpg
|                   pic08.jpg
|                   pic09.jpg
|                   pic10.jpg
|                   
+---images
|       screenshot.png
|       tn.png
|       
+---layouts
|   |   404.html
|   |   index.html
|   |   
|   +---partials
|   |       banner.html
|   |       contact.html
|   |       disqus.html
|   |       footer.html
|   |       header.html
|   |       js.html
|   |       nav.html
|   |       tile.html
|   |       two.html
|   |       
|   \---_default
|           list.html
|           single.html
|           
\---static
    |   elements.html
    |   
    +---css
    |       font-awesome.min.css
    |       ie8.css
    |       ie9.css
    |       main.css
    |       
    +---fonts
    |       fontawesome-webfont.eot
    |       fontawesome-webfont.svg
    |       fontawesome-webfont.ttf
    |       fontawesome-webfont.woff
    |       fontawesome-webfont.woff2
    |       FontAwesome.otf
    |       
    +---img
    |       banner.jpg
    |       pic01.jpg
    |       pic02.jpg
    |       pic03.jpg
    |       pic04.jpg
    |       pic05.jpg
    |       pic06.jpg
    |       
    +---js
    |   |   jquery.min.js
    |   |   jquery.scrollex.min.js
    |   |   jquery.scrolly.min.js
    |   |   main.js
    |   |   skel.min.js
    |   |   util.js
    |   |   
    |   \---ie
    |           backgroundsize.min.htc
    |           html5shiv.js
    |           respond.min.js
    |           
    \---sass
        |   ie8.scss
        |   ie9.scss
        |   main.scss
        |   
        +---base
        |       _page.scss
        |       _typography.scss
        |       
        +---components
        |       _box.scss
        |       _button.scss
        |       _contact-method.scss
        |       _form.scss
        |       _icon.scss
        |       _image.scss
        |       _list.scss
        |       _section.scss
        |       _spotlights.scss
        |       _table.scss
        |       _tiles.scss
        |       
        +---layout
        |       _banner.scss
        |       _contact.scss
        |       _footer.scss
        |       _header.scss
        |       _main.scss
        |       _menu.scss
        |       _wrapper.scss
        |       
        \---libs
                _functions.scss
                _mixins.scss
                _skel.scss
                _vars.scss
                
