Auflistung der Ordnerpfade fÅr Volume New Volume
Volumeseriennummer : 0061005C AA7E:DD19
D:.
|   .gitignore
|   CHANGELOG
|   LICENSE.md
|   README.md
|   README_zh-cn.md
|   sloc.log
|   theme.toml
|   tree.log
|   
+---archetypes
|       default.md
|       
+---exampleSite
|   |   config.toml
|   |   
|   +---content
|   |   +---about
|   |   |       _index.md
|   |   |       
|   |   \---posts
|   |           creating-a-new-theme.md
|   |           goisforlovers.md
|   |           hugoisforlovers.md
|   |           migrate-from-jekyll.md
|   |           
|   +---layouts
|   |       .gitkeep
|   |       
|   \---static
|           .gitkeep
|           
+---images
|       archive.png
|       screenshot.png
|       tags.png
|       tn.png
|       
+---layouts
|   |   404.html
|   |   index.html
|   |   
|   +---partials
|   |       disqus.html
|   |       footer.html
|   |       head.html
|   |       js.html
|   |       latest-posts.html
|   |       nav.html
|   |       pagination.html
|   |       post-list.html
|   |       profile.html
|   |       share.html
|   |       social.html
|   |       twitter-cards.html
|   |       
|   +---section
|   |       about.html
|   |       
|   \---_default
|           list.html
|           single.html
|           terms.html
|           
\---static
    +---css
    |       font-awesome.min.css
    |       highlight.css
    |       monosocialiconsfont.css
    |       style.css
    |       
    +---fonts
    |       fontawesome-webfont.eot
    |       fontawesome-webfont.svg
    |       fontawesome-webfont.ttf
    |       fontawesome-webfont.woff
    |       fontawesome-webfont.woff2
    |       FontAwesome.otf
    |       icons.svg
    |       icons.ttf
    |       icons.woff
    |       MonoSocialIconsFont-1.10.eot
    |       MonoSocialIconsFont-1.10.otf
    |       MonoSocialIconsFont-1.10.svg
    |       MonoSocialIconsFont-1.10.ttf
    |       MonoSocialIconsFont-1.10.woff
    |       
    +---images
    |       avatar.png
    |       avatar@2x.png
    |       favicon.ico
    |       
    \---js
            highlight.min.js
            jquery-3.3.1.min.js
            jquery.tagcloud.js
            main.js
            
