Auflistung der Ordnerpfade fÅr Volume New Volume
Volumeseriennummer : 0061005C AA7E:DD19
D:.
|   .gitignore
|   LICENSE.md
|   README.md
|   sloc.log
|   theme.toml
|   tree.log
|   
+---archetypes
|       default.md
|       
+---exampleSite
|   |   config.toml
|   |   
|   +---content
|   |   |   _index.md
|   |   |   
|   |   \---post
|   |           2012-01-23-juicy-code.md
|   |           2012-04-23-hacker-with-horn.md
|   |           2015-07-23-command-line-awesomeness.md
|   |           2016-02-14-markdown-guide.md
|   |           
|   \---static
|       \---css
|               theme-override.css
|               
+---images
|       partywizard.gif
|       screenshot.png
|       tn.png
|       
+---layouts
|   |   404.html
|   |   
|   +---partials
|   |       footer.html
|   |       foot_custom.html
|   |       header.html
|   |       head_custom.html
|   |       
|   \---_default
|           list.html
|           single.html
|           terms.html
|           
\---static
    \---css
            fonts.css
            style.css
            
