Auflistung der Ordnerpfade fÅr Volume New Volume
Volumeseriennummer : 0061005C AA7E:DD19
D:.
|   .gitignore
|   LICENSE
|   LICENSE.md
|   README.md
|   sloc.log
|   theme.toml
|   tree.log
|   
+---archetypes
|       default.md
|       
+---images
|       screenshot.png
|       tn.png
|       
+---layouts
|   |   404.html
|   |   index.html
|   |   
|   +---partials
|   |   |   addthis.html
|   |   |   categories.html
|   |   |   nav.html
|   |   |   
|   |   \---post
|   |       \---tag
|   |               link.html
|   |               list.html
|   |               
|   \---_default
|           baseof.html
|           list.html
|           nav.html
|           single.html
|           
\---static
    +---css
    |       bootstrap-theme.min.css
    |       bootstrap-toc.min.css
    |       bootstrap.min.css
    |       responsive-nav.css
    |       style.css
    |       
    +---fonts
    |       glyphicons-halflings-regular.eot
    |       glyphicons-halflings-regular.svg
    |       glyphicons-halflings-regular.ttf
    |       glyphicons-halflings-regular.woff
    |       
    +---images
    |       github-logo-icon-2.png
    |       rss-feed-logo-symbol-icon-10.png
    |       
    \---js
            bootstrap-toc.min.js
            bootstrap.min.js
            holder.min.js
            jquery.min.js
            
