Auflistung der Ordnerpfade fÅr Volume New Volume
Volumeseriennummer : 0061005C AA7E:DD19
D:.
|   LICENSE.md
|   README.md
|   sloc.log
|   theme.toml
|   tree.log
|   
+---archetypes
|       post.md
|       
+---images
|       screenshot.png
|       tn.png
|       
+---layouts
|   |   404.html
|   |   index.html
|   |   
|   +---about
|   |       single.html
|   |       
|   +---contact
|   |       single.html
|   |       
|   +---partials
|   |       categories.html
|   |       comments.html
|   |       footer.html
|   |       header.html
|   |       meta.html
|   |       navbar.html
|   |       tags.html
|   |       
|   +---post
|   |       archive.html
|   |       single.html
|   |       summary.html
|   |       
|   \---_default
|           archive.html
|           list.html
|           single.html
|           terms.html
|           
\---static
    +---css
    |       bootstrap.min.css
    |       clean-blog.min.css
    |       
    +---fonts
    |       glyphicons-halflings-regular.eot
    |       glyphicons-halflings-regular.svg
    |       glyphicons-halflings-regular.ttf
    |       glyphicons-halflings-regular.woff
    |       glyphicons-halflings-regular.woff2
    |       
    +---img
    |       about-bg.jpg
    |       contact-bg.jpg
    |       home-bg.jpg
    |       post-bg.jpg
    |       post-sample-image.jpg
    |       
    \---js
            bootstrap.min.js
            clean-blog.js
            jquery.min.js
            
