Auflistung der Ordnerpfade fÅr Volume New Volume
Volumeseriennummer : 0061005C AA7E:DD19
D:.
|   CHANGELOG.md
|   LICENSE.md
|   README.md
|   sloc.log
|   theme.toml
|   tree.log
|   
+---archetypes
|       default.md
|       
+---exampleSite
|   |   .gitignore
|   |   config.toml
|   |   
|   +---content
|   |   |   about.md
|   |   |   
|   |   \---posts
|   |           creating-a-new-theme.md
|   |           goisforlovers.md
|   |           hugoisforlovers.md
|   |           migrate-from-jekyll.md
|   |           
|   +---layouts
|   |       .gitkeep
|   |       
|   \---static
|           .gitignore
|           
+---images
|       main.png
|       posts.png
|       screenshot.png
|       tn.png
|       
+---layouts
|   |   404.html
|   |   index.html
|   |   
|   +---partials
|   |       code_header.html
|   |       header.html
|   |       list_content.html
|   |       post_content.html
|   |       post_disqus.html
|   |       post_footer.html
|   |       sidebar.html
|   |       sidebar_menu.html
|   |       sidebar_social.html
|   |       
|   \---_default
|           baseof.html
|           list.html
|           single.html
|           
\---static
    |   apple-touch-icon-144-precomposed.png
    |   favicon.png
    |   
    +---css
    |       custom.css
    |       hyde.css
    |       poole.css
    |       print.css
    |       syntax.css
    |       
    \---img
            hugo.png
            
