Auflistung der Ordnerpfade fÅr Volume New Volume
Volumeseriennummer : 0061005C AA7E:DD19
D:.
|   .gitignore
|   .travis.yml
|   bower.json
|   CHANGELOG.md
|   CODE_OF_CONDUCT.md
|   config.codekit3
|   contributing.json
|   CONTRIBUTING.md
|   LICENSE
|   netlify.toml
|   README.md
|   REFERENCE.md
|   sloc.log
|   theme.toml
|   tree.log
|   
+---.github
|       ISSUE_TEMPLATE
|       
+---archetypes
|       about.md
|       default.md
|       episode.md
|       guest.md
|       host.md
|       
+---bin
|       netlify-production.sh
|       netlify.sh
|       
+---exampleSite
|   |   .gitignore
|   |   config.toml
|   |   
|   +---content
|   |   |   books.md
|   |   |   contact.md
|   |   |   
|   |   +---about
|   |   |       about.md
|   |   |       
|   |   +---episode
|   |   |       april.md
|   |   |       aug.md
|   |   |       dec.md
|   |   |       feb.md
|   |   |       jan.md
|   |   |       july.md
|   |   |       june.md
|   |   |       march.md
|   |   |       may.md
|   |   |       nov.md
|   |   |       oct.md
|   |   |       sept.md
|   |   |       
|   |   +---guest
|   |   |       ajohnston.md
|   |   |       cadams.md
|   |   |       ccooper.md
|   |   |       chamilton.md
|   |   |       chernandez.md
|   |   |       jlong.md
|   |   |       jsmith.md
|   |   |       jsmith2.md
|   |   |       jsmith3.md
|   |   |       kdixon.md
|   |   |       kgrant.md
|   |   |       mstratton.md
|   |   |       rcastillo.md
|   |   |       rshaw.md
|   |   |       rtaylor.md
|   |   |       scox.md
|   |   |       smorgan.md
|   |   |       sparker.md
|   |   |       _index.md
|   |   |       
|   |   \---host
|   |           bkromhout.md
|   |           mstratton.md
|   |           thess.md
|   |           _index.md
|   |           
|   +---data
|   |   +---guests
|   |   |       gbluth.yml
|   |   |       jdoe.yml
|   |   |       msmith.yml
|   |   |       
|   |   \---sponsors
|   |           bluthcompany.yml
|   |           
|   \---static
|       |   .gitkeep
|       |   
|       \---img
|           +---episode
|           |       april.jpg
|           |       aug.jpg
|           |       dec.jpg
|           |       default-banner.jpg
|           |       default-social.jpg
|           |       feb.jpg
|           |       jan.jpg
|           |       july.jpg
|           |       june.jpg
|           |       march.jpg
|           |       may.jpg
|           |       nov.jpg
|           |       oct.jpg
|           |       sept.jpg
|           |       
|           +---guest
|           |       ajohnston.jpg
|           |       cadams.jpg
|           |       ccooper.jpg
|           |       chamilton.jpg
|           |       chernandez.jpg
|           |       jdoe.jpg
|           |       jlong.jpg
|           |       jsmith.jpg
|           |       kdixon.jpg
|           |       kgrant.jpg
|           |       mstratton.jpg
|           |       rcastillo.jpg
|           |       rshaw.jpg
|           |       rtaylor.jpg
|           |       scox.jpg
|           |       smorgan.jpg
|           |       sparker.jpg
|           |       
|           +---host
|           |       matt.png
|           |       
|           \---sponsors
|                   bluthcompany.jpg
|                   
+---images
|       screenshot-v01.png
|       screenshot.png
|       tn.png
|       
+---layouts
|   |   404.html
|   |   index.html
|   |   
|   +---about
|   |       single.html
|   |       
|   +---episode
|   |       single.html
|   |       
|   +---guest
|   |       list.html
|   |       single.html
|   |       
|   +---host
|   |       list.html
|   |       single.html
|   |       
|   +---partials
|   |   |   disqus.html
|   |   |   footer.html
|   |   |   footer_scripts.html
|   |   |   google-analytics.html
|   |   |   grid.html
|   |   |   head.html
|   |   |   header.html
|   |   |   head_includes.html
|   |   |   hosts.html
|   |   |   jumbotron.html
|   |   |   meta.html
|   |   |   row.html
|   |   |   sidebar.html
|   |   |   
|   |   \---head
|   |       |   seo.html
|   |       |   
|   |       \---seo
|   |               google_news.html
|   |               open_graph.html
|   |               schema.html
|   |               twitter_cards.html
|   |               
|   +---section
|   |       episode.rss.xml
|   |       
|   \---_default
|           baseof.html
|           list.html
|           single.html
|           
+---static
|   |   player-graphics@2x.gif
|   |   
|   +---css
|   |       blue.css
|   |       blue.css.map
|   |       bootstrap.css
|   |       bootstrap3_player.css
|   |       font-awesome.min.css
|   |       grey.css
|   |       jssocials-theme-plain.css
|   |       jssocials.css
|   |       orange.css
|   |       orange.css.map
|   |       site.css
|   |       site.css.map
|   |       theme.css
|   |       
|   +---fonts
|   |       fontawesome-webfont.eot
|   |       fontawesome-webfont.svg
|   |       fontawesome-webfont.ttf
|   |       fontawesome-webfont.woff
|   |       fontawesome-webfont.woff2
|   |       FontAwesome.otf
|   |       FontAwesome0.otf
|   |       
|   +---img
|   |   |   player-graphics.gif
|   |   |   player-graphics@2x.gif
|   |   |   
|   |   +---episode
|   |   |       default-social.jpg
|   |   |       default.jpg
|   |   |       
|   |   \---guest
|   |           default-guest.png
|   |           
|   +---js
|   |       castanet-min.js
|   |       castanet-min.js.map
|   |       castanet.js
|   |       player-graphics.gif
|   |       player-graphics@2x.gif
|   |       
|   +---scss
|   |       blue.scss
|   |       blue_variables.scss
|   |       bootstrap3_player.css
|   |       custom.scss
|   |       grey.scss
|   |       grey_variables.scss
|   |       orange.scss
|   |       orange_variables.scss
|   |       site.scss
|   |       
|   \---swf
|           audiojs.swf
|           
+---test
|       blue-grid-config.toml
|       blue-row-jumbo-false-config.toml
|       blue-row-jumbo-true-config.toml
|       blue-row-no-jumbo-config.toml
|       config.toml
|       grey-grid-config.toml
|       grey-row-config.toml
|       grey-row-jumbo-config.toml
|       orange-grid-config.toml
|       orange-row-config.toml
|       orange-row-jumbo-config.toml
|       
\---utils
        release-theme.sh
        
