Auflistung der Ordnerpfade fÅr Volume New Volume
Volumeseriennummer : 0061005C AA7E:DD19
D:.
|   CHANGELOG.md
|   LICENSE
|   README.md
|   sloc.log
|   theme.toml
|   tree.log
|   
+---archetypes
|       default.md
|       
+---exampleSite
|   |   .gitignore
|   |   config.toml
|   |   
|   +---content
|   |       .gitkeep
|   |       
|   +---data
|   |   \---projects
|   |           2014-07-05-project-1.yaml
|   |           2014-07-06-project-2.yaml
|   |           2014-07-07-project-3.yaml
|   |           2014-07-08-project-4.yaml
|   |           2014-07-09-project-5.yaml
|   |           2014-07-10-project-6.yaml
|   |           
|   \---static
|           .gitkeep
|           
+---images
|       screenshot.png
|       tn.png
|       
+---layouts
|   |   404.html
|   |   index.html
|   |   
|   \---partials
|       |   about.html
|       |   clients.html
|       |   contact.html
|       |   footer.html
|       |   head.html
|       |   hero.html
|       |   js.html
|       |   modals.html
|       |   nav.html
|       |   portfolio.html
|       |   services.html
|       |   team.html
|       |   
|       \---_analytics
|               piwik.html
|               
\---static
    |   favicon.ico
    |   
    +---css
    |   |   agency.css
    |   |   
    |   +---bootstrap-v3.3.7
    |   |       bootstrap.css
    |   |       bootstrap.min.css
    |   |       
    |   \---jquery.form-validator-v2.3.44
    |           theme-default.css
    |           theme-default.min.css
    |           
    +---font-awesome-v4.7.0
    |   +---css
    |   |       font-awesome.css
    |   |       font-awesome.min.css
    |   |       
    |   \---fonts
    |           fontawesome-webfont.eot
    |           fontawesome-webfont.svg
    |           fontawesome-webfont.ttf
    |           fontawesome-webfont.woff
    |           fontawesome-webfont.woff2
    |           FontAwesome.otf
    |           
    +---fonts
    |   \---bootstrap-v3.3.7
    |           glyphicons-halflings-regular.eot
    |           glyphicons-halflings-regular.svg
    |           glyphicons-halflings-regular.ttf
    |           glyphicons-halflings-regular.woff
    |           glyphicons-halflings-regular.woff2
    |           
    +---img
    |   |   header-bg.jpg
    |   |   map-image.png
    |   |   
    |   +---404
    |   |       404.jpg
    |   |       
    |   +---about
    |   |       1.jpg
    |   |       2.jpg
    |   |       3.jpg
    |   |       4.jpg
    |   |       
    |   +---logos
    |   |       aetuts.jpg
    |   |       creative-market.jpg
    |   |       designmodo.jpg
    |   |       envato.jpg
    |   |       microlancer.jpg
    |   |       themeforest.jpg
    |   |       wordpress.jpg
    |   |       
    |   +---portfolio
    |   |       dreams-preview.png
    |   |       dreams.png
    |   |       escape-preview.png
    |   |       escape.png
    |   |       golden-preview.png
    |   |       golden.png
    |   |       roundicons-preview.png
    |   |       roundicons.png
    |   |       startup-framework-preview.png
    |   |       startup-framework.png
    |   |       treehouse-preview.png
    |   |       treehouse.png
    |   |       
    |   \---team
    |           1.jpg
    |           2.jpg
    |           3.jpg
    |           
    \---js
        |   agency.js
        |   
        +---bootstrap-v3.3.7
        |       bootstrap.js
        |       bootstrap.min.js
        |       
        +---jquery-v3.3.1
        |       jquery.js
        |       jquery.min.js
        |       
        \---jquery.form-validator-v2.3.44
                html5.js
                jquery.form-validator.js
                jquery.form-validator.min.js
                security.js
                toggleDisabled.js
                
