Auflistung der Ordnerpfade fÅr Volume New Volume
Volumeseriennummer : 0061005C AA7E:DD19
D:.
|   LICENSE.md
|   README.md
|   sloc.log
|   theme.toml
|   tree.log
|   
+---archetypes
|       default.md
|       
+---exampleSite
|   |   config.toml
|   |   
|   +---content
|   |   |   examplesiteabout.md
|   |   |   indexintro.md
|   |   |   
|   |   \---post
|   |           1_Minimalisme.md
|   |           2_EauDansLeDÇsert.md
|   |           3_CrÇpuscule.md
|   |           Dependencies.md
|   |           Screenshot.md
|   |           Setup.md
|   |           
|   \---static
|       \---images
|               ExampleSiteScreenshot.png
|               
+---images
|       screenshot.png
|       tn.png
|       
+---layouts
|   |   404.html
|   |   index.html
|   |   
|   +---partials
|   |       footer.html
|   |       head.html
|   |       header.html
|   |       head_includes.html
|   |       indexfooter.html
|   |       meta.html
|   |       
|   +---shortcodes
|   |       colortextclass.html
|   |       
|   \---_default
|           list.html
|           postsummary.html
|           single.html
|           
\---static
    |   GNUTerryPratchett.gif
    |   
    \---css
            main.css
            normalize.css
            
