Auflistung der Ordnerpfade fÅr Volume New Volume
Volumeseriennummer : 0061005C AA7E:DD19
D:.
|   LICENSE
|   README.md
|   sloc.log
|   theme.toml
|   tree.log
|   
+---archetypes
|       default.md
|       
+---exampleSite
|   |   config.toml
|   |   
|   \---content
|       |   about.md
|       |   
|       \---posts
|               hugoisforlovers.md
|               
+---images
|       mobile.png
|       screenshot.png
|       tn.png
|       
+---layouts
|   |   index.html
|   |   single.html
|   |   
|   +---partials
|   |   |   custom_head.html
|   |   |   footer.html
|   |   |   header.html
|   |   |   navbar.html
|   |   |   
|   |   \---css
|   |           base-min.css
|   |           custom.css
|   |           default.min.css
|   |           docco.min.css
|   |           grids-min.css
|   |           grids-responsive-min.css
|   |           grids-responsive-old-ie-min.css
|   |           menus-min.css
|   |           
|   \---_default
|           list.html
|           single.html
|           terms.html
|           
\---static
    +---css
    |       fonts.css
    |       
    \---highlight
            highlight.min.js
            
