Auflistung der Ordnerpfade fÅr Volume New Volume
Volumeseriennummer : 0061005C AA7E:DD19
D:.
|   LICENSE.md
|   README.md
|   sloc.log
|   theme.toml
|   tree.log
|   
+---archetypes
|       default.md
|       
+---exampleSite
|   |   config.toml
|   |   
|   +---content
|   |   \---post
|   |           creating-a-new-theme.md
|   |           goisforlovers.md
|   |           hugoisforlovers.md
|   |           migrate-from-jekyll.md
|   |           
|   \---static
|       \---img
|               logo.png
|               
+---images
|       screenshot.png
|       tn.png
|       
+---layouts
|   |   404.html
|   |   index.html
|   |   
|   +---onepage
|   |       onepage.html
|   |       single.html
|   |       
|   +---partials
|   |       footer.html
|   |       head.html
|   |       header.html
|   |       js.html
|   |       post-list.html
|   |       
|   +---post
|   |       single.html
|   |       
|   \---_default
|           list.html
|           single.html
|           
\---static
    +---css
    |       sp-minimal-simple.css
    |       sp-minimal.css
    |       styles.css
    |       
    \---js
            scale.fix.js
            
